{"/app/workspace/neon-necropolis/src/main.ts": {"path":"/app/workspace/neon-necropolis/src/main.ts","statementMap":{"0":{"start":{"line":5,"column":0},"end":{"line":5,"column":41}},"1":{"start":{"line":6,"column":0},"end":{"line":6,"column":39}},"2":{"start":{"line":7,"column":0},"end":{"line":7,"column":41}},"3":{"start":{"line":8,"column":0},"end":{"line":8,"column":35}},"4":{"start":{"line":9,"column":0},"end":{"line":9,"column":31}},"5":{"start":{"line":10,"column":0},"end":{"line":10,"column":43}},"6":{"start":{"line":11,"column":0},"end":{"line":11,"column":45}},"7":{"start":{"line":14,"column":21},"end":{"line":14,"column":25}},"8":{"start":{"line":15,"column":22},"end":{"line":15,"column":25}},"9":{"start":{"line":16,"column":20},"end":{"line":16,"column":24}},"10":{"start":{"line":17,"column":21},"end":{"line":17,"column":24}},"11":{"start":{"line":20,"column":15},"end":{"line":20,"column":73}},"12":{"start":{"line":21,"column":0},"end":{"line":23,"column":1}},"13":{"start":{"line":22,"column":4},"end":{"line":22,"column":49}},"14":{"start":{"line":25,"column":0},"end":{"line":25,"column":28}},"15":{"start":{"line":26,"column":0},"end":{"line":26,"column":30}},"16":{"start":{"line":28,"column":12},"end":{"line":28,"column":36}},"17":{"start":{"line":29,"column":0},"end":{"line":31,"column":1}},"18":{"start":{"line":30,"column":4},"end":{"line":30,"column":49}},"19":{"start":{"line":34,"column":14},"end":{"line":34,"column":25}},"20":{"start":{"line":35,"column":15},"end":{"line":42,"column":2}},"21":{"start":{"line":45,"column":13},"end":{"line":45,"column":48}},"22":{"start":{"line":48,"column":12},"end":{"line":48,"column":27}},"23":{"start":{"line":49,"column":18},"end":{"line":49,"column":39}},"24":{"start":{"line":50,"column":19},"end":{"line":50,"column":41}},"25":{"start":{"line":53,"column":15},"end":{"line":55,"column":null}},"26":{"start":{"line":54,"column":27},"end":{"line":54,"column":44}},"27":{"start":{"line":55,"column":10},"end":{"line":55,"column":18}},"28":{"start":{"line":63,"column":4},"end":{"line":68,"column":5}},"29":{"start":{"line":64,"column":8},"end":{"line":66,"column":9}},"30":{"start":{"line":65,"column":12},"end":{"line":65,"column":25}},"31":{"start":{"line":67,"column":8},"end":{"line":67,"column":15}},"32":{"start":{"line":71,"column":4},"end":{"line":76,"column":5}},"33":{"start":{"line":72,"column":8},"end":{"line":74,"column":9}},"34":{"start":{"line":73,"column":12},"end":{"line":73,"column":25}},"35":{"start":{"line":75,"column":8},"end":{"line":75,"column":15}},"36":{"start":{"line":79,"column":4},"end":{"line":82,"column":5}},"37":{"start":{"line":81,"column":8},"end":{"line":81,"column":15}},"38":{"start":{"line":85,"column":4},"end":{"line":100,"column":5}},"39":{"start":{"line":86,"column":25},"end":{"line":86,"column":49}},"40":{"start":{"line":87,"column":8},"end":{"line":87,"column":41}},"41":{"start":{"line":90,"column":8},"end":{"line":90,"column":52}},"42":{"start":{"line":91,"column":8},"end":{"line":91,"column":40}},"43":{"start":{"line":94,"column":8},"end":{"line":99,"column":9}},"44":{"start":{"line":96,"column":12},"end":{"line":98,"column":13}},"45":{"start":{"line":97,"column":16},"end":{"line":97,"column":36}},"46":{"start":{"line":103,"column":4},"end":{"line":103,"column":19}},"47":{"start":{"line":111,"column":4},"end":{"line":111,"column":30}},"48":{"start":{"line":112,"column":4},"end":{"line":112,"column":52}},"49":{"start":{"line":115,"column":4},"end":{"line":118,"column":5}},"50":{"start":{"line":116,"column":8},"end":{"line":116,"column":33}},"51":{"start":{"line":117,"column":8},"end":{"line":117,"column":15}},"52":{"start":{"line":121,"column":4},"end":{"line":130,"column":5}},"53":{"start":{"line":122,"column":8},"end":{"line":122,"column":26}},"54":{"start":{"line":123,"column":8},"end":{"line":128,"column":11}},"55":{"start":{"line":129,"column":8},"end":{"line":129,"column":15}},"56":{"start":{"line":133,"column":4},"end":{"line":141,"column":5}},"57":{"start":{"line":134,"column":8},"end":{"line":134,"column":26}},"58":{"start":{"line":135,"column":8},"end":{"line":139,"column":11}},"59":{"start":{"line":140,"column":8},"end":{"line":140,"column":15}},"60":{"start":{"line":144,"column":4},"end":{"line":150,"column":5}},"61":{"start":{"line":145,"column":8},"end":{"line":145,"column":26}},"62":{"start":{"line":146,"column":8},"end":{"line":148,"column":11}},"63":{"start":{"line":147,"column":12},"end":{"line":147,"column":44}},"64":{"start":{"line":149,"column":8},"end":{"line":149,"column":15}},"65":{"start":{"line":153,"column":4},"end":{"line":156,"column":5}},"66":{"start":{"line":154,"column":8},"end":{"line":154,"column":26}},"67":{"start":{"line":155,"column":8},"end":{"line":155,"column":20}},"68":{"start":{"line":163,"column":4},"end":{"line":163,"column":15}},"69":{"start":{"line":166,"column":4},"end":{"line":166,"column":31}},"70":{"start":{"line":169,"column":4},"end":{"line":169,"column":15}},"71":{"start":{"line":172,"column":4},"end":{"line":174,"column":5}},"72":{"start":{"line":173,"column":8},"end":{"line":173,"column":27}},"73":{"start":{"line":177,"column":4},"end":{"line":179,"column":5}},"74":{"start":{"line":178,"column":8},"end":{"line":178,"column":31}},"75":{"start":{"line":182,"column":4},"end":{"line":182,"column":28}},"76":{"start":{"line":185,"column":4},"end":{"line":185,"column":31}},"77":{"start":{"line":187,"column":4},"end":{"line":187,"column":18}},"78":{"start":{"line":194,"column":21},"end":{"line":194,"column":23}},"79":{"start":{"line":195,"column":19},"end":{"line":195,"column":61}},"80":{"start":{"line":196,"column":19},"end":{"line":196,"column":61}},"81":{"start":{"line":197,"column":17},"end":{"line":197,"column":40}},"82":{"start":{"line":198,"column":17},"end":{"line":198,"column":41}},"83":{"start":{"line":200,"column":4},"end":{"line":200,"column":47}},"84":{"start":{"line":201,"column":4},"end":{"line":201,"column":22}},"85":{"start":{"line":204,"column":4},"end":{"line":209,"column":5}},"86":{"start":{"line":204,"column":17},"end":{"line":204,"column":23}},"87":{"start":{"line":205,"column":8},"end":{"line":205,"column":24}},"88":{"start":{"line":206,"column":8},"end":{"line":206,"column":32}},"89":{"start":{"line":207,"column":8},"end":{"line":207,"column":48}},"90":{"start":{"line":208,"column":8},"end":{"line":208,"column":21}},"91":{"start":{"line":212,"column":4},"end":{"line":217,"column":5}},"92":{"start":{"line":212,"column":17},"end":{"line":212,"column":23}},"93":{"start":{"line":213,"column":8},"end":{"line":213,"column":24}},"94":{"start":{"line":214,"column":8},"end":{"line":214,"column":32}},"95":{"start":{"line":215,"column":8},"end":{"line":215,"column":47}},"96":{"start":{"line":216,"column":8},"end":{"line":216,"column":21}},"97":{"start":{"line":224,"column":4},"end":{"line":229,"column":6}},"98":{"start":{"line":233,"column":0},"end":{"line":233,"column":48}},"99":{"start":{"line":234,"column":0},"end":{"line":234,"column":52}},"100":{"start":{"line":235,"column":0},"end":{"line":235,"column":50}},"101":{"start":{"line":236,"column":0},"end":{"line":236,"column":42}},"102":{"start":{"line":238,"column":0},"end":{"line":238,"column":15}},"103":{"start":{"line":241,"column":0},"end":{"line":244,"column":3}},"104":{"start":{"line":247,"column":0},"end":{"line":249,"column":3}},"105":{"start":{"line":248,"column":4},"end":{"line":248,"column":23}},"106":{"start":{"line":252,"column":1},"end":{"line":252,"column":28}},"107":{"start":{"line":253,"column":1},"end":{"line":253,"column":32}},"108":{"start":{"line":254,"column":1},"end":{"line":254,"column":32}},"109":{"start":{"line":256,"column":0},"end":{"line":256,"column":47}}},"fnMap":{"0":{"name":"(anonymous_0)","decl":{"start":{"line":54,"column":4},"end":{"line":54,"column":5}},"loc":{"start":{"line":54,"column":27},"end":{"line":54,"column":44}}},"1":{"name":"(anonymous_1)","decl":{"start":{"line":55,"column":4},"end":{"line":55,"column":7}},"loc":{"start":{"line":55,"column":10},"end":{"line":55,"column":18}}},"2":{"name":"update","decl":{"start":{"line":61,"column":9},"end":{"line":61,"column":15}},"loc":{"start":{"line":61,"column":33},"end":{"line":104,"column":1}}},"3":{"name":"render","decl":{"start":{"line":109,"column":9},"end":{"line":109,"column":15}},"loc":{"start":{"line":109,"column":15},"end":{"line":157,"column":1}}},"4":{"name":"(anonymous_4)","decl":{"start":{"line":146,"column":46},"end":{"line":146,"column":47}},"loc":{"start":{"line":146,"column":64},"end":{"line":148,"column":9}}},"5":{"name":"renderGameWorld","decl":{"start":{"line":162,"column":9},"end":{"line":162,"column":24}},"loc":{"start":{"line":162,"column":24},"end":{"line":188,"column":1}}},"6":{"name":"drawGrid","decl":{"start":{"line":193,"column":9},"end":{"line":193,"column":17}},"loc":{"start":{"line":193,"column":17},"end":{"line":218,"column":1}}},"7":{"name":"renderHUD","decl":{"start":{"line":223,"column":9},"end":{"line":223,"column":18}},"loc":{"start":{"line":223,"column":18},"end":{"line":230,"column":1}}},"8":{"name":"(anonymous_8)","decl":{"start":{"line":241,"column":34},"end":{"line":241,"column":37}},"loc":{"start":{"line":241,"column":39},"end":{"line":244,"column":1}}},"9":{"name":"(anonymous_9)","decl":{"start":{"line":247,"column":39},"end":{"line":247,"column":40}},"loc":{"start":{"line":247,"column":45},"end":{"line":249,"column":1}}}},"branchMap":{"0":{"loc":{"start":{"line":21,"column":0},"end":{"line":23,"column":1}},"type":"if","locations":[{"start":{"line":21,"column":0},"end":{"line":23,"column":1}}]},"1":{"loc":{"start":{"line":29,"column":0},"end":{"line":31,"column":1}},"type":"if","locations":[{"start":{"line":29,"column":0},"end":{"line":31,"column":1}}]},"2":{"loc":{"start":{"line":63,"column":4},"end":{"line":68,"column":5}},"type":"if","locations":[{"start":{"line":63,"column":4},"end":{"line":68,"column":5}}]},"3":{"loc":{"start":{"line":64,"column":8},"end":{"line":66,"column":9}},"type":"if","locations":[{"start":{"line":64,"column":8},"end":{"line":66,"column":9}}]},"4":{"loc":{"start":{"line":71,"column":4},"end":{"line":76,"column":5}},"type":"if","locations":[{"start":{"line":71,"column":4},"end":{"line":76,"column":5}}]},"5":{"loc":{"start":{"line":71,"column":8},"end":{"line":71,"column":61}},"type":"binary-expr","locations":[{"start":{"line":71,"column":8},"end":{"line":71,"column":33}},{"start":{"line":71,"column":37},"end":{"line":71,"column":61}}]},"6":{"loc":{"start":{"line":72,"column":8},"end":{"line":74,"column":9}},"type":"if","locations":[{"start":{"line":72,"column":8},"end":{"line":74,"column":9}}]},"7":{"loc":{"start":{"line":79,"column":4},"end":{"line":82,"column":5}},"type":"if","locations":[{"start":{"line":79,"column":4},"end":{"line":82,"column":5}}]},"8":{"loc":{"start":{"line":85,"column":4},"end":{"line":100,"column":5}},"type":"if","locations":[{"start":{"line":85,"column":4},"end":{"line":100,"column":5}}]},"9":{"loc":{"start":{"line":94,"column":8},"end":{"line":99,"column":9}},"type":"if","locations":[{"start":{"line":94,"column":8},"end":{"line":99,"column":9}}]},"10":{"loc":{"start":{"line":96,"column":12},"end":{"line":98,"column":13}},"type":"if","locations":[{"start":{"line":96,"column":12},"end":{"line":98,"column":13}}]},"11":{"loc":{"start":{"line":115,"column":4},"end":{"line":118,"column":5}},"type":"if","locations":[{"start":{"line":115,"column":4},"end":{"line":118,"column":5}}]},"12":{"loc":{"start":{"line":121,"column":4},"end":{"line":130,"column":5}},"type":"if","locations":[{"start":{"line":121,"column":4},"end":{"line":130,"column":5}}]},"13":{"loc":{"start":{"line":133,"column":4},"end":{"line":141,"column":5}},"type":"if","locations":[{"start":{"line":133,"column":4},"end":{"line":141,"column":5}}]},"14":{"loc":{"start":{"line":144,"column":4},"end":{"line":150,"column":5}},"type":"if","locations":[{"start":{"line":144,"column":4},"end":{"line":150,"column":5}}]},"15":{"loc":{"start":{"line":153,"column":4},"end":{"line":156,"column":5}},"type":"if","locations":[{"start":{"line":153,"column":4},"end":{"line":156,"column":5}}]}},"s":{"0":0,"1":0,"2":0,"3":0,"4":0,"5":0,"6":0,"7":0,"8":0,"9":0,"10":0,"11":0,"12":0,"13":0,"14":0,"15":0,"16":0,"17":0,"18":0,"19":0,"20":0,"21":0,"22":0,"23":0,"24":0,"25":0,"26":0,"27":0,"28":0,"29":0,"30":0,"31":0,"32":0,"33":0,"34":0,"35":0,"36":0,"37":0,"38":0,"39":0,"40":0,"41":0,"42":0,"43":0,"44":0,"45":0,"46":0,"47":0,"48":0,"49":0,"50":0,"51":0,"52":0,"53":0,"54":0,"55":0,"56":0,"57":0,"58":0,"59":0,"60":0,"61":0,"62":0,"63":0,"64":0,"65":0,"66":0,"67":0,"68":0,"69":0,"70":0,"71":0,"72":0,"73":0,"74":0,"75":0,"76":0,"77":0,"78":0,"79":0,"80":0,"81":0,"82":0,"83":0,"84":0,"85":0,"86":0,"87":0,"88":0,"89":0,"90":0,"91":0,"92":0,"93":0,"94":0,"95":0,"96":0,"97":0,"98":0,"99":0,"100":0,"101":0,"102":0,"103":0,"104":0,"105":0,"106":0,"107":0,"108":0,"109":0},"f":{"0":0,"1":0,"2":0,"3":0,"4":0,"5":0,"6":0,"7":0,"8":0,"9":0},"b":{"0":[0],"1":[0],"2":[0],"3":[0],"4":[0],"5":[0,0],"6":[0],"7":[0],"8":[0],"9":[0],"10":[0],"11":[0],"12":[0],"13":[0],"14":[0],"15":[0]}}
,"/app/workspace/neon-necropolis/src/audio/AudioDemo.ts": {"path":"/app/workspace/neon-necropolis/src/audio/AudioDemo.ts","statementMap":{"0":{"start":{"line":7,"column":0},"end":{"line":7,"column":null}},"1":{"start":{"line":16,"column":10},"end":{"line":16,"column":41}},"2":{"start":{"line":21,"column":4},"end":{"line":23,"column":5}},"3":{"start":{"line":22,"column":6},"end":{"line":22,"column":43}},"4":{"start":{"line":24,"column":4},"end":{"line":24,"column":30}},"5":{"start":{"line":32,"column":4},"end":{"line":35,"column":5}},"6":{"start":{"line":33,"column":6},"end":{"line":33,"column":49}},"7":{"start":{"line":34,"column":6},"end":{"line":34,"column":13}},"8":{"start":{"line":37,"column":4},"end":{"line":49,"column":5}},"9":{"start":{"line":38,"column":6},"end":{"line":38,"column":53}},"10":{"start":{"line":40,"column":27},"end":{"line":40,"column":44}},"11":{"start":{"line":41,"column":6},"end":{"line":41,"column":38}},"12":{"start":{"line":42,"column":6},"end":{"line":42,"column":34}},"13":{"start":{"line":44,"column":6},"end":{"line":44,"column":32}},"14":{"start":{"line":45,"column":6},"end":{"line":45,"column":62}},"15":{"start":{"line":47,"column":6},"end":{"line":47,"column":60}},"16":{"start":{"line":48,"column":6},"end":{"line":48,"column":18}},"17":{"start":{"line":56,"column":4},"end":{"line":59,"column":5}},"18":{"start":{"line":57,"column":6},"end":{"line":57,"column":73}},"19":{"start":{"line":58,"column":6},"end":{"line":58,"column":13}},"20":{"start":{"line":61,"column":16},"end":{"line":61,"column":33}},"21":{"start":{"line":62,"column":4},"end":{"line":62,"column":47}},"22":{"start":{"line":64,"column":20},"end":{"line":75,"column":6}},"23":{"start":{"line":65,"column":34},"end":{"line":65,"column":50}},"24":{"start":{"line":66,"column":35},"end":{"line":66,"column":52}},"25":{"start":{"line":67,"column":33},"end":{"line":67,"column":48}},"26":{"start":{"line":68,"column":37},"end":{"line":68,"column":56}},"27":{"start":{"line":69,"column":35},"end":{"line":69,"column":52}},"28":{"start":{"line":70,"column":40},"end":{"line":70,"column":62}},"29":{"start":{"line":71,"column":33},"end":{"line":71,"column":48}},"30":{"start":{"line":72,"column":31},"end":{"line":72,"column":44}},"31":{"start":{"line":73,"column":35},"end":{"line":73,"column":52}},"32":{"start":{"line":74,"column":34},"end":{"line":74,"column":50}},"33":{"start":{"line":77,"column":4},"end":{"line":82,"column":7}},"34":{"start":{"line":78,"column":6},"end":{"line":81,"column":22}},"35":{"start":{"line":79,"column":8},"end":{"line":79,"column":43}},"36":{"start":{"line":80,"column":8},"end":{"line":80,"column":20}},"37":{"start":{"line":89,"column":4},"end":{"line":92,"column":5}},"38":{"start":{"line":90,"column":6},"end":{"line":90,"column":73}},"39":{"start":{"line":91,"column":6},"end":{"line":91,"column":13}},"40":{"start":{"line":94,"column":16},"end":{"line":94,"column":33}},"41":{"start":{"line":95,"column":4},"end":{"line":95,"column":46}},"42":{"start":{"line":97,"column":4},"end":{"line":100,"column":10}},"43":{"start":{"line":98,"column":6},"end":{"line":98,"column":38}},"44":{"start":{"line":99,"column":6},"end":{"line":99,"column":27}},"45":{"start":{"line":102,"column":4},"end":{"line":105,"column":13}},"46":{"start":{"line":103,"column":6},"end":{"line":103,"column":38}},"47":{"start":{"line":104,"column":6},"end":{"line":104,"column":27}},"48":{"start":{"line":107,"column":4},"end":{"line":110,"column":13}},"49":{"start":{"line":108,"column":6},"end":{"line":108,"column":46}},"50":{"start":{"line":109,"column":6},"end":{"line":109,"column":32}},"51":{"start":{"line":112,"column":4},"end":{"line":115,"column":13}},"52":{"start":{"line":113,"column":6},"end":{"line":113,"column":47}},"53":{"start":{"line":114,"column":6},"end":{"line":114,"column":32}},"54":{"start":{"line":122,"column":4},"end":{"line":125,"column":5}},"55":{"start":{"line":123,"column":6},"end":{"line":123,"column":73}},"56":{"start":{"line":124,"column":6},"end":{"line":124,"column":13}},"57":{"start":{"line":127,"column":16},"end":{"line":127,"column":33}},"58":{"start":{"line":128,"column":4},"end":{"line":128,"column":47}},"59":{"start":{"line":130,"column":4},"end":{"line":133,"column":10}},"60":{"start":{"line":131,"column":6},"end":{"line":131,"column":35}},"61":{"start":{"line":132,"column":6},"end":{"line":132,"column":25}},"62":{"start":{"line":135,"column":4},"end":{"line":138,"column":12}},"63":{"start":{"line":136,"column":6},"end":{"line":136,"column":34}},"64":{"start":{"line":137,"column":6},"end":{"line":137,"column":24}},"65":{"start":{"line":140,"column":4},"end":{"line":143,"column":13}},"66":{"start":{"line":141,"column":6},"end":{"line":141,"column":40}},"67":{"start":{"line":142,"column":6},"end":{"line":142,"column":29}},"68":{"start":{"line":145,"column":4},"end":{"line":148,"column":13}},"69":{"start":{"line":146,"column":6},"end":{"line":146,"column":39}},"70":{"start":{"line":147,"column":6},"end":{"line":147,"column":28}},"71":{"start":{"line":155,"column":4},"end":{"line":158,"column":5}},"72":{"start":{"line":156,"column":6},"end":{"line":156,"column":73}},"73":{"start":{"line":157,"column":6},"end":{"line":157,"column":13}},"74":{"start":{"line":160,"column":16},"end":{"line":160,"column":33}},"75":{"start":{"line":161,"column":4},"end":{"line":161,"column":48}},"76":{"start":{"line":163,"column":4},"end":{"line":166,"column":10}},"77":{"start":{"line":164,"column":6},"end":{"line":164,"column":36}},"78":{"start":{"line":165,"column":6},"end":{"line":165,"column":26}},"79":{"start":{"line":168,"column":4},"end":{"line":171,"column":12}},"80":{"start":{"line":169,"column":6},"end":{"line":169,"column":36}},"81":{"start":{"line":170,"column":6},"end":{"line":170,"column":26}},"82":{"start":{"line":173,"column":4},"end":{"line":176,"column":13}},"83":{"start":{"line":174,"column":6},"end":{"line":174,"column":37}},"84":{"start":{"line":175,"column":6},"end":{"line":175,"column":26}},"85":{"start":{"line":178,"column":4},"end":{"line":181,"column":13}},"86":{"start":{"line":179,"column":6},"end":{"line":179,"column":36}},"87":{"start":{"line":180,"column":6},"end":{"line":180,"column":26}},"88":{"start":{"line":188,"column":4},"end":{"line":191,"column":5}},"89":{"start":{"line":189,"column":6},"end":{"line":189,"column":73}},"90":{"start":{"line":190,"column":6},"end":{"line":190,"column":13}},"91":{"start":{"line":193,"column":18},"end":{"line":193,"column":35}},"92":{"start":{"line":194,"column":4},"end":{"line":194,"column":51}},"93":{"start":{"line":195,"column":4},"end":{"line":195,"column":18}},"94":{"start":{"line":202,"column":18},"end":{"line":202,"column":35}},"95":{"start":{"line":203,"column":4},"end":{"line":203,"column":51}},"96":{"start":{"line":204,"column":4},"end":{"line":204,"column":17}},"97":{"start":{"line":211,"column":4},"end":{"line":214,"column":5}},"98":{"start":{"line":212,"column":6},"end":{"line":212,"column":73}},"99":{"start":{"line":213,"column":6},"end":{"line":213,"column":13}},"100":{"start":{"line":216,"column":18},"end":{"line":216,"column":35}},"101":{"start":{"line":217,"column":42},"end":{"line":217,"column":83}},"102":{"start":{"line":219,"column":4},"end":{"line":219,"column":59}},"103":{"start":{"line":221,"column":4},"end":{"line":226,"column":7}},"104":{"start":{"line":222,"column":6},"end":{"line":225,"column":23}},"105":{"start":{"line":223,"column":8},"end":{"line":223,"column":66}},"106":{"start":{"line":224,"column":8},"end":{"line":224,"column":38}},"107":{"start":{"line":233,"column":4},"end":{"line":236,"column":5}},"108":{"start":{"line":234,"column":6},"end":{"line":234,"column":73}},"109":{"start":{"line":235,"column":6},"end":{"line":235,"column":13}},"110":{"start":{"line":238,"column":18},"end":{"line":238,"column":35}},"111":{"start":{"line":239,"column":4},"end":{"line":239,"column":49}},"112":{"start":{"line":242,"column":16},"end":{"line":242,"column":33}},"113":{"start":{"line":244,"column":4},"end":{"line":248,"column":10}},"114":{"start":{"line":245,"column":6},"end":{"line":245,"column":46}},"115":{"start":{"line":246,"column":6},"end":{"line":246,"column":33}},"116":{"start":{"line":247,"column":6},"end":{"line":247,"column":23}},"117":{"start":{"line":250,"column":4},"end":{"line":254,"column":13}},"118":{"start":{"line":251,"column":6},"end":{"line":251,"column":45}},"119":{"start":{"line":252,"column":6},"end":{"line":252,"column":33}},"120":{"start":{"line":253,"column":6},"end":{"line":253,"column":23}},"121":{"start":{"line":256,"column":4},"end":{"line":260,"column":13}},"122":{"start":{"line":257,"column":6},"end":{"line":257,"column":45}},"123":{"start":{"line":258,"column":6},"end":{"line":258,"column":34}},"124":{"start":{"line":259,"column":6},"end":{"line":259,"column":23}},"125":{"start":{"line":262,"column":4},"end":{"line":266,"column":13}},"126":{"start":{"line":263,"column":6},"end":{"line":263,"column":54}},"127":{"start":{"line":264,"column":6},"end":{"line":264,"column":33}},"128":{"start":{"line":265,"column":6},"end":{"line":265,"column":23}},"129":{"start":{"line":273,"column":4},"end":{"line":273,"column":60}},"130":{"start":{"line":274,"column":4},"end":{"line":274,"column":64}},"131":{"start":{"line":276,"column":4},"end":{"line":280,"column":5}},"132":{"start":{"line":277,"column":6},"end":{"line":277,"column":50}},"133":{"start":{"line":278,"column":6},"end":{"line":278,"column":30}},"134":{"start":{"line":279,"column":6},"end":{"line":279,"column":22}},"135":{"start":{"line":283,"column":4},"end":{"line":283,"column":22}},"136":{"start":{"line":286,"column":4},"end":{"line":286,"column":52}},"137":{"start":{"line":286,"column":21},"end":{"line":286,"column":44}},"138":{"start":{"line":289,"column":4},"end":{"line":289,"column":52}},"139":{"start":{"line":289,"column":21},"end":{"line":289,"column":43}},"140":{"start":{"line":292,"column":4},"end":{"line":292,"column":53}},"141":{"start":{"line":292,"column":21},"end":{"line":292,"column":44}},"142":{"start":{"line":295,"column":4},"end":{"line":295,"column":54}},"143":{"start":{"line":295,"column":21},"end":{"line":295,"column":45}},"144":{"start":{"line":298,"column":4},"end":{"line":298,"column":56}},"145":{"start":{"line":298,"column":21},"end":{"line":298,"column":47}},"146":{"start":{"line":301,"column":4},"end":{"line":301,"column":55}},"147":{"start":{"line":301,"column":21},"end":{"line":301,"column":46}},"148":{"start":{"line":303,"column":4},"end":{"line":303,"column":83}},"149":{"start":{"line":304,"column":4},"end":{"line":304,"column":72}},"150":{"start":{"line":311,"column":4},"end":{"line":314,"column":5}},"151":{"start":{"line":312,"column":6},"end":{"line":312,"column":73}},"152":{"start":{"line":313,"column":6},"end":{"line":313,"column":13}},"153":{"start":{"line":316,"column":16},"end":{"line":316,"column":33}},"154":{"start":{"line":317,"column":4},"end":{"line":317,"column":41}},"155":{"start":{"line":319,"column":4},"end":{"line":319,"column":42}},"156":{"start":{"line":319,"column":21},"end":{"line":319,"column":37}},"157":{"start":{"line":320,"column":4},"end":{"line":320,"column":47}},"158":{"start":{"line":320,"column":21},"end":{"line":320,"column":40}},"159":{"start":{"line":321,"column":4},"end":{"line":321,"column":45}},"160":{"start":{"line":321,"column":21},"end":{"line":321,"column":38}},"161":{"start":{"line":328,"column":18},"end":{"line":328,"column":35}},"162":{"start":{"line":329,"column":18},"end":{"line":329,"column":35}},"163":{"start":{"line":331,"column":4},"end":{"line":331,"column":43}},"164":{"start":{"line":332,"column":4},"end":{"line":332,"column":54}},"165":{"start":{"line":333,"column":4},"end":{"line":333,"column":45}},"166":{"start":{"line":334,"column":4},"end":{"line":334,"column":85}},"167":{"start":{"line":335,"column":4},"end":{"line":335,"column":79}},"168":{"start":{"line":336,"column":4},"end":{"line":336,"column":83}},"169":{"start":{"line":337,"column":4},"end":{"line":337,"column":54}},"170":{"start":{"line":338,"column":4},"end":{"line":340,"column":5}},"171":{"start":{"line":339,"column":6},"end":{"line":339,"column":62}},"172":{"start":{"line":14,"column":0},"end":{"line":14,"column":13}},"173":{"start":{"line":15,"column":17},"end":{"line":15,"column":46}},"174":{"start":{"line":345,"column":28},"end":{"line":345,"column":57}},"175":{"start":{"line":345,"column":34},"end":{"line":345,"column":57}},"176":{"start":{"line":345,"column":13},"end":{"line":345,"column":28}},"177":{"start":{"line":348,"column":0},"end":{"line":377,"column":1}},"178":{"start":{"line":349,"column":3},"end":{"line":362,"column":4}},"179":{"start":{"line":350,"column":22},"end":{"line":350,"column":55}},"180":{"start":{"line":351,"column":23},"end":{"line":351,"column":56}},"181":{"start":{"line":352,"column":23},"end":{"line":352,"column":55}},"182":{"start":{"line":353,"column":22},"end":{"line":353,"column":55}},"183":{"start":{"line":354,"column":23},"end":{"line":354,"column":57}},"184":{"start":{"line":355,"column":22},"end":{"line":355,"column":49}},"185":{"start":{"line":356,"column":21},"end":{"line":356,"column":47}},"186":{"start":{"line":357,"column":26},"end":{"line":357,"column":62}},"187":{"start":{"line":358,"column":22},"end":{"line":358,"column":57}},"188":{"start":{"line":359,"column":26},"end":{"line":359,"column":64}},"189":{"start":{"line":360,"column":21},"end":{"line":360,"column":47}},"190":{"start":{"line":361,"column":18},"end":{"line":361,"column":44}},"191":{"start":{"line":364,"column":2},"end":{"line":364,"column":52}},"192":{"start":{"line":365,"column":2},"end":{"line":365,"column":72}},"193":{"start":{"line":366,"column":2},"end":{"line":366,"column":71}},"194":{"start":{"line":367,"column":2},"end":{"line":367,"column":66}},"195":{"start":{"line":368,"column":2},"end":{"line":368,"column":67}},"196":{"start":{"line":369,"column":2},"end":{"line":369,"column":68}},"197":{"start":{"line":370,"column":2},"end":{"line":370,"column":71}},"198":{"start":{"line":371,"column":2},"end":{"line":371,"column":70}},"199":{"start":{"line":372,"column":2},"end":{"line":372,"column":80}},"200":{"start":{"line":373,"column":2},"end":{"line":373,"column":69}},"201":{"start":{"line":374,"column":2},"end":{"line":374,"column":66}},"202":{"start":{"line":375,"column":2},"end":{"line":375,"column":67}},"203":{"start":{"line":376,"column":2},"end":{"line":376,"column":66}}},"fnMap":{"0":{"name":"(anonymous_0)","decl":{"start":{"line":18,"column":2},"end":{"line":18,"column":25}},"loc":{"start":{"line":18,"column":2},"end":{"line":18,"column":26}}},"1":{"name":"(anonymous_1)","decl":{"start":{"line":20,"column":2},"end":{"line":20,"column":8}},"loc":{"start":{"line":20,"column":20},"end":{"line":25,"column":3}}},"2":{"name":"(anonymous_2)","decl":{"start":{"line":31,"column":2},"end":{"line":31,"column":7}},"loc":{"start":{"line":31,"column":18},"end":{"line":50,"column":3}}},"3":{"name":"(anonymous_3)","decl":{"start":{"line":55,"column":2},"end":{"line":55,"column":18}},"loc":{"start":{"line":55,"column":18},"end":{"line":83,"column":3}}},"4":{"name":"(anonymous_4)","decl":{"start":{"line":65,"column":28},"end":{"line":65,"column":31}},"loc":{"start":{"line":65,"column":34},"end":{"line":65,"column":50}}},"5":{"name":"(anonymous_5)","decl":{"start":{"line":66,"column":29},"end":{"line":66,"column":32}},"loc":{"start":{"line":66,"column":35},"end":{"line":66,"column":52}}},"6":{"name":"(anonymous_6)","decl":{"start":{"line":67,"column":27},"end":{"line":67,"column":30}},"loc":{"start":{"line":67,"column":33},"end":{"line":67,"column":48}}},"7":{"name":"(anonymous_7)","decl":{"start":{"line":68,"column":31},"end":{"line":68,"column":34}},"loc":{"start":{"line":68,"column":37},"end":{"line":68,"column":56}}},"8":{"name":"(anonymous_8)","decl":{"start":{"line":69,"column":29},"end":{"line":69,"column":32}},"loc":{"start":{"line":69,"column":35},"end":{"line":69,"column":52}}},"9":{"name":"(anonymous_9)","decl":{"start":{"line":70,"column":34},"end":{"line":70,"column":37}},"loc":{"start":{"line":70,"column":40},"end":{"line":70,"column":62}}},"10":{"name":"(anonymous_10)","decl":{"start":{"line":71,"column":27},"end":{"line":71,"column":30}},"loc":{"start":{"line":71,"column":33},"end":{"line":71,"column":48}}},"11":{"name":"(anonymous_11)","decl":{"start":{"line":72,"column":25},"end":{"line":72,"column":28}},"loc":{"start":{"line":72,"column":31},"end":{"line":72,"column":44}}},"12":{"name":"(anonymous_12)","decl":{"start":{"line":73,"column":29},"end":{"line":73,"column":32}},"loc":{"start":{"line":73,"column":35},"end":{"line":73,"column":52}}},"13":{"name":"(anonymous_13)","decl":{"start":{"line":74,"column":28},"end":{"line":74,"column":31}},"loc":{"start":{"line":74,"column":34},"end":{"line":74,"column":50}}},"14":{"name":"(anonymous_14)","decl":{"start":{"line":77,"column":20},"end":{"line":77,"column":21}},"loc":{"start":{"line":77,"column":38},"end":{"line":82,"column":5}}},"15":{"name":"(anonymous_15)","decl":{"start":{"line":78,"column":17},"end":{"line":78,"column":20}},"loc":{"start":{"line":78,"column":22},"end":{"line":81,"column":7}}},"16":{"name":"(anonymous_16)","decl":{"start":{"line":88,"column":2},"end":{"line":88,"column":17}},"loc":{"start":{"line":88,"column":17},"end":{"line":116,"column":3}}},"17":{"name":"(anonymous_17)","decl":{"start":{"line":97,"column":15},"end":{"line":97,"column":18}},"loc":{"start":{"line":97,"column":20},"end":{"line":100,"column":5}}},"18":{"name":"(anonymous_18)","decl":{"start":{"line":102,"column":15},"end":{"line":102,"column":18}},"loc":{"start":{"line":102,"column":20},"end":{"line":105,"column":5}}},"19":{"name":"(anonymous_19)","decl":{"start":{"line":107,"column":15},"end":{"line":107,"column":18}},"loc":{"start":{"line":107,"column":20},"end":{"line":110,"column":5}}},"20":{"name":"(anonymous_20)","decl":{"start":{"line":112,"column":15},"end":{"line":112,"column":18}},"loc":{"start":{"line":112,"column":20},"end":{"line":115,"column":5}}},"21":{"name":"(anonymous_21)","decl":{"start":{"line":121,"column":2},"end":{"line":121,"column":18}},"loc":{"start":{"line":121,"column":18},"end":{"line":149,"column":3}}},"22":{"name":"(anonymous_22)","decl":{"start":{"line":130,"column":15},"end":{"line":130,"column":18}},"loc":{"start":{"line":130,"column":20},"end":{"line":133,"column":5}}},"23":{"name":"(anonymous_23)","decl":{"start":{"line":135,"column":15},"end":{"line":135,"column":18}},"loc":{"start":{"line":135,"column":20},"end":{"line":138,"column":5}}},"24":{"name":"(anonymous_24)","decl":{"start":{"line":140,"column":15},"end":{"line":140,"column":18}},"loc":{"start":{"line":140,"column":20},"end":{"line":143,"column":5}}},"25":{"name":"(anonymous_25)","decl":{"start":{"line":145,"column":15},"end":{"line":145,"column":18}},"loc":{"start":{"line":145,"column":20},"end":{"line":148,"column":5}}},"26":{"name":"(anonymous_26)","decl":{"start":{"line":154,"column":2},"end":{"line":154,"column":19}},"loc":{"start":{"line":154,"column":19},"end":{"line":182,"column":3}}},"27":{"name":"(anonymous_27)","decl":{"start":{"line":163,"column":15},"end":{"line":163,"column":18}},"loc":{"start":{"line":163,"column":20},"end":{"line":166,"column":5}}},"28":{"name":"(anonymous_28)","decl":{"start":{"line":168,"column":15},"end":{"line":168,"column":18}},"loc":{"start":{"line":168,"column":20},"end":{"line":171,"column":5}}},"29":{"name":"(anonymous_29)","decl":{"start":{"line":173,"column":15},"end":{"line":173,"column":18}},"loc":{"start":{"line":173,"column":20},"end":{"line":176,"column":5}}},"30":{"name":"(anonymous_30)","decl":{"start":{"line":178,"column":15},"end":{"line":178,"column":18}},"loc":{"start":{"line":178,"column":20},"end":{"line":181,"column":5}}},"31":{"name":"(anonymous_31)","decl":{"start":{"line":187,"column":2},"end":{"line":187,"column":12}},"loc":{"start":{"line":187,"column":12},"end":{"line":196,"column":3}}},"32":{"name":"(anonymous_32)","decl":{"start":{"line":201,"column":2},"end":{"line":201,"column":11}},"loc":{"start":{"line":201,"column":11},"end":{"line":205,"column":3}}},"33":{"name":"(anonymous_33)","decl":{"start":{"line":210,"column":2},"end":{"line":210,"column":21}},"loc":{"start":{"line":210,"column":21},"end":{"line":227,"column":3}}},"34":{"name":"(anonymous_34)","decl":{"start":{"line":221,"column":24},"end":{"line":221,"column":25}},"loc":{"start":{"line":221,"column":45},"end":{"line":226,"column":5}}},"35":{"name":"(anonymous_35)","decl":{"start":{"line":222,"column":17},"end":{"line":222,"column":20}},"loc":{"start":{"line":222,"column":22},"end":{"line":225,"column":7}}},"36":{"name":"(anonymous_36)","decl":{"start":{"line":232,"column":2},"end":{"line":232,"column":20}},"loc":{"start":{"line":232,"column":20},"end":{"line":267,"column":3}}},"37":{"name":"(anonymous_37)","decl":{"start":{"line":244,"column":15},"end":{"line":244,"column":18}},"loc":{"start":{"line":244,"column":20},"end":{"line":248,"column":5}}},"38":{"name":"(anonymous_38)","decl":{"start":{"line":250,"column":15},"end":{"line":250,"column":18}},"loc":{"start":{"line":250,"column":20},"end":{"line":254,"column":5}}},"39":{"name":"(anonymous_39)","decl":{"start":{"line":256,"column":15},"end":{"line":256,"column":18}},"loc":{"start":{"line":256,"column":20},"end":{"line":260,"column":5}}},"40":{"name":"(anonymous_40)","decl":{"start":{"line":262,"column":15},"end":{"line":262,"column":18}},"loc":{"start":{"line":262,"column":20},"end":{"line":266,"column":5}}},"41":{"name":"(anonymous_41)","decl":{"start":{"line":272,"column":2},"end":{"line":272,"column":7}},"loc":{"start":{"line":272,"column":23},"end":{"line":305,"column":3}}},"42":{"name":"(anonymous_42)","decl":{"start":{"line":286,"column":15},"end":{"line":286,"column":18}},"loc":{"start":{"line":286,"column":21},"end":{"line":286,"column":44}}},"43":{"name":"(anonymous_43)","decl":{"start":{"line":289,"column":15},"end":{"line":289,"column":18}},"loc":{"start":{"line":289,"column":21},"end":{"line":289,"column":43}}},"44":{"name":"(anonymous_44)","decl":{"start":{"line":292,"column":15},"end":{"line":292,"column":18}},"loc":{"start":{"line":292,"column":21},"end":{"line":292,"column":44}}},"45":{"name":"(anonymous_45)","decl":{"start":{"line":295,"column":15},"end":{"line":295,"column":18}},"loc":{"start":{"line":295,"column":21},"end":{"line":295,"column":45}}},"46":{"name":"(anonymous_46)","decl":{"start":{"line":298,"column":15},"end":{"line":298,"column":18}},"loc":{"start":{"line":298,"column":21},"end":{"line":298,"column":47}}},"47":{"name":"(anonymous_47)","decl":{"start":{"line":301,"column":15},"end":{"line":301,"column":18}},"loc":{"start":{"line":301,"column":21},"end":{"line":301,"column":46}}},"48":{"name":"(anonymous_48)","decl":{"start":{"line":310,"column":2},"end":{"line":310,"column":11}},"loc":{"start":{"line":310,"column":11},"end":{"line":322,"column":3}}},"49":{"name":"(anonymous_49)","decl":{"start":{"line":319,"column":15},"end":{"line":319,"column":18}},"loc":{"start":{"line":319,"column":21},"end":{"line":319,"column":37}}},"50":{"name":"(anonymous_50)","decl":{"start":{"line":320,"column":15},"end":{"line":320,"column":18}},"loc":{"start":{"line":320,"column":21},"end":{"line":320,"column":40}}},"51":{"name":"(anonymous_51)","decl":{"start":{"line":321,"column":15},"end":{"line":321,"column":18}},"loc":{"start":{"line":321,"column":21},"end":{"line":321,"column":38}}},"52":{"name":"(anonymous_52)","decl":{"start":{"line":327,"column":2},"end":{"line":327,"column":11}},"loc":{"start":{"line":327,"column":11},"end":{"line":341,"column":3}}},"53":{"name":"(anonymous_53)","decl":{"start":{"line":345,"column":28},"end":{"line":345,"column":31}},"loc":{"start":{"line":345,"column":34},"end":{"line":345,"column":57}}},"54":{"name":"(anonymous_54)","decl":{"start":{"line":350,"column":10},"end":{"line":350,"column":15}},"loc":{"start":{"line":350,"column":22},"end":{"line":350,"column":55}}},"55":{"name":"(anonymous_55)","decl":{"start":{"line":351,"column":17},"end":{"line":351,"column":20}},"loc":{"start":{"line":351,"column":23},"end":{"line":351,"column":56}}},"56":{"name":"(anonymous_56)","decl":{"start":{"line":352,"column":17},"end":{"line":352,"column":20}},"loc":{"start":{"line":352,"column":23},"end":{"line":352,"column":55}}},"57":{"name":"(anonymous_57)","decl":{"start":{"line":353,"column":16},"end":{"line":353,"column":19}},"loc":{"start":{"line":353,"column":22},"end":{"line":353,"column":55}}},"58":{"name":"(anonymous_58)","decl":{"start":{"line":354,"column":17},"end":{"line":354,"column":20}},"loc":{"start":{"line":354,"column":23},"end":{"line":354,"column":57}}},"59":{"name":"(anonymous_59)","decl":{"start":{"line":355,"column":16},"end":{"line":355,"column":19}},"loc":{"start":{"line":355,"column":22},"end":{"line":355,"column":49}}},"60":{"name":"(anonymous_60)","decl":{"start":{"line":356,"column":15},"end":{"line":356,"column":18}},"loc":{"start":{"line":356,"column":21},"end":{"line":356,"column":47}}},"61":{"name":"(anonymous_61)","decl":{"start":{"line":357,"column":20},"end":{"line":357,"column":23}},"loc":{"start":{"line":357,"column":26},"end":{"line":357,"column":62}}},"62":{"name":"(anonymous_62)","decl":{"start":{"line":358,"column":16},"end":{"line":358,"column":19}},"loc":{"start":{"line":358,"column":22},"end":{"line":358,"column":57}}},"63":{"name":"(anonymous_63)","decl":{"start":{"line":359,"column":14},"end":{"line":359,"column":19}},"loc":{"start":{"line":359,"column":26},"end":{"line":359,"column":64}}},"64":{"name":"(anonymous_64)","decl":{"start":{"line":360,"column":15},"end":{"line":360,"column":18}},"loc":{"start":{"line":360,"column":21},"end":{"line":360,"column":47}}},"65":{"name":"(anonymous_65)","decl":{"start":{"line":361,"column":12},"end":{"line":361,"column":15}},"loc":{"start":{"line":361,"column":18},"end":{"line":361,"column":44}}}},"branchMap":{"0":{"loc":{"start":{"line":21,"column":4},"end":{"line":23,"column":5}},"type":"if","locations":[{"start":{"line":21,"column":4},"end":{"line":23,"column":5}}]},"1":{"loc":{"start":{"line":32,"column":4},"end":{"line":35,"column":5}},"type":"if","locations":[{"start":{"line":32,"column":4},"end":{"line":35,"column":5}}]},"2":{"loc":{"start":{"line":56,"column":4},"end":{"line":59,"column":5}},"type":"if","locations":[{"start":{"line":56,"column":4},"end":{"line":59,"column":5}}]},"3":{"loc":{"start":{"line":89,"column":4},"end":{"line":92,"column":5}},"type":"if","locations":[{"start":{"line":89,"column":4},"end":{"line":92,"column":5}}]},"4":{"loc":{"start":{"line":122,"column":4},"end":{"line":125,"column":5}},"type":"if","locations":[{"start":{"line":122,"column":4},"end":{"line":125,"column":5}}]},"5":{"loc":{"start":{"line":155,"column":4},"end":{"line":158,"column":5}},"type":"if","locations":[{"start":{"line":155,"column":4},"end":{"line":158,"column":5}}]},"6":{"loc":{"start":{"line":188,"column":4},"end":{"line":191,"column":5}},"type":"if","locations":[{"start":{"line":188,"column":4},"end":{"line":191,"column":5}}]},"7":{"loc":{"start":{"line":211,"column":4},"end":{"line":214,"column":5}},"type":"if","locations":[{"start":{"line":211,"column":4},"end":{"line":214,"column":5}}]},"8":{"loc":{"start":{"line":233,"column":4},"end":{"line":236,"column":5}},"type":"if","locations":[{"start":{"line":233,"column":4},"end":{"line":236,"column":5}}]},"9":{"loc":{"start":{"line":276,"column":4},"end":{"line":280,"column":5}},"type":"if","locations":[{"start":{"line":276,"column":4},"end":{"line":280,"column":5}}]},"10":{"loc":{"start":{"line":311,"column":4},"end":{"line":314,"column":5}},"type":"if","locations":[{"start":{"line":311,"column":4},"end":{"line":314,"column":5}}]},"11":{"loc":{"start":{"line":338,"column":4},"end":{"line":340,"column":5}},"type":"if","locations":[{"start":{"line":338,"column":4},"end":{"line":340,"column":5}}]},"12":{"loc":{"start":{"line":348,"column":0},"end":{"line":377,"column":1}},"type":"if","locations":[{"start":{"line":348,"column":0},"end":{"line":377,"column":1}}]}},"s":{"0":0,"1":0,"2":0,"3":0,"4":0,"5":0,"6":0,"7":0,"8":0,"9":0,"10":0,"11":0,"12":0,"13":0,"14":0,"15":0,"16":0,"17":0,"18":0,"19":0,"20":0,"21":0,"22":0,"23":0,"24":0,"25":0,"26":0,"27":0,"28":0,"29":0,"30":0,"31":0,"32":0,"33":0,"34":0,"35":0,"36":0,"37":0,"38":0,"39":0,"40":0,"41":0,"42":0,"43":0,"44":0,"45":0,"46":0,"47":0,"48":0,"49":0,"50":0,"51":0,"52":0,"53":0,"54":0,"55":0,"56":0,"57":0,"58":0,"59":0,"60":0,"61":0,"62":0,"63":0,"64":0,"65":0,"66":0,"67":0,"68":0,"69":0,"70":0,"71":0,"72":0,"73":0,"74":0,"75":0,"76":0,"77":0,"78":0,"79":0,"80":0,"81":0,"82":0,"83":0,"84":0,"85":0,"86":0,"87":0,"88":0,"89":0,"90":0,"91":0,"92":0,"93":0,"94":0,"95":0,"96":0,"97":0,"98":0,"99":0,"100":0,"101":0,"102":0,"103":0,"104":0,"105":0,"106":0,"107":0,"108":0,"109":0,"110":0,"111":0,"112":0,"113":0,"114":0,"115":0,"116":0,"117":0,"118":0,"119":0,"120":0,"121":0,"122":0,"123":0,"124":0,"125":0,"126":0,"127":0,"128":0,"129":0,"130":0,"131":0,"132":0,"133":0,"134":0,"135":0,"136":0,"137":0,"138":0,"139":0,"140":0,"141":0,"142":0,"143":0,"144":0,"145":0,"146":0,"147":0,"148":0,"149":0,"150":0,"151":0,"152":0,"153":0,"154":0,"155":0,"156":0,"157":0,"158":0,"159":0,"160":0,"161":0,"162":0,"163":0,"164":0,"165":0,"166":0,"167":0,"168":0,"169":0,"170":0,"171":0,"172":0,"173":0,"174":0,"175":0,"176":0,"177":0,"178":0,"179":0,"180":0,"181":0,"182":0,"183":0,"184":0,"185":0,"186":0,"187":0,"188":0,"189":0,"190":0,"191":0,"192":0,"193":0,"194":0,"195":0,"196":0,"197":0,"198":0,"199":0,"200":0,"201":0,"202":0,"203":0},"f":{"0":0,"1":0,"2":0,"3":0,"4":0,"5":0,"6":0,"7":0,"8":0,"9":0,"10":0,"11":0,"12":0,"13":0,"14":0,"15":0,"16":0,"17":0,"18":0,"19":0,"20":0,"21":0,"22":0,"23":0,"24":0,"25":0,"26":0,"27":0,"28":0,"29":0,"30":0,"31":0,"32":0,"33":0,"34":0,"35":0,"36":0,"37":0,"38":0,"39":0,"40":0,"41":0,"42":0,"43":0,"44":0,"45":0,"46":0,"47":0,"48":0,"49":0,"50":0,"51":0,"52":0,"53":0,"54":0,"55":0,"56":0,"57":0,"58":0,"59":0,"60":0,"61":0,"62":0,"63":0,"64":0,"65":0},"b":{"0":[0],"1":[0],"2":[0],"3":[0],"4":[0],"5":[0],"6":[0],"7":[0],"8":[0],"9":[0],"10":[0],"11":[0],"12":[0]}}
,"/app/workspace/neon-necropolis/src/audio/AudioManager.ts": {"path":"/app/workspace/neon-necropolis/src/audio/AudioManager.ts","statementMap":{"0":{"start":{"line":7,"column":0},"end":{"line":7,"column":44}},"1":{"start":{"line":19,"column":10},"end":{"line":19,"column":51}},"2":{"start":{"line":20,"column":10},"end":{"line":20,"column":49}},"3":{"start":{"line":21,"column":10},"end":{"line":21,"column":45}},"4":{"start":{"line":22,"column":10},"end":{"line":22,"column":59}},"5":{"start":{"line":24,"column":10},"end":{"line":24,"column":37}},"6":{"start":{"line":25,"column":10},"end":{"line":25,"column":34}},"7":{"start":{"line":26,"column":10},"end":{"line":26,"column":36}},"8":{"start":{"line":28,"column":10},"end":{"line":28,"column":63}},"9":{"start":{"line":29,"column":10},"end":{"line":29,"column":37}},"10":{"start":{"line":31,"column":10},"end":{"line":31,"column":41}},"11":{"start":{"line":32,"column":10},"end":{"line":32,"column":38}},"12":{"start":{"line":35,"column":19},"end":{"line":35,"column":35}},"13":{"start":{"line":36,"column":19},"end":{"line":36,"column":43}},"14":{"start":{"line":38,"column":10},"end":{"line":38,"column":45}},"15":{"start":{"line":48,"column":4},"end":{"line":50,"column":5}},"16":{"start":{"line":49,"column":6},"end":{"line":49,"column":49}},"17":{"start":{"line":51,"column":4},"end":{"line":51,"column":33}},"18":{"start":{"line":59,"column":4},"end":{"line":61,"column":5}},"19":{"start":{"line":60,"column":6},"end":{"line":60,"column":13}},"20":{"start":{"line":63,"column":4},"end":{"line":95,"column":5}},"21":{"start":{"line":65,"column":6},"end":{"line":65,"column":92}},"22":{"start":{"line":68,"column":6},"end":{"line":68,"column":60}},"23":{"start":{"line":71,"column":6},"end":{"line":71,"column":55}},"24":{"start":{"line":72,"column":6},"end":{"line":72,"column":53}},"25":{"start":{"line":75,"column":6},"end":{"line":75,"column":69}},"26":{"start":{"line":76,"column":6},"end":{"line":76,"column":44}},"27":{"start":{"line":77,"column":6},"end":{"line":77,"column":38}},"28":{"start":{"line":78,"column":6},"end":{"line":78,"column":39}},"29":{"start":{"line":79,"column":6},"end":{"line":79,"column":43}},"30":{"start":{"line":80,"column":6},"end":{"line":80,"column":43}},"31":{"start":{"line":83,"column":6},"end":{"line":83,"column":47}},"32":{"start":{"line":84,"column":6},"end":{"line":84,"column":61}},"33":{"start":{"line":86,"column":6},"end":{"line":86,"column":32}},"34":{"start":{"line":89,"column":6},"end":{"line":89,"column":31}},"35":{"start":{"line":91,"column":6},"end":{"line":91,"column":61}},"36":{"start":{"line":93,"column":6},"end":{"line":93,"column":67}},"37":{"start":{"line":94,"column":6},"end":{"line":94,"column":18}},"38":{"start":{"line":102,"column":4},"end":{"line":104,"column":5}},"39":{"start":{"line":103,"column":6},"end":{"line":103,"column":30}},"40":{"start":{"line":106,"column":4},"end":{"line":114,"column":5}},"41":{"start":{"line":107,"column":6},"end":{"line":113,"column":7}},"42":{"start":{"line":108,"column":8},"end":{"line":108,"column":41}},"43":{"start":{"line":109,"column":8},"end":{"line":109,"column":31}},"44":{"start":{"line":110,"column":8},"end":{"line":110,"column":60}},"45":{"start":{"line":112,"column":8},"end":{"line":112,"column":65}},"46":{"start":{"line":122,"column":4},"end":{"line":124,"column":5}},"47":{"start":{"line":123,"column":6},"end":{"line":123,"column":13}},"48":{"start":{"line":126,"column":4},"end":{"line":128,"column":5}},"49":{"start":{"line":127,"column":6},"end":{"line":127,"column":30}},"50":{"start":{"line":130,"column":4},"end":{"line":130,"column":24}},"51":{"start":{"line":133,"column":4},"end":{"line":141,"column":5}},"52":{"start":{"line":134,"column":18},"end":{"line":134,"column":64}},"53":{"start":{"line":135,"column":19},"end":{"line":135,"column":49}},"54":{"start":{"line":136,"column":6},"end":{"line":136,"column":26}},"55":{"start":{"line":137,"column":6},"end":{"line":137,"column":24}},"56":{"start":{"line":138,"column":6},"end":{"line":138,"column":50}},"57":{"start":{"line":139,"column":6},"end":{"line":139,"column":18}},"58":{"start":{"line":140,"column":6},"end":{"line":140,"column":53}},"59":{"start":{"line":143,"column":4},"end":{"line":143,"column":27}},"60":{"start":{"line":144,"column":4},"end":{"line":144,"column":49}},"61":{"start":{"line":151,"column":4},"end":{"line":153,"column":5}},"62":{"start":{"line":152,"column":6},"end":{"line":152,"column":69}},"63":{"start":{"line":154,"column":4},"end":{"line":154,"column":28}},"64":{"start":{"line":161,"column":4},"end":{"line":163,"column":5}},"65":{"start":{"line":162,"column":6},"end":{"line":162,"column":69}},"66":{"start":{"line":164,"column":4},"end":{"line":164,"column":27}},"67":{"start":{"line":171,"column":4},"end":{"line":173,"column":5}},"68":{"start":{"line":172,"column":6},"end":{"line":172,"column":69}},"69":{"start":{"line":174,"column":4},"end":{"line":174,"column":29}},"70":{"start":{"line":181,"column":20},"end":{"line":181,"column":37}},"71":{"start":{"line":182,"column":17},"end":{"line":182,"column":37}},"72":{"start":{"line":183,"column":4},"end":{"line":183,"column":37}},"73":{"start":{"line":184,"column":4},"end":{"line":184,"column":16}},"74":{"start":{"line":191,"column":20},"end":{"line":191,"column":37}},"75":{"start":{"line":192,"column":17},"end":{"line":192,"column":37}},"76":{"start":{"line":193,"column":4},"end":{"line":193,"column":39}},"77":{"start":{"line":194,"column":4},"end":{"line":194,"column":16}},"78":{"start":{"line":201,"column":15},"end":{"line":201,"column":47}},"79":{"start":{"line":202,"column":21},"end":{"line":202,"column":61}},"80":{"start":{"line":204,"column":36},"end":{"line":209,"column":6}},"81":{"start":{"line":211,"column":4},"end":{"line":211,"column":40}},"82":{"start":{"line":214,"column":4},"end":{"line":216,"column":5}},"83":{"start":{"line":215,"column":6},"end":{"line":215,"column":33}},"84":{"start":{"line":218,"column":4},"end":{"line":218,"column":14}},"85":{"start":{"line":225,"column":18},"end":{"line":225,"column":43}},"86":{"start":{"line":226,"column":4},"end":{"line":239,"column":5}},"87":{"start":{"line":227,"column":6},"end":{"line":236,"column":9}},"88":{"start":{"line":228,"column":8},"end":{"line":235,"column":9}},"89":{"start":{"line":229,"column":10},"end":{"line":231,"column":11}},"90":{"start":{"line":230,"column":13},"end":{"line":230,"column":54}},"91":{"start":{"line":232,"column":10},"end":{"line":232,"column":28}},"92":{"start":{"line":237,"column":6},"end":{"line":237,"column":30}},"93":{"start":{"line":238,"column":6},"end":{"line":238,"column":35}},"94":{"start":{"line":246,"column":4},"end":{"line":246,"column":61}},"95":{"start":{"line":246,"column":41},"end":{"line":246,"column":59}},"96":{"start":{"line":247,"column":4},"end":{"line":247,"column":30}},"97":{"start":{"line":254,"column":16},"end":{"line":254,"column":45}},"98":{"start":{"line":255,"column":31},"end":{"line":255,"column":33}},"99":{"start":{"line":257,"column":4},"end":{"line":261,"column":7}},"100":{"start":{"line":258,"column":6},"end":{"line":260,"column":7}},"101":{"start":{"line":259,"column":8},"end":{"line":259,"column":26}},"102":{"start":{"line":263,"column":4},"end":{"line":263,"column":47}},"103":{"start":{"line":263,"column":27},"end":{"line":263,"column":45}},"104":{"start":{"line":270,"column":25},"end":{"line":271,"column":52}},"105":{"start":{"line":271,"column":22},"end":{"line":271,"column":51}},"106":{"start":{"line":274,"column":4},"end":{"line":276,"column":5}},"107":{"start":{"line":274,"column":17},"end":{"line":274,"column":18}},"108":{"start":{"line":275,"column":6},"end":{"line":275,"column":41}},"109":{"start":{"line":283,"column":4},"end":{"line":287,"column":5}},"110":{"start":{"line":284,"column":6},"end":{"line":286,"column":32}},"111":{"start":{"line":285,"column":8},"end":{"line":285,"column":37}},"112":{"start":{"line":294,"column":4},"end":{"line":297,"column":5}},"113":{"start":{"line":295,"column":6},"end":{"line":295,"column":39}},"114":{"start":{"line":296,"column":6},"end":{"line":296,"column":31}},"115":{"start":{"line":304,"column":4},"end":{"line":304,"column":57}},"116":{"start":{"line":305,"column":4},"end":{"line":307,"column":5}},"117":{"start":{"line":306,"column":6},"end":{"line":306,"column":53}},"118":{"start":{"line":314,"column":4},"end":{"line":314,"column":54}},"119":{"start":{"line":321,"column":4},"end":{"line":321,"column":56}},"120":{"start":{"line":328,"column":4},"end":{"line":328,"column":29}},"121":{"start":{"line":335,"column":4},"end":{"line":335,"column":26}},"122":{"start":{"line":342,"column":4},"end":{"line":342,"column":28}},"123":{"start":{"line":349,"column":4},"end":{"line":349,"column":49}},"124":{"start":{"line":356,"column":4},"end":{"line":359,"column":5}},"125":{"start":{"line":357,"column":6},"end":{"line":357,"column":40}},"126":{"start":{"line":358,"column":6},"end":{"line":358,"column":60}},"127":{"start":{"line":366,"column":4},"end":{"line":366,"column":25}},"128":{"start":{"line":367,"column":4},"end":{"line":367,"column":28}},"129":{"start":{"line":369,"column":4},"end":{"line":372,"column":5}},"130":{"start":{"line":370,"column":6},"end":{"line":370,"column":32}},"131":{"start":{"line":371,"column":6},"end":{"line":371,"column":31}},"132":{"start":{"line":374,"column":4},"end":{"line":374,"column":28}},"133":{"start":{"line":375,"column":4},"end":{"line":375,"column":27}},"134":{"start":{"line":376,"column":4},"end":{"line":376,"column":27}},"135":{"start":{"line":377,"column":4},"end":{"line":377,"column":31}},"136":{"start":{"line":378,"column":4},"end":{"line":378,"column":28}},"137":{"start":{"line":380,"column":4},"end":{"line":380,"column":44}},"138":{"start":{"line":16,"column":0},"end":{"line":16,"column":13}},"139":{"start":{"line":17,"column":17},"end":{"line":17,"column":49}},"140":{"start":{"line":385,"column":31},"end":{"line":385,"column":63}},"141":{"start":{"line":385,"column":37},"end":{"line":385,"column":63}},"142":{"start":{"line":385,"column":13},"end":{"line":385,"column":31}}},"fnMap":{"0":{"name":"(anonymous_0)","decl":{"start":{"line":40,"column":2},"end":{"line":40,"column":null}},"loc":{"start":{"line":40,"column":2},"end":{"line":42,"column":3}}},"1":{"name":"(anonymous_1)","decl":{"start":{"line":47,"column":2},"end":{"line":47,"column":8}},"loc":{"start":{"line":47,"column":20},"end":{"line":52,"column":3}}},"2":{"name":"(anonymous_2)","decl":{"start":{"line":58,"column":2},"end":{"line":58,"column":7}},"loc":{"start":{"line":58,"column":18},"end":{"line":96,"column":3}}},"3":{"name":"(anonymous_3)","decl":{"start":{"line":101,"column":2},"end":{"line":101,"column":7}},"loc":{"start":{"line":101,"column":14},"end":{"line":115,"column":3}}},"4":{"name":"(anonymous_4)","decl":{"start":{"line":121,"column":2},"end":{"line":121,"column":7}},"loc":{"start":{"line":121,"column":14},"end":{"line":145,"column":3}}},"5":{"name":"(anonymous_5)","decl":{"start":{"line":150,"column":2},"end":{"line":150,"column":16}},"loc":{"start":{"line":150,"column":16},"end":{"line":155,"column":3}}},"6":{"name":"(anonymous_6)","decl":{"start":{"line":160,"column":2},"end":{"line":160,"column":15}},"loc":{"start":{"line":160,"column":15},"end":{"line":165,"column":3}}},"7":{"name":"(anonymous_7)","decl":{"start":{"line":170,"column":2},"end":{"line":170,"column":12}},"loc":{"start":{"line":170,"column":12},"end":{"line":175,"column":3}}},"8":{"name":"(anonymous_8)","decl":{"start":{"line":180,"column":2},"end":{"line":180,"column":15}},"loc":{"start":{"line":180,"column":15},"end":{"line":185,"column":3}}},"9":{"name":"(anonymous_9)","decl":{"start":{"line":190,"column":2},"end":{"line":190,"column":17}},"loc":{"start":{"line":190,"column":17},"end":{"line":195,"column":3}}},"10":{"name":"(anonymous_10)","decl":{"start":{"line":200,"column":2},"end":{"line":200,"column":15}},"loc":{"start":{"line":200,"column":52},"end":{"line":219,"column":3}}},"11":{"name":"(anonymous_11)","decl":{"start":{"line":224,"column":2},"end":{"line":224,"column":11}},"loc":{"start":{"line":224,"column":22},"end":{"line":240,"column":3}}},"12":{"name":"(anonymous_12)","decl":{"start":{"line":227,"column":26},"end":{"line":227,"column":30}},"loc":{"start":{"line":227,"column":33},"end":{"line":236,"column":7}}},"13":{"name":"(anonymous_13)","decl":{"start":{"line":245,"column":2},"end":{"line":245,"column":15}},"loc":{"start":{"line":245,"column":15},"end":{"line":248,"column":3}}},"14":{"name":"(anonymous_14)","decl":{"start":{"line":246,"column":30},"end":{"line":246,"column":31}},"loc":{"start":{"line":246,"column":41},"end":{"line":246,"column":59}}},"15":{"name":"(anonymous_15)","decl":{"start":{"line":253,"column":10},"end":{"line":253,"column":31}},"loc":{"start":{"line":253,"column":31},"end":{"line":264,"column":3}}},"16":{"name":"(anonymous_16)","decl":{"start":{"line":257,"column":30},"end":{"line":257,"column":31}},"loc":{"start":{"line":257,"column":44},"end":{"line":261,"column":5}}},"17":{"name":"(anonymous_17)","decl":{"start":{"line":263,"column":21},"end":{"line":263,"column":23}},"loc":{"start":{"line":263,"column":27},"end":{"line":263,"column":45}}},"18":{"name":"(anonymous_18)","decl":{"start":{"line":269,"column":10},"end":{"line":269,"column":29}},"loc":{"start":{"line":269,"column":29},"end":{"line":277,"column":3}}},"19":{"name":"(anonymous_19)","decl":{"start":{"line":271,"column":12},"end":{"line":271,"column":13}},"loc":{"start":{"line":271,"column":22},"end":{"line":271,"column":51}}},"20":{"name":"(anonymous_20)","decl":{"start":{"line":282,"column":10},"end":{"line":282,"column":27}},"loc":{"start":{"line":282,"column":27},"end":{"line":288,"column":3}}},"21":{"name":"(anonymous_21)","decl":{"start":{"line":284,"column":45},"end":{"line":284,"column":48}},"loc":{"start":{"line":284,"column":50},"end":{"line":286,"column":7}}},"22":{"name":"(anonymous_22)","decl":{"start":{"line":293,"column":10},"end":{"line":293,"column":26}},"loc":{"start":{"line":293,"column":26},"end":{"line":298,"column":3}}},"23":{"name":"(anonymous_23)","decl":{"start":{"line":303,"column":2},"end":{"line":303,"column":17}},"loc":{"start":{"line":303,"column":32},"end":{"line":308,"column":3}}},"24":{"name":"(anonymous_24)","decl":{"start":{"line":313,"column":2},"end":{"line":313,"column":14}},"loc":{"start":{"line":313,"column":29},"end":{"line":315,"column":3}}},"25":{"name":"(anonymous_25)","decl":{"start":{"line":320,"column":2},"end":{"line":320,"column":16}},"loc":{"start":{"line":320,"column":31},"end":{"line":322,"column":3}}},"26":{"name":"(anonymous_26)","decl":{"start":{"line":327,"column":2},"end":{"line":327,"column":17}},"loc":{"start":{"line":327,"column":17},"end":{"line":329,"column":3}}},"27":{"name":"(anonymous_27)","decl":{"start":{"line":334,"column":2},"end":{"line":334,"column":14}},"loc":{"start":{"line":334,"column":14},"end":{"line":336,"column":3}}},"28":{"name":"(anonymous_28)","decl":{"start":{"line":341,"column":2},"end":{"line":341,"column":16}},"loc":{"start":{"line":341,"column":16},"end":{"line":343,"column":3}}},"29":{"name":"(anonymous_29)","decl":{"start":{"line":348,"column":2},"end":{"line":348,"column":9}},"loc":{"start":{"line":348,"column":9},"end":{"line":350,"column":3}}},"30":{"name":"(anonymous_30)","decl":{"start":{"line":355,"column":2},"end":{"line":355,"column":7}},"loc":{"start":{"line":355,"column":15},"end":{"line":360,"column":3}}},"31":{"name":"(anonymous_31)","decl":{"start":{"line":365,"column":2},"end":{"line":365,"column":9}},"loc":{"start":{"line":365,"column":9},"end":{"line":381,"column":3}}},"32":{"name":"(anonymous_32)","decl":{"start":{"line":385,"column":31},"end":{"line":385,"column":34}},"loc":{"start":{"line":385,"column":37},"end":{"line":385,"column":63}}}},"branchMap":{"0":{"loc":{"start":{"line":48,"column":4},"end":{"line":50,"column":5}},"type":"if","locations":[{"start":{"line":48,"column":4},"end":{"line":50,"column":5}}]},"1":{"loc":{"start":{"line":59,"column":4},"end":{"line":61,"column":5}},"type":"if","locations":[{"start":{"line":59,"column":4},"end":{"line":61,"column":5}}]},"2":{"loc":{"start":{"line":65,"column":31},"end":{"line":65,"column":88}},"type":"binary-expr","locations":[{"start":{"line":65,"column":31},"end":{"line":65,"column":50}},{"start":{"line":65,"column":55},"end":{"line":65,"column":88}}]},"3":{"loc":{"start":{"line":102,"column":4},"end":{"line":104,"column":5}},"type":"if","locations":[{"start":{"line":102,"column":4},"end":{"line":104,"column":5}}]},"4":{"loc":{"start":{"line":106,"column":4},"end":{"line":114,"column":5}},"type":"if","locations":[{"start":{"line":106,"column":4},"end":{"line":114,"column":5}}]},"5":{"loc":{"start":{"line":106,"column":8},"end":{"line":106,"column":68}},"type":"binary-expr","locations":[{"start":{"line":106,"column":8},"end":{"line":106,"column":25}},{"start":{"line":106,"column":29},"end":{"line":106,"column":68}}]},"6":{"loc":{"start":{"line":122,"column":4},"end":{"line":124,"column":5}},"type":"if","locations":[{"start":{"line":122,"column":4},"end":{"line":124,"column":5}}]},"7":{"loc":{"start":{"line":126,"column":4},"end":{"line":128,"column":5}},"type":"if","locations":[{"start":{"line":126,"column":4},"end":{"line":128,"column":5}}]},"8":{"loc":{"start":{"line":133,"column":4},"end":{"line":141,"column":5}},"type":"if","locations":[{"start":{"line":133,"column":4},"end":{"line":141,"column":5}}]},"9":{"loc":{"start":{"line":133,"column":8},"end":{"line":133,"column":45}},"type":"binary-expr","locations":[{"start":{"line":133,"column":8},"end":{"line":133,"column":25}},{"start":{"line":133,"column":29},"end":{"line":133,"column":45}}]},"10":{"loc":{"start":{"line":151,"column":4},"end":{"line":153,"column":5}},"type":"if","locations":[{"start":{"line":151,"column":4},"end":{"line":153,"column":5}}]},"11":{"loc":{"start":{"line":161,"column":4},"end":{"line":163,"column":5}},"type":"if","locations":[{"start":{"line":161,"column":4},"end":{"line":163,"column":5}}]},"12":{"loc":{"start":{"line":171,"column":4},"end":{"line":173,"column":5}},"type":"if","locations":[{"start":{"line":171,"column":4},"end":{"line":173,"column":5}}]},"13":{"loc":{"start":{"line":214,"column":4},"end":{"line":216,"column":5}},"type":"if","locations":[{"start":{"line":214,"column":4},"end":{"line":216,"column":5}}]},"14":{"loc":{"start":{"line":226,"column":4},"end":{"line":239,"column":5}},"type":"if","locations":[{"start":{"line":226,"column":4},"end":{"line":239,"column":5}}]},"15":{"loc":{"start":{"line":226,"column":8},"end":{"line":226,"column":32}},"type":"binary-expr","locations":[{"start":{"line":226,"column":8},"end":{"line":226,"column":13}},{"start":{"line":226,"column":17},"end":{"line":226,"column":32}}]},"16":{"loc":{"start":{"line":229,"column":10},"end":{"line":231,"column":11}},"type":"if","locations":[{"start":{"line":229,"column":10},"end":{"line":231,"column":11}}]},"17":{"loc":{"start":{"line":229,"column":14},"end":{"line":229,"column":72}},"type":"binary-expr","locations":[{"start":{"line":229,"column":14},"end":{"line":229,"column":28}},{"start":{"line":229,"column":32},"end":{"line":229,"column":72}}]},"18":{"loc":{"start":{"line":258,"column":6},"end":{"line":260,"column":7}},"type":"if","locations":[{"start":{"line":258,"column":6},"end":{"line":260,"column":7}}]},"19":{"loc":{"start":{"line":258,"column":10},"end":{"line":258,"column":50}},"type":"binary-expr","locations":[{"start":{"line":258,"column":10},"end":{"line":258,"column":26}},{"start":{"line":258,"column":30},"end":{"line":258,"column":50}}]},"20":{"loc":{"start":{"line":274,"column":20},"end":{"line":274,"column":53}},"type":"binary-expr","locations":[{"start":{"line":274,"column":20},"end":{"line":274,"column":26}},{"start":{"line":274,"column":30},"end":{"line":274,"column":53}}]},"21":{"loc":{"start":{"line":283,"column":4},"end":{"line":287,"column":5}},"type":"if","locations":[{"start":{"line":283,"column":4},"end":{"line":287,"column":5}}]},"22":{"loc":{"start":{"line":294,"column":4},"end":{"line":297,"column":5}},"type":"if","locations":[{"start":{"line":294,"column":4},"end":{"line":297,"column":5}}]},"23":{"loc":{"start":{"line":305,"column":4},"end":{"line":307,"column":5}},"type":"if","locations":[{"start":{"line":305,"column":4},"end":{"line":307,"column":5}}]},"24":{"loc":{"start":{"line":349,"column":11},"end":{"line":349,"column":48}},"type":"binary-expr","locations":[{"start":{"line":349,"column":11},"end":{"line":349,"column":29}},{"start":{"line":349,"column":33},"end":{"line":349,"column":48}}]},"25":{"loc":{"start":{"line":356,"column":4},"end":{"line":359,"column":5}},"type":"if","locations":[{"start":{"line":356,"column":4},"end":{"line":359,"column":5}}]},"26":{"loc":{"start":{"line":356,"column":8},"end":{"line":356,"column":66}},"type":"binary-expr","locations":[{"start":{"line":356,"column":8},"end":{"line":356,"column":25}},{"start":{"line":356,"column":29},"end":{"line":356,"column":66}}]},"27":{"loc":{"start":{"line":369,"column":4},"end":{"line":372,"column":5}},"type":"if","locations":[{"start":{"line":369,"column":4},"end":{"line":372,"column":5}}]}},"s":{"0":0,"1":0,"2":0,"3":0,"4":0,"5":0,"6":0,"7":0,"8":0,"9":0,"10":0,"11":0,"12":0,"13":0,"14":0,"15":0,"16":0,"17":0,"18":0,"19":0,"20":0,"21":0,"22":0,"23":0,"24":0,"25":0,"26":0,"27":0,"28":0,"29":0,"30":0,"31":0,"32":0,"33":0,"34":0,"35":0,"36":0,"37":0,"38":0,"39":0,"40":0,"41":0,"42":0,"43":0,"44":0,"45":0,"46":0,"47":0,"48":0,"49":0,"50":0,"51":0,"52":0,"53":0,"54":0,"55":0,"56":0,"57":0,"58":0,"59":0,"60":0,"61":0,"62":0,"63":0,"64":0,"65":0,"66":0,"67":0,"68":0,"69":0,"70":0,"71":0,"72":0,"73":0,"74":0,"75":0,"76":0,"77":0,"78":0,"79":0,"80":0,"81":0,"82":0,"83":0,"84":0,"85":0,"86":0,"87":0,"88":0,"89":0,"90":0,"91":0,"92":0,"93":0,"94":0,"95":0,"96":0,"97":0,"98":0,"99":0,"100":0,"101":0,"102":0,"103":0,"104":0,"105":0,"106":0,"107":0,"108":0,"109":0,"110":0,"111":0,"112":0,"113":0,"114":0,"115":0,"116":0,"117":0,"118":0,"119":0,"120":0,"121":0,"122":0,"123":0,"124":0,"125":0,"126":0,"127":0,"128":0,"129":0,"130":0,"131":0,"132":0,"133":0,"134":0,"135":0,"136":0,"137":0,"138":0,"139":0,"140":0,"141":0,"142":0},"f":{"0":0,"1":0,"2":0,"3":0,"4":0,"5":0,"6":0,"7":0,"8":0,"9":0,"10":0,"11":0,"12":0,"13":0,"14":0,"15":0,"16":0,"17":0,"18":0,"19":0,"20":0,"21":0,"22":0,"23":0,"24":0,"25":0,"26":0,"27":0,"28":0,"29":0,"30":0,"31":0,"32":0},"b":{"0":[0],"1":[0],"2":[0,0],"3":[0],"4":[0],"5":[0,0],"6":[0],"7":[0],"8":[0],"9":[0,0],"10":[0],"11":[0],"12":[0],"13":[0],"14":[0],"15":[0,0],"16":[0],"17":[0,0],"18":[0],"19":[0,0],"20":[0,0],"21":[0],"22":[0],"23":[0],"24":[0,0],"25":[0],"26":[0,0],"27":[0]}}
,"/app/workspace/neon-necropolis/src/audio/MusicManager.ts": {"path":"/app/workspace/neon-necropolis/src/audio/MusicManager.ts","statementMap":{"0":{"start":{"line":7,"column":0},"end":{"line":7,"column":49}},"1":{"start":{"line":22,"column":10},"end":{"line":22,"column":37}},"2":{"start":{"line":23,"column":10},"end":{"line":23,"column":52}},"3":{"start":{"line":26,"column":10},"end":{"line":26,"column":46}},"4":{"start":{"line":27,"column":10},"end":{"line":27,"column":45}},"5":{"start":{"line":28,"column":10},"end":{"line":28,"column":46}},"6":{"start":{"line":29,"column":10},"end":{"line":29,"column":50}},"7":{"start":{"line":32,"column":10},"end":{"line":37,"column":4}},"8":{"start":{"line":39,"column":10},"end":{"line":39,"column":40}},"9":{"start":{"line":40,"column":10},"end":{"line":40,"column":45}},"10":{"start":{"line":41,"column":10},"end":{"line":41,"column":38}},"11":{"start":{"line":44,"column":10},"end":{"line":44,"column":57}},"12":{"start":{"line":45,"column":10},"end":{"line":45,"column":39}},"13":{"start":{"line":46,"column":10},"end":{"line":46,"column":37}},"14":{"start":{"line":47,"column":10},"end":{"line":47,"column":35}},"15":{"start":{"line":50,"column":10},"end":{"line":56,"column":4}},"16":{"start":{"line":58,"column":10},"end":{"line":58,"column":47}},"17":{"start":{"line":59,"column":19},"end":{"line":59,"column":37}},"18":{"start":{"line":64,"column":4},"end":{"line":66,"column":5}},"19":{"start":{"line":65,"column":6},"end":{"line":65,"column":49}},"20":{"start":{"line":67,"column":4},"end":{"line":67,"column":33}},"21":{"start":{"line":74,"column":4},"end":{"line":76,"column":5}},"22":{"start":{"line":75,"column":6},"end":{"line":75,"column":13}},"23":{"start":{"line":78,"column":20},"end":{"line":78,"column":37}},"24":{"start":{"line":79,"column":4},"end":{"line":82,"column":5}},"25":{"start":{"line":80,"column":6},"end":{"line":80,"column":60}},"26":{"start":{"line":81,"column":6},"end":{"line":81,"column":13}},"27":{"start":{"line":84,"column":4},"end":{"line":84,"column":52}},"28":{"start":{"line":87,"column":4},"end":{"line":87,"column":28}},"29":{"start":{"line":90,"column":4},"end":{"line":90,"column":26}},"30":{"start":{"line":91,"column":4},"end":{"line":91,"column":38}},"31":{"start":{"line":92,"column":4},"end":{"line":92,"column":35}},"32":{"start":{"line":94,"column":4},"end":{"line":98,"column":5}},"33":{"start":{"line":95,"column":6},"end":{"line":97,"column":27}},"34":{"start":{"line":96,"column":8},"end":{"line":96,"column":22}},"35":{"start":{"line":105,"column":4},"end":{"line":107,"column":5}},"36":{"start":{"line":106,"column":6},"end":{"line":106,"column":13}},"37":{"start":{"line":109,"column":4},"end":{"line":109,"column":52}},"38":{"start":{"line":112,"column":4},"end":{"line":112,"column":35}},"39":{"start":{"line":113,"column":4},"end":{"line":113,"column":34}},"40":{"start":{"line":114,"column":4},"end":{"line":114,"column":35}},"41":{"start":{"line":115,"column":4},"end":{"line":115,"column":39}},"42":{"start":{"line":117,"column":4},"end":{"line":117,"column":26}},"43":{"start":{"line":118,"column":4},"end":{"line":118,"column":25}},"44":{"start":{"line":119,"column":4},"end":{"line":119,"column":26}},"45":{"start":{"line":120,"column":4},"end":{"line":120,"column":30}},"46":{"start":{"line":123,"column":4},"end":{"line":126,"column":5}},"47":{"start":{"line":124,"column":6},"end":{"line":124,"column":41}},"48":{"start":{"line":125,"column":6},"end":{"line":125,"column":33}},"49":{"start":{"line":128,"column":4},"end":{"line":128,"column":27}},"50":{"start":{"line":135,"column":4},"end":{"line":137,"column":5}},"51":{"start":{"line":136,"column":6},"end":{"line":136,"column":13}},"52":{"start":{"line":139,"column":4},"end":{"line":139,"column":86}},"53":{"start":{"line":140,"column":4},"end":{"line":140,"column":38}},"54":{"start":{"line":143,"column":21},"end":{"line":143,"column":54}},"55":{"start":{"line":144,"column":4},"end":{"line":144,"column":68}},"56":{"start":{"line":144,"column":24},"end":{"line":144,"column":68}},"57":{"start":{"line":145,"column":4},"end":{"line":145,"column":65}},"58":{"start":{"line":145,"column":23},"end":{"line":145,"column":65}},"59":{"start":{"line":146,"column":4},"end":{"line":146,"column":68}},"60":{"start":{"line":146,"column":24},"end":{"line":146,"column":68}},"61":{"start":{"line":147,"column":4},"end":{"line":147,"column":80}},"62":{"start":{"line":147,"column":28},"end":{"line":147,"column":80}},"63":{"start":{"line":154,"column":4},"end":{"line":154,"column":33}},"64":{"start":{"line":162,"column":4},"end":{"line":162,"column":43}},"65":{"start":{"line":165,"column":4},"end":{"line":165,"column":42}},"66":{"start":{"line":166,"column":4},"end":{"line":166,"column":25}},"67":{"start":{"line":169,"column":4},"end":{"line":169,"column":43}},"68":{"start":{"line":172,"column":4},"end":{"line":172,"column":47}},"69":{"start":{"line":179,"column":4},"end":{"line":184,"column":6}},"70":{"start":{"line":191,"column":4},"end":{"line":193,"column":5}},"71":{"start":{"line":192,"column":6},"end":{"line":192,"column":13}},"72":{"start":{"line":195,"column":16},"end":{"line":195,"column":26}},"73":{"start":{"line":198,"column":4},"end":{"line":201,"column":5}},"74":{"start":{"line":199,"column":6},"end":{"line":199,"column":25}},"75":{"start":{"line":200,"column":6},"end":{"line":200,"column":33}},"76":{"start":{"line":204,"column":4},"end":{"line":207,"column":5}},"77":{"start":{"line":205,"column":6},"end":{"line":205,"column":26}},"78":{"start":{"line":206,"column":6},"end":{"line":206,"column":30}},"79":{"start":{"line":210,"column":4},"end":{"line":210,"column":30}},"80":{"start":{"line":217,"column":4},"end":{"line":217,"column":89}},"81":{"start":{"line":220,"column":4},"end":{"line":220,"column":34}},"82":{"start":{"line":221,"column":4},"end":{"line":221,"column":25}},"83":{"start":{"line":228,"column":4},"end":{"line":228,"column":31}},"84":{"start":{"line":228,"column":24},"end":{"line":228,"column":31}},"85":{"start":{"line":230,"column":20},"end":{"line":230,"column":37}},"86":{"start":{"line":231,"column":18},"end":{"line":231,"column":42}},"87":{"start":{"line":232,"column":16},"end":{"line":232,"column":36}},"88":{"start":{"line":233,"column":16},"end":{"line":233,"column":31}},"89":{"start":{"line":235,"column":18},"end":{"line":235,"column":63}},"90":{"start":{"line":238,"column":4},"end":{"line":279,"column":7}},"91":{"start":{"line":240,"column":19},"end":{"line":240,"column":59}},"92":{"start":{"line":241,"column":19},"end":{"line":241,"column":63}},"93":{"start":{"line":242,"column":19},"end":{"line":242,"column":65}},"94":{"start":{"line":245,"column":20},"end":{"line":245,"column":45}},"95":{"start":{"line":246,"column":20},"end":{"line":246,"column":45}},"96":{"start":{"line":247,"column":20},"end":{"line":247,"column":45}},"97":{"start":{"line":249,"column":6},"end":{"line":249,"column":60}},"98":{"start":{"line":250,"column":6},"end":{"line":250,"column":60}},"99":{"start":{"line":251,"column":6},"end":{"line":251,"column":60}},"100":{"start":{"line":254,"column":21},"end":{"line":258,"column":8}},"101":{"start":{"line":261,"column":6},"end":{"line":261,"column":26}},"102":{"start":{"line":262,"column":6},"end":{"line":262,"column":26}},"103":{"start":{"line":263,"column":6},"end":{"line":263,"column":26}},"104":{"start":{"line":265,"column":6},"end":{"line":265,"column":28}},"105":{"start":{"line":266,"column":6},"end":{"line":266,"column":28}},"106":{"start":{"line":267,"column":6},"end":{"line":267,"column":28}},"107":{"start":{"line":269,"column":6},"end":{"line":269,"column":46}},"108":{"start":{"line":272,"column":6},"end":{"line":272,"column":22}},"109":{"start":{"line":273,"column":6},"end":{"line":273,"column":22}},"110":{"start":{"line":274,"column":6},"end":{"line":274,"column":22}},"111":{"start":{"line":277,"column":6},"end":{"line":277,"column":56}},"112":{"start":{"line":278,"column":6},"end":{"line":278,"column":53}},"113":{"start":{"line":286,"column":4},"end":{"line":286,"column":32}},"114":{"start":{"line":286,"column":25},"end":{"line":286,"column":32}},"115":{"start":{"line":288,"column":20},"end":{"line":288,"column":37}},"116":{"start":{"line":289,"column":18},"end":{"line":289,"column":42}},"117":{"start":{"line":290,"column":16},"end":{"line":290,"column":36}},"118":{"start":{"line":291,"column":16},"end":{"line":291,"column":31}},"119":{"start":{"line":293,"column":17},"end":{"line":293,"column":56}},"120":{"start":{"line":294,"column":4},"end":{"line":294,"column":82}},"121":{"start":{"line":297,"column":16},"end":{"line":297,"column":52}},"122":{"start":{"line":298,"column":17},"end":{"line":298,"column":42}},"123":{"start":{"line":299,"column":4},"end":{"line":299,"column":51}},"124":{"start":{"line":302,"column":4},"end":{"line":312,"column":6}},"125":{"start":{"line":315,"column":4},"end":{"line":315,"column":22}},"126":{"start":{"line":316,"column":4},"end":{"line":316,"column":42}},"127":{"start":{"line":319,"column":4},"end":{"line":319,"column":19}},"128":{"start":{"line":320,"column":4},"end":{"line":320,"column":24}},"129":{"start":{"line":323,"column":4},"end":{"line":330,"column":12}},"130":{"start":{"line":324,"column":6},"end":{"line":329,"column":7}},"131":{"start":{"line":325,"column":8},"end":{"line":325,"column":25}},"132":{"start":{"line":326,"column":8},"end":{"line":326,"column":26}},"133":{"start":{"line":337,"column":22},"end":{"line":337,"column":26}},"134":{"start":{"line":340,"column":4},"end":{"line":353,"column":7}},"135":{"start":{"line":341,"column":6},"end":{"line":341,"column":25}},"136":{"start":{"line":341,"column":18},"end":{"line":341,"column":25}},"137":{"start":{"line":344,"column":19},"end":{"line":344,"column":59}},"138":{"start":{"line":345,"column":6},"end":{"line":345,"column":46}},"139":{"start":{"line":348,"column":6},"end":{"line":352,"column":9}},"140":{"start":{"line":349,"column":8},"end":{"line":351,"column":9}},"141":{"start":{"line":350,"column":10},"end":{"line":350,"column":48}},"142":{"start":{"line":360,"column":4},"end":{"line":360,"column":23}},"143":{"start":{"line":360,"column":16},"end":{"line":360,"column":23}},"144":{"start":{"line":362,"column":20},"end":{"line":362,"column":37}},"145":{"start":{"line":363,"column":16},"end":{"line":363,"column":36}},"146":{"start":{"line":364,"column":16},"end":{"line":364,"column":31}},"147":{"start":{"line":367,"column":4},"end":{"line":371,"column":7}},"148":{"start":{"line":368,"column":6},"end":{"line":370,"column":7}},"149":{"start":{"line":369,"column":8},"end":{"line":369,"column":56}},"150":{"start":{"line":373,"column":4},"end":{"line":397,"column":12}},"151":{"start":{"line":374,"column":6},"end":{"line":383,"column":9}},"152":{"start":{"line":375,"column":8},"end":{"line":382,"column":9}},"153":{"start":{"line":376,"column":10},"end":{"line":379,"column":11}},"154":{"start":{"line":377,"column":12},"end":{"line":377,"column":23}},"155":{"start":{"line":378,"column":12},"end":{"line":378,"column":29}},"156":{"start":{"line":385,"column":6},"end":{"line":393,"column":9}},"157":{"start":{"line":386,"column":8},"end":{"line":392,"column":9}},"158":{"start":{"line":387,"column":10},"end":{"line":389,"column":11}},"159":{"start":{"line":388,"column":12},"end":{"line":388,"column":30}},"160":{"start":{"line":395,"column":6},"end":{"line":395,"column":29}},"161":{"start":{"line":396,"column":6},"end":{"line":396,"column":23}},"162":{"start":{"line":404,"column":4},"end":{"line":404,"column":26}},"163":{"start":{"line":19,"column":0},"end":{"line":19,"column":13}},"164":{"start":{"line":20,"column":17},"end":{"line":20,"column":49}},"165":{"start":{"line":409,"column":31},"end":{"line":409,"column":63}},"166":{"start":{"line":409,"column":37},"end":{"line":409,"column":63}},"167":{"start":{"line":409,"column":13},"end":{"line":409,"column":31}}},"fnMap":{"0":{"name":"(anonymous_0)","decl":{"start":{"line":61,"column":2},"end":{"line":61,"column":25}},"loc":{"start":{"line":61,"column":2},"end":{"line":61,"column":26}}},"1":{"name":"(anonymous_1)","decl":{"start":{"line":63,"column":2},"end":{"line":63,"column":8}},"loc":{"start":{"line":63,"column":20},"end":{"line":68,"column":3}}},"2":{"name":"(anonymous_2)","decl":{"start":{"line":73,"column":2},"end":{"line":73,"column":7}},"loc":{"start":{"line":73,"column":7},"end":{"line":99,"column":3}}},"3":{"name":"(anonymous_3)","decl":{"start":{"line":95,"column":47},"end":{"line":95,"column":50}},"loc":{"start":{"line":95,"column":52},"end":{"line":97,"column":7}}},"4":{"name":"(anonymous_4)","decl":{"start":{"line":104,"column":2},"end":{"line":104,"column":6}},"loc":{"start":{"line":104,"column":6},"end":{"line":129,"column":3}}},"5":{"name":"(anonymous_5)","decl":{"start":{"line":134,"column":2},"end":{"line":134,"column":14}},"loc":{"start":{"line":134,"column":40},"end":{"line":148,"column":3}}},"6":{"name":"(anonymous_6)","decl":{"start":{"line":153,"column":2},"end":{"line":153,"column":14}},"loc":{"start":{"line":153,"column":14},"end":{"line":155,"column":3}}},"7":{"name":"(anonymous_7)","decl":{"start":{"line":160,"column":10},"end":{"line":160,"column":26}},"loc":{"start":{"line":160,"column":26},"end":{"line":173,"column":3}}},"8":{"name":"(anonymous_8)","decl":{"start":{"line":178,"column":10},"end":{"line":178,"column":21}},"loc":{"start":{"line":178,"column":43},"end":{"line":185,"column":3}}},"9":{"name":"(anonymous_9)","decl":{"start":{"line":190,"column":10},"end":{"line":190,"column":16}},"loc":{"start":{"line":190,"column":16},"end":{"line":211,"column":3}}},"10":{"name":"(anonymous_10)","decl":{"start":{"line":216,"column":10},"end":{"line":216,"column":21}},"loc":{"start":{"line":216,"column":21},"end":{"line":222,"column":3}}},"11":{"name":"(anonymous_11)","decl":{"start":{"line":227,"column":10},"end":{"line":227,"column":23}},"loc":{"start"
[...]
olumn":36},"end":{"line":122,"column":5}}},"4":{"name":"(anonymous_4)","decl":{"start":{"line":127,"column":12},"end":{"line":127,"column":21}},"loc":{"start":{"line":127,"column":36},"end":{"line":136,"column":5}}},"5":{"name":"(anonymous_5)","decl":{"start":{"line":141,"column":12},"end":{"line":141,"column":21}},"loc":{"start":{"line":141,"column":38},"end":{"line":167,"column":5}}},"6":{"name":"(anonymous_6)","decl":{"start":{"line":172,"column":12},"end":{"line":172,"column":24}},"loc":{"start":{"line":172,"column":58},"end":{"line":185,"column":5}}},"7":{"name":"(anonymous_7)","decl":{"start":{"line":190,"column":12},"end":{"line":190,"column":21}},"loc":{"start":{"line":190,"column":57},"end":{"line":200,"column":5}}},"8":{"name":"(anonymous_8)","decl":{"start":{"line":205,"column":4},"end":{"line":205,"column":19}},"loc":{"start":{"line":205,"column":19},"end":{"line":235,"column":5}}}},"branchMap":{"0":{"loc":{"start":{"line":60,"column":8},"end":{"line":69,"column":9}},"type":"if","locations":[{"start":{"line":60,"column":8},"end":{"line":69,"column":9}},{"start":{"line":63,"column":15},"end":{"line":69,"column":9}}]},"1":{"loc":{"start":{"line":63,"column":15},"end":{"line":69,"column":9}},"type":"if","locations":[{"start":{"line":63,"column":15},"end":{"line":69,"column":9}},{"start":{"line":66,"column":15},"end":{"line":69,"column":9}}]},"2":{"loc":{"start":{"line":157,"column":31},"end":{"line":157,"column":67}},"type":"cond-expr","locations":[{"start":{"line":157,"column":52},"end":{"line":157,"column":58}},{"start":{"line":157,"column":61},"end":{"line":157,"column":67}}]},"3":{"loc":{"start":{"line":162,"column":29},"end":{"line":162,"column":65}},"type":"cond-expr","locations":[{"start":{"line":162,"column":50},"end":{"line":162,"column":56}},{"start":{"line":162,"column":59},"end":{"line":162,"column":65}}]}},"s":{"0":0,"1":0,"2":0,"3":0,"4":0,"5":0,"6":0,"7":0,"8":0,"9":0,"10":0,"11":0,"12":0,"13":0,"14":0,"15":0,"16":0,"17":0,"18":0,"19":0,"20":0,"21":0,"22":0,"23":0,"24":0,"25":0,"26":0,"27":0,"28":0,"29":0,"30":0,"31":0,"32":0,"33":0,"34":0,"35":0,"36":0,"37":0,"38":0,"39":0,"40":0,"41":0,"42":0,"43":0,"44":0,"45":0,"46":0,"47":0,"48":0,"49":0,"50":0,"51":0,"52":0,"53":0,"54":0,"55":0,"56":0,"57":0,"58":0,"59":0,"60":0,"61":0,"62":0,"63":0,"64":0,"65":0,"66":0,"67":0,"68":0,"69":0,"70":0,"71":0,"72":0,"73":0,"74":0,"75":0,"76":0,"77":0,"78":0,"79":0,"80":0,"81":0,"82":0,"83":0,"84":0,"85":0,"86":0,"87":0,"88":0,"89":0,"90":0,"91":0,"92":0,"93":0,"94":0,"95":0,"96":0,"97":0,"98":0,"99":0,"100":0,"101":0,"102":0,"103":0,"104":0,"105":0,"106":0,"107":0,"108":0,"109":0,"110":0,"111":0,"112":0,"113":0,"114":0,"115":0,"116":0,"117":0,"118":0,"119":0},"f":{"0":0,"1":0,"2":0,"3":0,"4":0,"5":0,"6":0,"7":0,"8":0},"b":{"0":[0,0],"1":[0,0],"2":[0,0],"3":[0,0]}}
,"/app/workspace/neon-necropolis/src/ui/LevelUpUI.ts": {"path":"/app/workspace/neon-necropolis/src/ui/LevelUpUI.ts","statementMap":{"0":{"start":{"line":4,"column":0},"end":{"line":4,"column":53}},"1":{"start":{"line":9,"column":12},"end":{"line":9,"column":38}},"2":{"start":{"line":10,"column":12},"end":{"line":10,"column":68}},"3":{"start":{"line":13,"column":8},"end":{"line":13,"column":29}},"4":{"start":{"line":14,"column":8},"end":{"line":14,"column":44}},"5":{"start":{"line":21,"column":8},"end":{"line":24,"column":9}},"6":{"start":{"line":22,"column":12},"end":{"line":22,"column":24}},"7":{"start":{"line":23,"column":12},"end":{"line":23,"column":19}},"8":{"start":{"line":26,"column":8},"end":{"line":26,"column":24}},"9":{"start":{"line":29,"column":8},"end":{"line":29,"column":51}},"10":{"start":{"line":30,"column":8},"end":{"line":30,"column":71}},"11":{"start":{"line":33,"column":8},"end":{"line":33,"column":38}},"12":{"start":{"line":34,"column":8},"end":{"line":34,"column":33}},"13":{"start":{"line":35,"column":8},"end":{"line":35,"column":36}},"14":{"start":{"line":36,"column":8},"end":{"line":36,"column":46}},"15":{"start":{"line":37,"column":8},"end":{"line":37,"column":38}},"16":{"start":{"line":38,"column":8},"end":{"line":38,"column":38}},"17":{"start":{"line":39,"column":8},"end":{"line":39,"column":66}},"18":{"start":{"line":42,"column":8},"end":{"line":42,"column":32}},"19":{"start":{"line":43,"column":8},"end":{"line":43,"column":36}},"20":{"start":{"line":44,"column":8},"end":{"line":44,"column":41}},"21":{"start":{"line":45,"column":8},"end":{"line":45,"column":78}},"22":{"start":{"line":48,"column":8},"end":{"line":48,"column":38}},"23":{"start":{"line":51,"column":8},"end":{"line":51,"column":41}},"24":{"start":{"line":52,"column":8},"end":{"line":52,"column":36}},"25":{"start":{"line":53,"column":8},"end":{"line":53,"column":113}},"26":{"start":{"line":55,"column":8},"end":{"line":55,"column":27}},"27":{"start":{"line":58,"column":8},"end":{"line":58,"column":43}},"28":{"start":{"line":65,"column":26},"end":{"line":65,"column":29}},"29":{"start":{"line":66,"column":27},"end":{"line":66,"column":30}},"30":{"start":{"line":67,"column":24},"end":{"line":67,"column":26}},"31":{"start":{"line":68,"column":23},"end":{"line":68,"column":110}},"32":{"start":{"line":69,"column":23},"end":{"line":69,"column":26}},"33":{"start":{"line":71,"column":8},"end":{"line":76,"column":9}},"34":{"start":{"line":71,"column":21},"end":{"line":71,"column":22}},"35":{"start":{"line":72,"column":22},"end":{"line":72,"column":56}},"36":{"start":{"line":73,"column":22},"end":{"line":73,"column":28}},"37":{"start":{"line":75,"column":12},"end":{"line":75,"column":99}},"38":{"start":{"line":90,"column":8},"end":{"line":90,"column":24}},"39":{"start":{"line":93,"column":8},"end":{"line":93,"column":91}},"40":{"start":{"line":94,"column":8},"end":{"line":94,"column":47}},"41":{"start":{"line":97,"column":8},"end":{"line":97,"column":58}},"42":{"start":{"line":98,"column":8},"end":{"line":98,"column":46}},"43":{"start":{"line":99,"column":8},"end":{"line":102,"column":9}},"44":{"start":{"line":100,"column":12},"end":{"line":100,"column":42}},"45":{"start":{"line":101,"column":12},"end":{"line":101,"column":37}},"46":{"start":{"line":103,"column":8},"end":{"line":103,"column":49}},"47":{"start":{"line":104,"column":8},"end":{"line":104,"column":32}},"48":{"start":{"line":107,"column":25},"end":{"line":107,"column":27}},"49":{"start":{"line":108,"column":26},"end":{"line":108,"column":28}},"50":{"start":{"line":109,"column":30},"end":{"line":109,"column":32}},"51":{"start":{"line":110,"column":24},"end":{"line":110,"column":29}},"52":{"start":{"line":112,"column":8},"end":{"line":128,"column":9}},"53":{"start":{"line":113,"column":12},"end":{"line":113,"column":29}},"54":{"start":{"line":114,"column":12},"end":{"line":114,"column":60}},"55":{"start":{"line":115,"column":12},"end":{"line":115,"column":52}},"56":{"start":{"line":116,"column":12},"end":{"line":116,"column":74}},"57":{"start":{"line":118,"column":32},"end":{"line":118,"column":58}},"58":{"start":{"line":119,"column":12},"end":{"line":119,"column":42}},"59":{"start":{"line":120,"column":12},"end":{"line":120,"column":39}},"60":{"start":{"line":121,"column":12},"end":{"line":127,"column":36}},"61":{"start":{"line":127,"column":26},"end":{"line":127,"column":34}},"62":{"start":{"line":131,"column":8},"end":{"line":131,"column":57}},"63":{"start":{"line":132,"column":8},"end":{"line":132,"column":46}},"64":{"start":{"line":133,"column":8},"end":{"line":133,"column":38}},"65":{"start":{"line":134,"column":8},"end":{"line":134,"column":38}},"66":{"start":{"line":135,"column":8},"end":{"line":135,"column":61}},"67":{"start":{"line":138,"column":8},"end":{"line":138,"column":36}},"68":{"start":{"line":139,"column":8},"end":{"line":139,"column":41}},"69":{"start":{"line":140,"column":8},"end":{"line":140,"column":62}},"70":{"start":{"line":143,"column":8},"end":{"line":143,"column":36}},"71":{"start":{"line":144,"column":8},"end":{"line":144,"column":41}},"72":{"start":{"line":145,"column":8},"end":{"line":145,"column":36}},"73":{"start":{"line":146,"column":20},"end":{"line":146,"column":27}},"74":{"start":{"line":147,"column":8},"end":{"line":150,"column":9}},"75":{"start":{"line":148,"column":12},"end":{"line":148,"column":51}},"76":{"start":{"line":149,"column":12},"end":{"line":149,"column":24}},"77":{"start":{"line":153,"column":26},"end":{"line":153,"column":103}},"78":{"start":{"line":154,"column":8},"end":{"line":154,"column":36}},"79":{"start":{"line":155,"column":8},"end":{"line":155,"column":46}},"80":{"start":{"line":156,"column":8},"end":{"line":156,"column":38}},"81":{"start":{"line":157,"column":8},"end":{"line":157,"column":80}},"82":{"start":{"line":159,"column":8},"end":{"line":159,"column":27}},"83":{"start":{"line":167,"column":8},"end":{"line":169,"column":9}},"84":{"start":{"line":168,"column":12},"end":{"line":168,"column":68}},"85":{"start":{"line":172,"column":8},"end":{"line":189,"column":10}},"86":{"start":{"line":173,"column":12},"end":{"line":188,"column":13}},"87":{"start":{"line":174,"column":16},"end":{"line":177,"column":17}},"88":{"start":{"line":175,"column":20},"end":{"line":175,"column":35}},"89":{"start":{"line":176,"column":20},"end":{"line":176,"column":32}},"90":{"start":{"line":178,"column":19},"end":{"line":188,"column":13}},"91":{"start":{"line":179,"column":16},"end":{"line":182,"column":17}},"92":{"start":{"line":180,"column":20},"end":{"line":180,"column":35}},"93":{"start":{"line":181,"column":20},"end":{"line":181,"column":32}},"94":{"start":{"line":183,"column":19},"end":{"line":188,"column":13}},"95":{"start":{"line":184,"column":16},"end":{"line":187,"column":17}},"96":{"start":{"line":185,"column":20},"end":{"line":185,"column":35}},"97":{"start":{"line":186,"column":20},"end":{"line":186,"column":32}},"98":{"start":{"line":191,"column":8},"end":{"line":191,"column":61}},"99":{"start":{"line":198,"column":8},"end":{"line":201,"column":9}},"100":{"start":{"line":199,"column":12},"end":{"line":199,"column":68}},"101":{"start":{"line":200,"column":12},"end":{"line":200,"column":36}},"102":{"start":{"line":6,"column":0},"end":{"line":6,"column":13}}},"fnMap":{"0":{"name":"(anonymous_0)","decl":{"start":{"line":12,"column":4},"end":{"line":12,"column":16}},"loc":{"start":{"line":12,"column":41},"end":{"line":15,"column":5}}},"1":{"name":"(anonymous_1)","decl":{"start":{"line":20,"column":4},"end":{"line":20,"column":10}},"loc":{"start":{"line":20,"column":63},"end":{"line":59,"column":5}}},"2":{"name":"(anonymous_2)","decl":{"start":{"line":64,"column":12},"end":{"line":64,"column":27}},"loc":{"start":{"line":64,"column":45},"end":{"line":77,"column":5}}},"3":{"name":"(anonymous_3)","decl":{"start":{"line":82,"column":12},"end":{"line":82,"column":26}},"loc":{"start":{"line":88,"column":25},"end":{"line":160,"column":5}}},"4":{"name":"(anonymous_4)","decl":{"start":{"line":127,"column":21},"end":{"line":127,"column":22}},"loc":{"start":{"line":127,"column":26},"end":{"line":127,"column":34}}},"5":{"name":"(anonymous_5)","decl":{"start":{"line":165,"column":12},"end":{"line":165,"column":22}},"loc":{"start":{"line":165,"column":75},"end":{"line":192,"column":5}}},"6":{"name":"(anonymous_6)","decl":{"start":{"line":172,"column":27},"end":{"line":172,"column":28}},"loc":{"start":{"line":172,"column":48},"end":{"line":189,"column":9}}},"7":{"name":"(anonymous_7)","decl":{"start":{"line":197,"column":4},"end":{"line":197,"column":11}},"loc":{"start":{"line":197,"column":11},"end":{"line":202,"column":5}}}},"branchMap":{"0":{"loc":{"start":{"line":21,"column":8},"end":{"line":24,"column":9}},"type":"if","locations":[{"start":{"line":21,"column":8},"end":{"line":24,"column":9}}]},"1":{"loc":{"start":{"line":93,"column":29},"end":{"line":93,"column":90}},"type":"cond-expr","locations":[{"start":{"line":93,"column":40},"end":{"line":93,"column":64}},{"start":{"line":93,"column":67},"end":{"line":93,"column":90}}]},"2":{"loc":{"start":{"line":97,"column":31},"end":{"line":97,"column":57}},"type":"cond-expr","locations":[{"start":{"line":97,"column":42},"end":{"line":97,"column":48}},{"start":{"line":97,"column":51},"end":{"line":97,"column":57}}]},"3":{"loc":{"start":{"line":98,"column":29},"end":{"line":98,"column":45}},"type":"cond-expr","locations":[{"start":{"line":98,"column":40},"end":{"line":98,"column":41}},{"start":{"line":98,"column":44},"end":{"line":98,"column":45}}]},"4":{"loc":{"start":{"line":99,"column":8},"end":{"line":102,"column":9}},"type":"if","locations":[{"start":{"line":99,"column":8},"end":{"line":102,"column":9}}]},"5":{"loc":{"start":{"line":112,"column":8},"end":{"line":128,"column":9}},"type":"if","locations":[{"start":{"line":112,"column":8},"end":{"line":128,"column":9}},{"start":{"line":117,"column":15},"end":{"line":128,"column":9}}]},"6":{"loc":{"start":{"line":125,"column":16},"end":{"line":125,"column":81}},"type":"cond-expr","locations":[{"start":{"line":125,"column":43},"end":{"line":125,"column":76}},{"start":{"line":125,"column":79},"end":{"line":125,"column":81}}]},"7":{"loc":{"start":{"line":126,"column":16},"end":{"line":126,"column":76}},"type":"cond-expr","locations":[{"start":{"line":126,"column":38},"end":{"line":126,"column":71}},{"start":{"line":126,"column":74},"end":{"line":126,"column":76}}]},"8":{"loc":{"start":{"line":131,"column":29},"end":{"line":131,"column":56}},"type":"cond-expr","locations":[{"start":{"line":131,"column":41},"end":{"line":131,"column":47}},{"start":{"line":131,"column":50},"end":{"line":131,"column":56}}]},"9":{"loc":{"start":{"line":167,"column":8},"end":{"line":169,"column":9}},"type":"if","locations":[{"start":{"line":167,"column":8},"end":{"line":169,"column":9}}]},"10":{"loc":{"start":{"line":173,"column":12},"end":{"line":188,"column":13}},"type":"if","locations":[{"start":{"line":173,"column":12},"end":{"line":188,"column":13}},{"start":{"line":178,"column":19},"end":{"line":188,"column":13}}]},"11":{"loc":{"start":{"line":173,"column":16},"end":{"line":173,"column":59}},"type":"binary-expr","locations":[{"start":{"line":173,"column":16},"end":{"line":173,"column":35}},{"start":{"line":173,"column":39},"end":{"line":173,"column":59}}]},"12":{"loc":{"start":{"line":174,"column":16},"end":{"line":177,"column":17}},"type":"if","locations":[{"start":{"line":174,"column":16},"end":{"line":177,"column":17}}]},"13":{"loc":{"start":{"line":178,"column":19},"end":{"line":188,"column":13}},"type":"if","locations":[{"start":{"line":178,"column":19},"end":{"line":188,"column":13}},{"start":{"line":183,"column":19},"end":{"line":188,"column":13}}]},"14":{"loc":{"start":{"line":178,"column":23},"end":{"line":178,"column":66}},"type":"binary-expr","locations":[{"start":{"line":178,"column":23},"end":{"line":178,"column":42}},{"start":{"line":178,"column":46},"end":{"line":178,"column":66}}]},"15":{"loc":{"start":{"line":179,"column":16},"end":{"line":182,"column":17}},"type":"if","locations":[{"start":{"line":179,"column":16},"end":{"line":182,"column":17}}]},"16":{"loc":{"start":{"line":183,"column":19},"end":{"line":188,"column":13}},"type":"if","locations":[{"start":{"line":183,"column":19},"end":{"line":188,"column":13}}]},"17":{"loc":{"start":{"line":183,"column":23},"end":{"line":183,"column":66}},"type":"binary-expr","locations":[{"start":{"line":183,"column":23},"end":{"line":183,"column":42}},{"start":{"line":183,"column":46},"end":{"line":183,"column":66}}]},"18":{"loc":{"start":{"line":184,"column":16},"end":{"line":187,"column":17}},"type":"if","locations":[{"start":{"line":184,"column":16},"end":{"line":187,"column":17}}]},"19":{"loc":{"start":{"line":198,"column":8},"end":{"line":201,"column":9}},"type":"if","locations":[{"start":{"line":198,"column":8},"end":{"line":201,"column":9}}]}},"s":{"0":0,"1":0,"2":0,"3":0,"4":0,"5":0,"6":0,"7":0,"8":0,"9":0,"10":0,"11":0,"12":0,"13":0,"14":0,"15":0,"16":0,"17":0,"18":0,"19":0,"20":0,"21":0,"22":0,"23":0,"24":0,"25":0,"26":0,"27":0,"28":0,"29":0,"30":0,"31":0,"32":0,"33":0,"34":0,"35":0,"36":0,"37":0,"38":0,"39":0,"40":0,"41":0,"42":0,"43":0,"44":0,"45":0,"46":0,"47":0,"48":0,"49":0,"50":0,"51":0,"52":0,"53":0,"54":0,"55":0,"56":0,"57":0,"58":0,"59":0,"60":0,"61":0,"62":0,"63":0,"64":0,"65":0,"66":0,"67":0,"68":0,"69":0,"70":0,"71":0,"72":0,"73":0,"74":0,"75":0,"76":0,"77":0,"78":0,"79":0,"80":0,"81":0,"82":0,"83":0,"84":0,"85":0,"86":0,"87":0,"88":0,"89":0,"90":0,"91":0,"92":0,"93":0,"94":0,"95":0,"96":0,"97":0,"98":0,"99":0,"100":0,"101":0,"102":0},"f":{"0":0,"1":0,"2":0,"3":0,"4":0,"5":0,"6":0,"7":0},"b":{"0":[0],"1":[0,0],"2":[0,0],"3":[0,0],"4":[0],"5":[0,0],"6":[0,0],"7":[0,0],"8":[0,0],"9":[0],"10":[0,0],"11":[0,0],"12":[0],"13":[0,0],"14":[0,0],"15":[0],"16":[0],"17":[0,0],"18":[0],"19":[0]}}
,"/app/workspace/neon-necropolis/src/utils/Colors.ts": {"path":"/app/workspace/neon-necropolis/src/utils/Colors.ts","statementMap":{"0":{"start":{"line":6,"column":13},"end":{"line":167,"column":2}},"1":{"start":{"line":101,"column":16},"end":{"line":101,"column":38}},"2":{"start":{"line":102,"column":14},"end":{"line":102,"column":47}},"3":{"start":{"line":103,"column":14},"end":{"line":103,"column":47}},"4":{"start":{"line":104,"column":14},"end":{"line":104,"column":47}},"5":{"start":{"line":105,"column":4},"end":{"line":105,"column":46}},"6":{"start":{"line":112,"column":23},"end":{"line":121,"column":6}},"7":{"start":{"line":122,"column":4},"end":{"line":122,"column":69}},"8":{"start":{"line":129,"column":25},"end":{"line":129,"column":51}},"9":{"start":{"line":130,"column":4},"end":{"line":130,"column":73}},"10":{"start":{"line":137,"column":17},"end":{"line":137,"column":40}},"11":{"start":{"line":138,"column":17},"end":{"line":138,"column":40}},"12":{"start":{"line":140,"column":15},"end":{"line":140,"column":49}},"13":{"start":{"line":141,"column":15},"end":{"line":141,"column":49}},"14":{"start":{"line":142,"column":15},"end":{"line":142,"column":49}},"15":{"start":{"line":144,"column":15},"end":{"line":144,"column":49}},"16":{"start":{"line":145,"column":15},"end":{"line":145,"column":49}},"17":{"start":{"line":146,"column":15},"end":{"line":146,"column":49}},"18":{"start":{"line":148,"column":14},"end":{"line":148,"column":44}},"19":{"start":{"line":149,"column":14},"end":{"line":149,"column":44}},"20":{"start":{"line":150,"column":14},"end":{"line":150,"column":44}},"21":{"start":{"line":152,"column":4},"end":{"line":152,"column":117}},"22":{"start":{"line":159,"column":4},"end":{"line":165,"column":5}},"23":{"start":{"line":161,"column":6},"end":{"line":161,"column":77}},"24":{"start":{"line":164,"column":6},"end":{"line":164,"column":77}},"25":{"start":{"line":170,"column":0},"end":{"line":170,"column":22}}},"fnMap":{"0":{"name":"(anonymous_0)","decl":{"start":{"line":99,"column":2},"end":{"line":99,"column":11}},"loc":{"start":{"line":99,"column":40},"end":{"line":106,"column":3}}},"1":{"name":"(anonymous_1)","decl":{"start":{"line":111,"column":2},"end":{"line":111,"column":12}},"loc":{"start":{"line":111,"column":12},"end":{"line":123,"column":3}}},"2":{"name":"(anonymous_2)","decl":{"start":{"line":128,"column":2},"end":{"line":128,"column":14}},"loc":{"start":{"line":128,"column":14},"end":{"line":131,"column":3}}},"3":{"name":"(anonymous_3)","decl":{"start":{"line":136,"column":2},"end":{"line":136,"column":6}},"loc":{"start":{"line":136,"column":48},"end":{"line":153,"column":3}}},"4":{"name":"(anonymous_4)","decl":{"start":{"line":158,"column":2},"end":{"line":158,"column":16}},"loc":{"start":{"line":158,"column":38},"end":{"line":166,"column":3}}}},"branchMap":{"0":{"loc":{"start":{"line":159,"column":4},"end":{"line":165,"column":5}},"type":"if","locations":[{"start":{"line":159,"column":4},"end":{"line":165,"column":5}},{"start":{"line":162,"column":11},"end":{"line":165,"column":5}}]}},"s":{"0":0,"1":0,"2":0,"3":0,"4":0,"5":0,"6":0,"7":0,"8":0,"9":0,"10":0,"11":0,"12":0,"13":0,"14":0,"15":0,"16":0,"17":0,"18":0,"19":0,"20":0,"21":0,"22":0,"23":0,"24":0,"25":0},"f":{"0":0,"1":0,"2":0,"3":0,"4":0},"b":{"0":[0,0]}}
}
