TN:
SF:src/main.ts
FN:54,(anonymous_0)
FN:55,(anonymous_1)
FN:61,update
FN:109,render
FN:146,(anonymous_4)
FN:162,renderGameWorld
FN:193,drawGrid
FN:223,renderHUD
FN:241,(anonymous_8)
FN:247,(anonymous_9)
FNF:10
FNH:0
FNDA:0,(anonymous_0)
FNDA:0,(anonymous_1)
FNDA:0,update
FNDA:0,render
FNDA:0,(anonymous_4)
FNDA:0,renderGameWorld
FNDA:0,drawGrid
FNDA:0,renderHUD
FNDA:0,(anonymous_8)
FNDA:0,(anonymous_9)
DA:5,0
DA:6,0
DA:7,0
DA:8,0
DA:9,0
DA:10,0
DA:11,0
DA:14,0
DA:15,0
DA:16,0
DA:17,0
DA:20,0
DA:21,0
DA:22,0
DA:25,0
DA:26,0
DA:28,0
DA:29,0
DA:30,0
DA:34,0
DA:35,0
DA:45,0
DA:48,0
DA:49,0
DA:50,0
DA:53,0
DA:54,0
DA:55,0
DA:63,0
DA:64,0
DA:65,0
DA:67,0
DA:71,0
DA:72,0
DA:73,0
DA:75,0
DA:79,0
DA:81,0
DA:85,0
DA:86,0
DA:87,0
DA:90,0
DA:91,0
DA:94,0
DA:96,0
DA:97,0
DA:103,0
DA:111,0
DA:112,0
DA:115,0
DA:116,0
DA:117,0
DA:121,0
DA:122,0
DA:123,0
DA:129,0
DA:133,0
DA:134,0
DA:135,0
DA:140,0
DA:144,0
DA:145,0
DA:146,0
DA:147,0
DA:149,0
DA:153,0
DA:154,0
DA:155,0
DA:163,0
DA:166,0
DA:169,0
DA:172,0
DA:173,0
DA:177,0
DA:178,0
DA:182,0
DA:185,0
DA:187,0
DA:194,0
DA:195,0
DA:196,0
DA:197,0
DA:198,0
DA:200,0
DA:201,0
DA:204,0
DA:205,0
DA:206,0
DA:207,0
DA:208,0
DA:212,0
DA:213,0
DA:214,0
DA:215,0
DA:216,0
DA:224,0
DA:233,0
DA:234,0
DA:235,0
DA:236,0
DA:238,0
DA:241,0
DA:247,0
DA:248,0
DA:252,0
DA:253,0
DA:254,0
DA:256,0
LF:108
LH:0
BRDA:21,0,0,0
BRDA:29,1,0,0
BRDA:63,2,0,0
BRDA:64,3,0,0
BRDA:71,4,0,0
BRDA:71,5,0,0
BRDA:71,5,1,0
BRDA:72,6,0,0
BRDA:79,7,0,0
BRDA:85,8,0,0
BRDA:94,9,0,0
BRDA:96,10,0,0
BRDA:115,11,0,0
BRDA:121,12,0,0
BRDA:133,13,0,0
BRDA:144,14,0,0
BRDA:153,15,0,0
BRF:17
BRH:0
end_of_record
TN:
SF:src/audio/AudioDemo.ts
FN:18,(anonymous_0)
FN:20,(anonymous_1)
FN:31,(anonymous_2)
FN:55,(anonymous_3)
FN:65,(anonymous_4)
FN:66,(anonymous_5)
FN:67,(anonymous_6)
FN:68,(anonymous_7)
FN:69,(anonymous_8)
FN:70,(anonymous_9)
FN:71,(anonymous_10)
FN:72,(anonymous_11)
FN:73,(anonymous_12)
FN:74,(anonymous_13)
FN:77,(anonymous_14)
FN:78,(anonymous_15)
FN:88,(anonymous_16)
FN:97,(anonymous_17)
FN:102,(anonymous_18)
FN:107,(anonymous_19)
FN:112,(anonymous_20)
FN:121,(anonymous_21)
FN:130,(anonymous_22)
FN:135,(anonymous_23)
FN:140,(anonymous_24)
FN:145,(anonymous_25)
FN:154,(anonymous_26)
FN:163,(anonymous_27)
FN:168,(anonymous_28)
FN:173,(anonymous_29)
FN:178,(anonymous_30)
FN:187,(anonymous_31)
FN:201,(anonymous_32)
FN:210,(anonymous_33)
FN:221,(anonymous_34)
FN:222,(anonymous_35)
FN:232,(anonymous_36)
FN:244,(anonymous_37)
FN:250,(anonymous_38)
FN:256,(anonymous_39)
FN:262,(anonymous_40)
FN:272,(anonymous_41)
FN:286,(anonymous_42)
FN:289,(anonymous_43)
FN:292,(anonymous_44)
FN:295,(anonymous_45)
FN:298,(anonymous_46)
FN:301,(anonymous_47)
FN:310,(anonymous_48)
FN:319,(anonymous_49)
FN:320,(anonymous_50)
FN:321,(anonymous_51)
FN:327,(anonymous_52)
FN:345,(anonymous_53)
FN:350,(anonymous_54)
FN:351,(anonymous_55)
FN:352,(anonymous_56)
FN:353,(anonymous_57)
FN:354,(anonymous_58)
FN:355,(anonymous_59)
FN:356,(anonymous_60)
FN:357,(anonymous_61)
FN:358,(anonymous_62)
FN:359,(anonymous_63)
FN:360,(anonymous_64)
FN:361,(anonymous_65)
FNF:66
FNH:0
FNDA:0,(anonymous_0)
FNDA:0,(anonymous_1)
FNDA:0,(anonymous_2)
FNDA:0,(anonymous_3)
FNDA:0,(anonymous_4)
FNDA:0,(anonymous_5)
FNDA:0,(anonymous_6)
FNDA:0,(anonymous_7)
FNDA:0,(anonymous_8)
FNDA:0,(anonymous_9)
FNDA:0,(anonymous_10)
FNDA:0,(anonymous_11)
FNDA:0,(anonymous_12)
FNDA:0,(anonymous_13)
FNDA:0,(anonymous_14)
FNDA:0,(anonymous_15)
FNDA:0,(anonymous_16)
FNDA:0,(anonymous_17)
FNDA:0,(anonymous_18)
FNDA:0,(anonymous_19)
FNDA:0,(anonymous_20)
FNDA:0,(anonymous_21)
FNDA:0,(anonymous_22)
FNDA:0,(anonymous_23)
FNDA:0,(anonymous_24)
FNDA:0,(anonymous_25)
FNDA:0,(anonymous_26)
FNDA:0,(anonymous_27)
FNDA:0,(anonymous_28)
FNDA:0,(anonymous_29)
FNDA:0,(anonymous_30)
FNDA:0,(anonymous_31)
FNDA:0,(anonymous_32)
FNDA:0,(anonymous_33)
FNDA:0,(anonymous_34)
FNDA:0,(anonymous_35)
FNDA:0,(anonymous_36)
FNDA:0,(anonymous_37)
FNDA:0,(anonymous_38)
FNDA:0,(anonymous_39)
FNDA:0,(anonymous_40)
FNDA:0,(anonymous_41)
FNDA:0,(anonymous_42)
FNDA:0,(anonymous_43)
FNDA:0,(anonymous_44)
FNDA:0,(anonymous_45)
FNDA:0,(anonymous_46)
FNDA:0,(anonymous_47)
FNDA:0,(anonymous_48)
FNDA:0,(anonymous_49)
FNDA:0,(anonymous_50)
FNDA:0,(anonymous_51)
FNDA:0,(anonymous_52)
FNDA:0,(anonymous_53)
FNDA:0,(anonymous_54)
FNDA:0,(anonymous_55)
FNDA:0,(anonymous_56)
FNDA:0,(anonymous_57)
FNDA:0,(anonymous_58)
FNDA:0,(anonymous_59)
FNDA:0,(anonymous_60)
FNDA:0,(anonymous_61)
FNDA:0,(anonymous_62)
FNDA:0,(anonymous_63)
FNDA:0,(anonymous_64)
FNDA:0,(anonymous_65)
DA:7,0
DA:14,0
DA:15,0
DA:16,0
DA:21,0
DA:22,0
DA:24,0
DA:32,0
DA:33,0
DA:34,0
DA:37,0
DA:38,0
DA:40,0
DA:41,0
DA:42,0
DA:44,0
DA:45,0
DA:47,0
DA:48,0
DA:56,0
DA:57,0
DA:58,0
DA:61,0
DA:62,0
DA:64,0
DA:65,0
DA:66,0
DA:67,0
DA:68,0
DA:69,0
DA:70,0
DA:71,0
DA:72,0
DA:73,0
DA:74,0
DA:77,0
DA:78,0
DA:79,0
DA:80,0
DA:89,0
DA:90,0
DA:91,0
DA:94,0
DA:95,0
DA:97,0
DA:98,0
DA:99,0
DA:102,0
DA:103,0
DA:104,0
DA:107,0
DA:108,0
DA:109,0
DA:112,0
DA:113,0
DA:114,0
DA:122,0
DA:123,0
DA:124,0
DA:127,0
DA:128,0
DA:130,0
DA:131,0
DA:132,0
DA:135,0
DA:136,0
DA:137,0
DA:140,0
DA:141,0
DA:142,0
DA:145,0
DA:146,0
DA:147,0
DA:155,0
DA:156,0
DA:157,0
DA:160,0
DA:161,0
DA:163,0
DA:164,0
DA:165,0
DA:168,0
DA:169,0
DA:170,0
DA:173,0
DA:174,0
DA:175,0
DA:178,0
DA:179,0
DA:180,0
DA:188,0
DA:189,0
DA:190,0
DA:193,0
DA:194,0
DA:195,0
DA:202,0
DA:203,0
DA:204,0
DA:211,0
DA:212,0
DA:213,0
DA:216,0
DA:217,0
DA:219,0
DA:221,0
DA:222,0
DA:223,0
DA:224,0
DA:233,0
DA:234,0
DA:235,0
DA:238,0
DA:239,0
DA:242,0
DA:244,0
DA:245,0
DA:246,0
DA:247,0
DA:250,0
DA:251,0
DA:252,0
DA:253,0
DA:256,0
DA:257,0
DA:258,0
DA:259,0
DA:262,0
DA:263,0
DA:264,0
DA:265,0
DA:273,0
DA:274,0
DA:276,0
DA:277,0
DA:278,0
DA:279,0
DA:283,0
DA:286,0
DA:289,0
DA:292,0
DA:295,0
DA:298,0
DA:301,0
DA:303,0
DA:304,0
DA:311,0
DA:312,0
DA:313,0
DA:316,0
DA:317,0
DA:319,0
DA:320,0
DA:321,0
DA:328,0
DA:329,0
DA:331,0
DA:332,0
DA:333,0
DA:334,0
DA:335,0
DA:336,0
DA:337,0
DA:338,0
DA:339,0
DA:345,0
DA:348,0
DA:349,0
DA:350,0
DA:351,0
DA:352,0
DA:353,0
DA:354,0
DA:355,0
DA:356,0
DA:357,0
DA:358,0
DA:359,0
DA:360,0
DA:361,0
DA:364,0
DA:365,0
DA:366,0
DA:367,0
DA:368,0
DA:369,0
DA:370,0
DA:371,0
DA:372,0
DA:373,0
DA:374,0
DA:375,0
DA:376,0
LF:193
LH:0
BRDA:21,0,0,0
BRDA:32,1,0,0
BRDA:56,2,0,0
BRDA:89,3,0,0
BRDA:122,4,0,0
BRDA:155,5,0,0
BRDA:188,6,0,0
BRDA:211,7,0,0
BRDA:233,8,0,0
BRDA:276,9,0,0
BRDA:311,10,0,0
BRDA:338,11,0,0
BRDA:348,12,0,0
BRF:13
BRH:0
end_of_record
TN:
SF:src/audio/AudioManager.ts
FN:40,(anonymous_0)
FN:47,(anonymous_1)
FN:58,(anonymous_2)
FN:101,(anonymous_3)
FN:121,(anonymous_4)
FN:150,(anonymous_5)
FN:160,(anonymous_6)
FN:170,(anonymous_7)
FN:180,(anonymous_8)
FN:190,(anonymous_9)
FN:200,(anonymous_10)
FN:224,(anonymous_11)
FN:227,(anonymous_12)
FN:245,(anonymous_13)
FN:246,(anonymous_14)
FN:253,(anonymous_15)
FN:257,(anonymous_16)
FN:263,(anonymous_17)
FN:269,(anonymous_18)
FN:271,(anonymous_19)
FN:282,(anonymous_20)
FN:284,(anonymous_21)
FN:293,(anonymous_22)
FN:303,(anonymous_23)
FN:313,(anonymous_24)
FN:320,(anonymous_25)
FN:327,(anonymous_26)
FN:334,(anonymous_27)
FN:341,(anonymous_28)
FN:348,(anonymous_29)
FN:355,(anonymous_30)
FN:365,(anonymous_31)
FN:385,(anonymous_32)
FNF:33
FNH:0
FNDA:0,(anonymous_0)
FNDA:0,(anonymous_1)
FNDA:0,(anonymous_2)
FNDA:0,(anonymous_3)
FNDA:0,(anonymous_4)
FNDA:0,(anonymous_5)
FNDA:0,(anonymous_6)
FNDA:0,(anonymous_7)
FNDA:0,(anonymous_8)
FNDA:0,(anonymous_9)
FNDA:0,(anonymous_10)
FNDA:0,(anonymous_11)
FNDA:0,(anonymous_12)
FNDA:0,(anonymous_13)
FNDA:0,(anonymous_14)
FNDA:0,(anonymous_15)
FNDA:0,(anonymous_16)
FNDA:0,(anonymous_17)
FNDA:0,(anonymous_18)
FNDA:0,(anonymous_19)
FNDA:0,(anonymous_20)
FNDA:0,(anonymous_21)
FNDA:0,(anonymous_22)
FNDA:0,(anonymous_23)
FNDA:0,(anonymous_24)
FNDA:0,(anonymous_25)
FNDA:0,(anonymous_26)
FNDA:0,(anonymous_27)
FNDA:0,(anonymous_28)
FNDA:0,(anonymous_29)
FNDA:0,(anonymous_30)
FNDA:0,(anonymous_31)
FNDA:0,(anonymous_32)
DA:7,0
DA:16,0
DA:17,0
DA:19,0
DA:20,0
DA:21,0
DA:22,0
DA:24,0
DA:25,0
DA:26,0
DA:28,0
DA:29,0
DA:31,0
DA:32,0
DA:35,0
DA:36,0
DA:38,0
DA:48,0
DA:49,0
DA:51,0
DA:59,0
DA:60,0
DA:63,0
DA:65,0
DA:68,0
DA:71,0
DA:72,0
DA:75,0
DA:76,0
DA:77,0
DA:78,0
DA:79,0
DA:80,0
DA:83,0
DA:84,0
DA:86,0
DA:89,0
DA:91,0
DA:93,0
DA:94,0
DA:102,0
DA:103,0
DA:106,0
DA:107,0
DA:108,0
DA:109,0
DA:110,0
DA:112,0
DA:122,0
DA:123,0
DA:126,0
DA:127,0
DA:130,0
DA:133,0
DA:134,0
DA:135,0
DA:136,0
DA:137,0
DA:138,0
DA:139,0
DA:140,0
DA:143,0
DA:144,0
DA:151,0
DA:152,0
DA:154,0
DA:161,0
DA:162,0
DA:164,0
DA:171,0
DA:172,0
DA:174,0
DA:181,0
DA:182,0
DA:183,0
DA:184,0
DA:191,0
DA:192,0
DA:193,0
DA:194,0
DA:201,0
DA:202,0
DA:204,0
DA:211,0
DA:214,0
DA:215,0
DA:218,0
DA:225,0
DA:226,0
DA:227,0
DA:228,0
DA:229,0
DA:230,0
DA:232,0
DA:237,0
DA:238,0
DA:246,0
DA:247,0
DA:254,0
DA:255,0
DA:257,0
DA:258,0
DA:259,0
DA:263,0
DA:270,0
DA:271,0
DA:274,0
DA:275,0
DA:283,0
DA:284,0
DA:285,0
DA:294,0
DA:295,0
DA:296,0
DA:304,0
DA:305,0
DA:306,0
DA:314,0
DA:321,0
DA:328,0
DA:335,0
DA:342,0
DA:349,0
DA:356,0
DA:357,0
DA:358,0
DA:366,0
DA:367,0
DA:369,0
DA:370,0
DA:371,0
DA:374,0
DA:375,0
DA:376,0
DA:377,0
DA:378,0
DA:380,0
DA:385,0
LF:138
LH:0
BRDA:48,0,0,0
BRDA:59,1,0,0
BRDA:65,2,0,0
BRDA:65,2,1,0
BRDA:102,3,0,0
BRDA:106,4,0,0
BRDA:106,5,0,0
BRDA:106,5,1,0
BRDA:122,6,0,0
BRDA:126,7,0,0
BRDA:133,8,0,0
BRDA:133,9,0,0
BRDA:133,9,1,0
BRDA:151,10,0,0
BRDA:161,11,0,0
BRDA:171,12,0,0
BRDA:214,13,0,0
BRDA:226,14,0,0
BRDA:226,15,0,0
BRDA:226,15,1,0
BRDA:229,16,0,0
BRDA:229,17,0,0
BRDA:229,17,1,0
BRDA:258,18,0,0
BRDA:258,19,0,0
BRDA:258,19,1,0
BRDA:274,20,0,0
BRDA:274,20,1,0
BRDA:283,21,0,0
BRDA:294,22,0,0
BRDA:305,23,0,0
BRDA:349,24,0,0
BRDA:349,24,1,0
BRDA:356,25,0,0
BRDA:356,26,0,0
BRDA:356,26,1,0
BRDA:369,27,0,0
BRF:37
BRH:0
end_of_record
TN:
SF:src/audio/MusicManager.ts
FN:61,(anonymous_0)
FN:63,(anonymous_1)
FN:73,(anonymous_2)
FN:95,(anonymous_3)
FN:104,(anonymous_4)
FN:134,(anonymous_5)
FN:153,(anonymous_6)
FN:160,(anonymous_7)
FN:178,(anonymous_8)
FN:190,(anonymous_9)
FN:216,(anonymous_10)
FN:227,(anonymous_11)
FN:238,(anonymous_12)
FN:285,(anonymous_13)
FN:323,(anonymous_14)
FN:336,(anonymous_15)
FN:340,(anonymous_16)
FN:348,(anonymous_17)
FN:359,(anonymous_18)
FN:367,(anonymous_19)
FN:373,(anonymous_20)
FN:374,(anonymous_21)
FN:385,(anonymous_22)
FN:403,(anonymous_23)
FN:409,(anonymous_24)
FNF:25
FNH:0
FNDA:0,(anonymous_0)
FNDA:0,(anonymous_1)
FNDA:0,(anonymous_2)
FNDA:0,(anonymous_3)
FNDA:0,(anonymous_4)
FNDA:0,(anonymous_5)
FNDA:0,(anonymous_6)
FNDA:0,(anonymous_7)
FNDA:0,(anonymous_8)
FNDA:0,(anonymous_9)
FNDA:0,(anonymous_10)
FNDA:0,(anonymous_11)
FNDA:0,(anonymous_12)
FNDA:0,(anonymous_13)
FNDA:0,(anonymous_14)
FNDA:0,(anonymous_15)
FNDA:0,(anonymous_16)
FNDA:0,(anonymous_17)
FNDA:0,(anonymous_18)
FNDA:0,(anonymous_19)
FNDA:0,(anonymous_20)
FNDA:0,(anonymous_21)
FNDA:0,(anonymous_22)
FNDA:0,(anonymous_23)
FNDA:0,(anonymous_24)
DA:7,0
DA:19,0
DA:20,0
DA:22,0
DA:23,0
DA:26,0
DA:27,0
DA:28,0
DA:29,0
DA:32,0
DA:39,0
DA:40,0
DA:41,0
DA:44,0
DA:45,0
DA:46,0
DA:47,0
DA:50,0
DA:58,0
DA:59,0
DA:64,0
DA:65,0
DA:67,0
DA:74,0
DA:75,0
DA:78,0
DA:79,0
DA:80,0
DA:81,0
DA:84,0
DA:87,0
DA:90,0
DA:91,0
DA:92,0
DA:94,0
DA:95,0
DA:96,0
DA:105,0
DA:106,0
DA:109,0
DA:112,0
DA:113,0
DA:114,0
DA:115,0
DA:117,0
DA:118,0
DA:119,0
DA:120,0
DA:123,0
DA:124,0
DA:125,0
DA:128,0
DA:135,0
DA:136,0
DA:139,0
DA:140,0
DA:143,0
DA:144,0
DA:145,0
DA:146,0
DA:147,0
DA:154,0
DA:162,0
DA:165,0
DA:166,0
DA:169,0
DA:172,0
DA:179,0
DA:191,0
DA:192,0
DA:195,0
DA:198,0
DA:199,0
DA:200,0
DA:204,0
DA:205,0
DA:206,0
DA:210,0
DA:217,0
DA:220,0
DA:221,0
DA:228,0
DA:230,0
DA:231,0
DA:232,0
DA:233,0
DA:235,0
DA:238,0
DA:240,0
DA:241,0
DA:242,0
DA:245,0
DA:246,0
DA:247,0
DA:249,0
DA:250,0
DA:251,0
DA:254,0
DA:261,0
DA:262,0
DA:263,0
DA:265,0
DA:266,0
DA:267,0
DA:269,0
DA:272,0
DA:273,0
DA:274,0
DA:277,0
DA:278,0
DA:286,0
DA:288,0
DA:289,0
DA:290,0
DA:291,0
DA:293,0
DA:294,0
DA:297,0
DA:298,0
DA:299,0
DA:302,0
DA:315,0
DA:316,0
DA:319,0
DA:320,0
DA:323,0
DA:324,0
DA:325,0
DA:326,0
DA:337,0
DA:340,0
DA:341,0
DA:344,0
DA:345,0
DA:348,0
DA:349,0
DA:350,0
DA:360,0
DA:362,0
DA:363,0
DA:364,0
DA:367,0
DA:368,0
DA:369,0
DA:373,0
DA:374,0
DA:375,0
DA:376,0
DA:377,0
DA:378,0
DA:385,0
DA:386,0
DA:387,0
DA:388,0
DA:395,0
DA:396,0
DA:404,0
DA:409,0
LF:158
LH:0
BRDA:64,0,0,0
BRDA:74,1,0,0
BRDA:79,2,0,0
BRDA:94,3,0,0
BRDA:105,4,0,0
BRDA:123,5,0,0
BRDA:135,6,0,0
BRDA:144,7,0,0
BRDA:145,8,0,0
BRDA:146,9,0,0
BRDA:147,10,0,0
BRDA:191,11,0,0
BRDA:198,12,0,0
BRDA:204,13,0,0
BRDA:228,14,0,0
BRDA:286,15,0,0
BRDA:341,16,0,0
BRDA:349,17,0,0
BRDA:349,18,0,0
BRDA:349,18,1,0
BRDA:360,19,0,0
BRDA:368,20,0,0
BRDA:368,21,0,0
BRDA:368,21,1,0
BRDA:376,22,0,0
BRDA:387,23,0,0
BRF:26
BRH:0
end_of_record
TN:
SF:src/audio/SoundEffects.ts
FN:13,(anonymous_0)
FN:15,(anonymous_1)
FN:29,(anonymous_2)
FN:65,(anonymous_3)
FN:119,(anonymous_4)
FN:162,(anonymous_5)
FN:208,(anonymous_6)
FN:237,(anonymous_7)
FN:255,(anonymous_8)
FN:300,(anonymous_9)
FN:341,(anonymous_10)
FN:354,(anonymous_11)
FN:382,(anonymous_12)
FN:429,(anonymous_13)
FN:466,(anonymous_14)
FN:525,(anonymous_15)
FN:573,(anonymous_16)
FN:632,(anonymous_17)
FN:670,(anonymous_18)
FN:710,(anonymous_19)
FN:720,(anonymous_20)
FN:767,(anonymous_21)
FN:812,(anonymous_22)
FN:855,(anonymous_23)
FN:891,(anonymous_24)
FN:930,(anonymous_25)
FNF:26
FNH:0
FNDA:0,(anonymous_0)
FNDA:0,(anonymous_1)
FNDA:0,(anonymous_2)
FNDA:0,(anonymous_3)
FNDA:0,(anonymous_4)
FNDA:0,(anonymous_5)
FNDA:0,(anonymous_6)
FNDA:0,(anonymous_7)
FNDA:0,(anonymous_8)
FNDA:0,(anonymous_9)
FNDA:0,(anonymous_10)
FNDA:0,(anonymous_11)
FNDA:0,(anonymous_12)
FNDA:0,(anonymous_13)
FNDA:0,(anonymous_14)
FNDA:0,(anonymous_15)
FNDA:0,(anonymous_16)
FNDA:0,(anonymous_17)
FNDA:0,(anonymous_18)
FNDA:0,(anonymous_19)
FNDA:0,(anonymous_20)
FNDA:0,(anonymous_21)
FNDA:0,(anonymous_22)
FNDA:0,(anonymous_23)
FNDA:0,(anonymous_24)
FNDA:0,(anonymous_25)
DA:7,0
DA:10,0
DA:11,0
DA:16,0
DA:17,0
DA:19,0
DA:30,0
DA:31,0
DA:33,0
DA:34,0
DA:35,0
DA:38,0
DA:39,0
DA:42,0
DA:45,0
DA:53,0
DA:54,0
DA:56,0
DA:57,0
DA:59,0
DA:66,0
DA:67,0
DA:69,0
DA:70,0
DA:71,0
DA:74,0
DA:75,0
DA:76,0
DA:78,0
DA:86,0
DA:91,0
DA:92,0
DA:94,0
DA:102,0
DA:103,0
DA:104,0
DA:105,0
DA:108,0
DA:109,0
DA:110,0
DA:111,0
DA:113,0
DA:120,0
DA:121,0
DA:123,0
DA:124,0
DA:125,0
DA:128,0
DA:129,0
DA:132,0
DA:133,0
DA:136,0
DA:139,0
DA:147,0
DA:148,0
DA:151,0
DA:152,0
DA:153,0
DA:154,0
DA:156,0
DA:163,0
DA:164,0
DA:166,0
DA:167,0
DA:168,0
DA:171,0
DA:178,0
DA:179,0
DA:182,0
DA:183,0
DA:186,0
DA:194,0
DA:195,0
DA:196,0
DA:199,0
DA:200,0
DA:202,0
DA:209,0
DA:210,0
DA:212,0
DA:213,0
DA:214,0
DA:217,0
DA:222,0
DA:223,0
DA:226,0
DA:227,0
DA:229,0
DA:237,0
DA:238,0
DA:242,0
DA:243,0
DA:246,0
DA:247,0
DA:249,0
DA:256,0
DA:257,0
DA:259,0
DA:260,0
DA:261,0
DA:264,0
DA:269,0
DA:270,0
DA:273,0
DA:274,0
DA:277,0
DA:285,0
DA:286,0
DA:289,0
DA:290,0
DA:291,0
DA:292,0
DA:294,0
DA:301,0
DA:302,0
DA:304,0
DA:305,0
DA:306,0
DA:309,0
DA:310,0
DA:313,0
DA:316,0
DA:324,0
DA:327,0
DA:328,0
DA:329,0
DA:332,0
DA:333,0
DA:335,0
DA:342,0
DA:343,0
DA:345,0
DA:346,0
DA:347,0
DA:350,0
DA:351,0
DA:352,0
DA:354,0
DA:355,0
DA:356,0
DA:357,0
DA:359,0
DA:366,0
DA:367,0
DA:369,0
DA:370,0
DA:372,0
DA:373,0
DA:376,0
DA:383,0
DA:384,0
DA:386,0
DA:387,0
DA:388,0
DA:391,0
DA:392,0
DA:395,0
DA:398,0
DA:403,0
DA:404,0
DA:407,0
DA:415,0
DA:416,0
DA:417,0
DA:420,0
DA:421,0
DA:423,0
DA:430,0
DA:431,0
DA:433,0
DA:434,0
DA:435,0
DA:438,0
DA:439,0
DA:440,0
DA:442,0
DA:443,0
DA:444,0
DA:446,0
DA:453,0
DA:454,0
DA:456,0
DA:457,0
DA:459,0
DA:467,0
DA:468,0
DA:470,0
DA:471,0
DA:472,0
DA:475,0
DA:476,0
DA:477,0
DA:479,0
DA:480,0
DA:488,0
DA:493,0
DA:494,0
DA:496,0
DA:504,0
DA:505,0
DA:506,0
DA:507,0
DA:510,0
DA:511,0
DA:512,0
DA:513,0
DA:515,0
DA:526,0
DA:527,0
DA:529,0
DA:530,0
DA:531,0
DA:533,0
DA:534,0
DA:535,0
DA:536,0
DA:539,0
DA:540,0
DA:543,0
DA:549,0
DA:557,0
DA:558,0
DA:559,0
DA:562,0
DA:563,0
DA:564,0
DA:565,0
DA:567,0
DA:574,0
DA:575,0
DA:577,0
DA:578,0
DA:579,0
DA:582,0
DA:583,0
DA:585,0
DA:588,0
DA:591,0
DA:596,0
DA:597,0
DA:599,0
DA:606,0
DA:614,0
DA:615,0
DA:616,0
DA:617,0
DA:618,0
DA:621,0
DA:622,0
DA:623,0
DA:624,0
DA:626,0
DA:633,0
DA:634,0
DA:636,0
DA:637,0
DA:638,0
DA:640,0
DA:641,0
DA:642,0
DA:643,0
DA:645,0
DA:653,0
DA:654,0
DA:657,0
DA:658,0
DA:660,0
DA:671,0
DA:672,0
DA:674,0
DA:675,0
DA:676,0
DA:679,0
DA:684,0
DA:687,0
DA:688,0
DA:689,0
DA:690,0
DA:693,0
DA:696,0
DA:697,0
DA:698,0
DA:701,0
DA:702,0
DA:704,0
DA:711,0
DA:712,0
DA:714,0
DA:715,0
DA:716,0
DA:719,0
DA:720,0
DA:721,0
DA:722,0
DA:723,0
DA:725,0
DA:732,0
DA:733,0
DA:735,0
DA:736,0
DA:738,0
DA:742,0
DA:743,0
DA:744,0
DA:746,0
DA:748,0
DA:755,0
DA:756,0
DA:758,0
DA:759,0
DA:761,0
DA:768,0
DA:769,0
DA:771,0
DA:772,0
DA:773,0
DA:776,0
DA:777,0
DA:779,0
DA:782,0
DA:787,0
DA:788,0
DA:790,0
DA:798,0
DA:799,0
DA:800,0
DA:803,0
DA:804,0
DA:806,0
DA:813,0
DA:814,0
DA:816,0
DA:817,0
DA:818,0
DA:821,0
DA:822,0
DA:823,0
DA:826,0
DA:827,0
DA:828,0
DA:830,0
DA:838,0
DA:839,0
DA:842,0
DA:843,0
DA:845,0
DA:856,0
DA:857,0
DA:859,0
DA:860,0
DA:861,0
DA:864,0
DA:865,0
DA:866,0
DA:868,0
DA:870,0
DA:878,0
DA:879,0
DA:882,0
DA:883,0
DA:885,0
DA:892,0
DA:893,0
DA:895,0
DA:896,0
DA:897,0
DA:900,0
DA:901,0
DA:902,0
DA:905,0
DA:906,0
DA:908,0
DA:916,0
DA:917,0
DA:920,0
DA:921,0
DA:922,0
DA:923,0
DA:925,0
DA:930,0
LF:380
LH:0
BRDA:16,0,0,0
BRDA:31,1,0,0
BRDA:67,2,0,0
BRDA:119,3,0,0
BRDA:121,4,0,0
BRDA:164,5,0,0
BRDA:210,6,0,0
BRDA:255,7,0,0
BRDA:257,8,0,0
BRDA:302,9,0,0
BRDA:343,10,0,0
BRDA:384,11,0,0
BRDA:431,12,0,0
BRDA:468,13,0,0
BRDA:527,14,0,0
BRDA:575,15,0,0
BRDA:632,16,0,0
BRDA:634,17,0,0
BRDA:672,18,0,0
BRDA:712,19,0,0
BRDA:769,20,0,0
BRDA:814,21,0,0
BRDA:857,22,0,0
BRDA:893,23,0,0
BRF:24
BRH:0
end_of_record
TN:
SF:src/audio/SynthEngine.ts
FN:26,(anonymous_0)
FN:33,(anonymous_1)
FN:48,(anonymous_2)
FN:66,(anonymous_3)
FN:79,(anonymous_4)
FN:91,(anonymous_5)
FN:122,(anonymous_6)
FN:136,(anonymous_7)
FN:150,(anonymous_8)
FN:177,(anonymous_9)
FN:199,(anonymous_10)
FN:218,(anonymous_11)
FN:233,(anonymous_12)
FN:259,(anonymous_13)
FN:286,(anonymous_14)
FN:305,(anonymous_15)
FN:324,(anonymous_16)
FN:331,(anonymous_17)
FNF:18
FNH:0
FNDA:0,(anonymous_0)
FNDA:0,(anonymous_1)
FNDA:0,(anonymous_2)
FNDA:0,(anonymous_3)
FNDA:0,(anonymous_4)
FNDA:0,(anonymous_5)
FNDA:0,(anonymous_6)
FNDA:0,(anonymous_7)
FNDA:0,(anonymous_8)
FNDA:0,(anonymous_9)
FNDA:0,(anonymous_10)
FNDA:0,(anonymous_11)
FNDA:0,(anonymous_12)
FNDA:0,(anonymous_13)
FNDA:0,(anonymous_14)
FNDA:0,(anonymous_15)
FNDA:0,(anonymous_16)
FNDA:0,(anonymous_17)
DA:23,0
DA:27,0
DA:38,0
DA:39,0
DA:40,0
DA:41,0
DA:42,0
DA:49,0
DA:50,0
DA:51,0
DA:54,0
DA:55,0
DA:58,0
DA:59,0
DA:60,0
DA:70,0
DA:71,0
DA:72,0
DA:73,0
DA:80,0
DA:81,0
DA:82,0
DA:83,0
DA:84,0
DA:85,0
DA:97,0
DA:98,0
DA:101,0
DA:104,0
DA:107,0
DA:110,0
DA:111,0
DA:112,0
DA:115,0
DA:129,0
DA:130,0
DA:143,0
DA:144,0
DA:154,0
DA:155,0
DA:156,0
DA:157,0
DA:159,0
DA:160,0
DA:163,0
DA:164,0
DA:165,0
DA:166,0
DA:169,0
DA:171,0
DA:178,0
DA:179,0
DA:180,0
DA:181,0
DA:182,0
DA:183,0
DA:186,0
DA:187,0
DA:188,0
DA:189,0
DA:192,0
DA:193,0
DA:200,0
DA:201,0
DA:202,0
DA:203,0
DA:205,0
DA:206,0
DA:207,0
DA:210,0
DA:211,0
DA:212,0
DA:222,0
DA:223,0
DA:224,0
DA:225,0
DA:226,0
DA:227,0
DA:238,0
DA:239,0
DA:240,0
DA:241,0
DA:243,0
DA:244,0
DA:247,0
DA:248,0
DA:249,0
DA:251,0
DA:253,0
DA:264,0
DA:265,0
DA:266,0
DA:267,0
DA:269,0
DA:270,0
DA:271,0
DA:274,0
DA:275,0
DA:276,0
DA:278,0
DA:280,0
DA:293,0
DA:294,0
DA:295,0
DA:296,0
DA:297,0
DA:298,0
DA:299,0
DA:313,0
DA:314,0
DA:315,0
DA:317,0
DA:325,0
DA:332,0
LF:114
LH:0
BRDA:36,0,0,0
BRDA:48,1,0,0
BRDA:83,2,0,0
BRDA:84,3,0,0
BRDA:110,4,0,0
BRDA:150,5,0,0
BRDA:150,6,0,0
BRDA:177,7,0,0
BRDA:177,8,0,0
BRDA:199,9,0,0
BRDA:259,10,0,0
BRDA:259,11,0,0
BRDA:287,12,0,0
BRDA:288,13,0,0
BRDA:289,14,0,0
BRDA:290,15,0,0
BRDA:291,16,0,0
BRDA:311,17,0,0
BRDA:314,18,0,0
BRDA:314,18,1,0
BRDA:314,19,0,0
BRDA:314,19,1,0
BRF:22
BRH:0
end_of_record
TN:
SF:src/audio/index.ts
FN:9,(anonymous_0)
FN:9,(anonymous_1)
FN:13,(anonymous_2)
FN:17,(anonymous_3)
FN:17,(anonymous_4)
FN:20,(anonymous_5)
FN:20,(anonymous_6)
FNF:7
FNH:0
FNDA:0,(anonymous_0)
FNDA:0,(anonymous_1)
FNDA:0,(anonymous_2)
FNDA:0,(anonymous_3)
FNDA:0,(anonymous_4)
FNDA:0,(anonymous_5)
FNDA:0,(anonymous_6)
DA:9,0
DA:13,0
DA:17,0
DA:20,0
LF:4
LH:0
BRF:0
BRH:0
end_of_record
TN:
SF:src/effects/BloodEffect.ts
FN:12,(anonymous_0)
FN:19,(anonymous_1)
FN:68,(anonymous_2)
FN:93,(anonymous_3)
FN:124,(anonymous_4)
FN:144,(anonymous_5)
FNF:6
FNH:0
FNDA:0,(anonymous_0)
FNDA:0,(anonymous_1)
FNDA:0,(anonymous_2)
FNDA:0,(anonymous_3)
FNDA:0,(anonymous_4)
FNDA:0,(anonymous_5)
DA:6,0
DA:7,0
DA:9,0
DA:13,0
DA:20,0
DA:23,0
DA:24,0
DA:25,0
DA:27,0
DA:44,0
DA:45,0
DA:46,0
DA:48,0
DA:69,0
DA:70,0
DA:71,0
DA:73,0
DA:94,0
DA:96,0
DA:97,0
DA:98,0
DA:99,0
DA:101,0
DA:102,0
DA:104,0
DA:125,0
DA:145,0
DA:147,0
DA:148,0
DA:149,0
DA:151,0
LF:31
LH:0
BRDA:19,0,0,0
BRDA:68,1,0,0
BRDA:93,2,0,0
BRDA:144,3,0,0
BRF:4
BRH:0
end_of_record
TN:
SF:src/effects/PlayerEffects.ts
FN:14,(anonymous_0)
FN:21,(anonymous_1)
FN:51,(anonymous_2)
FN:100,(anonymous_3)
FN:127,(anonymous_4)
FN:197,(anonymous_5)
FN:225,(anonymous_6)
FN:254,(anonymous_7)
FN:280,(anonymous_8)
FN:308,(anonymous_9)
FNF:10
FNH:0
FNDA:0,(anonymous_0)
FNDA:0,(anonymous_1)
FNDA:0,(anonymous_2)
FNDA:0,(anonymous_3)
FNDA:0,(anonymous_4)
FNDA:0,(anonymous_5)
FNDA:0,(anonymous_6)
FNDA:0,(anonymous_7)
FNDA:0,(anonymous_8)
FNDA:0,(anonymous_9)
DA:6,0
DA:7,0
DA:9,0
DA:11,0
DA:12,0
DA:15,0
DA:22,0
DA:24,0
DA:25,0
DA:28,0
DA:29,0
DA:30,0
DA:52,0
DA:55,0
DA:56,0
DA:57,0
DA:59,0
DA:76,0
DA:77,0
DA:78,0
DA:80,0
DA:101,0
DA:103,0
DA:104,0
DA:105,0
DA:107,0
DA:129,0
DA:130,0
DA:131,0
DA:132,0
DA:134,0
DA:151,0
DA:152,0
DA:153,0
DA:154,0
DA:156,0
DA:173,0
DA:174,0
DA:175,0
DA:177,0
DA:198,0
DA:200,0
DA:202,0
DA:203,0
DA:205,0
DA:226,0
DA:228,0
DA:230,0
DA:231,0
DA:232,0
DA:234,0
DA:255,0
DA:257,0
DA:258,0
DA:260,0
DA:282,0
DA:284,0
DA:285,0
DA:286,0
DA:288,0
DA:309,0
LF:61
LH:0
BRDA:24,0,0,0
BRDA:29,1,0,0
BRDA:51,2,0,0
BRDA:254,3,0,0
BRDA:294,4,0,0
BRDA:294,4,1,0
BRF:6
BRH:0
end_of_record
TN:
SF:src/effects/WeaponEffects.ts
FN:12,(anonymous_0)
FN:19,(anonymous_1)
FN:27,(anonymous_2)
FN:58,(anonymous_3)
FN:89,(anonymous_4)
FN:116,(anonymous_5)
FN:165,(anonymous_6)
FN:211,(anonymous_7)
FN:245,(anonymous_8)
FN:293,(anonymous_9)
FN:339,(anonymous_10)
FN:385,(anonymous_11)
FN:419,(anonymous_12)
FN:451,(anonymous_13)
FN:477,(anonymous_14)
FN:547,(anonymous_15)
FNF:16
FNH:0
FNDA:0,(anonymous_0)
FNDA:0,(anonymous_1)
FNDA:0,(anonymous_2)
FNDA:0,(anonymous_3)
FNDA:0,(anonymous_4)
FNDA:0,(anonymous_5)
FNDA:0,(anonymous_6)
FNDA:0,(anonymous_7)
FNDA:0,(anonymous_8)
FNDA:0,(anonymous_9)
FNDA:0,(anonymous_10)
FNDA:0,(anonymous_11)
FNDA:0,(anonymous_12)
FNDA:0,(anonymous_13)
FNDA:0,(anonymous_14)
FNDA:0,(anonymous_15)
DA:6,0
DA:7,0
DA:9,0
DA:13,0
DA:21,0
DA:28,0
DA:29,0
DA:31,0
DA:32,0
DA:33,0
DA:35,0
DA:52,0
DA:60,0
DA:61,0
DA:62,0
DA:63,0
DA:64,0
DA:66,0
DA:83,0
DA:91,0
DA:92,0
DA:93,0
DA:94,0
DA:96,0
DA:118,0
DA:119,0
DA:120,0
DA:122,0
DA:123,0
DA:124,0
DA:125,0
DA:128,0
DA:129,0
DA:131,0
DA:132,0
DA:135,0
DA:136,0
DA:137,0
DA:138,0
DA:139,0
DA:141,0
DA:157,0
DA:158,0
DA:167,0
DA:168,0
DA:169,0
DA:170,0
DA:171,0
DA:173,0
DA:190,0
DA:191,0
DA:212,0
DA:213,0
DA:215,0
DA:216,0
DA:217,0
DA:220,0
DA:222,0
DA:239,0
DA:247,0
DA:248,0
DA:249,0
DA:250,0
DA:252,0
DA:269,0
DA:270,0
DA:271,0
DA:273,0
DA:294,0
DA:295,0
DA:297,0
DA:298,0
DA:299,0
DA:301,0
DA:318,0
DA:319,0
DA:340,0
DA:341,0
DA:343,0
DA:344,0
DA:345,0
DA:347,0
DA:364,0
DA:365,0
DA:393,0
DA:395,0
DA:396,0
DA:397,0
DA:399,0
DA:426,0
DA:427,0
DA:428,0
DA:429,0
DA:431,0
DA:458,0
DA:478,0
DA:481,0
DA:482,0
DA:483,0
DA:485,0
DA:502,0
DA:503,0
DA:504,0
DA:506,0
DA:523,0
DA:524,0
DA:525,0
DA:527,0
DA:548,0
DA:550,0
DA:551,0
DA:552,0
DA:554,0
LF:113
LH:0
BRDA:58,0,0,0
BRDA:220,1,0,0
BRDA:220,1,1,0
BRDA:390,2,0,0
BRDA:391,3,0,0
BRDA:424,4,0,0
BRDA:477,5,0,0
BRDA:547,6,0,0
BRF:8
BRH:0
end_of_record
TN:
SF:src/effects/XPOrbEffect.ts
FN:26,(anonymous_0)
FN:33,(anonymous_1)
FN:79,(anonymous_2)
FN:146,(anonymous_3)
FN:186,(anonymous_4)
FN:212,(anonymous_5)
FN:219,(anonymous_6)
FN:226,(anonymous_7)
FNF:8
FNH:0
FNDA:0,(anonymous_0)
FNDA:0,(anonymous_1)
FNDA:0,(anonymous_2)
FNDA:0,(anonymous_3)
FNDA:0,(anonymous_4)
FNDA:0,(anonymous_5)
FNDA:0,(anonymous_6)
FNDA:0,(anonymous_7)
DA:6,0
DA:7,0
DA:21,0
DA:23,0
DA:24,0
DA:27,0
DA:34,0
DA:36,0
DA:40,0
DA:42,0
DA:43,0
DA:44,0
DA:46,0
DA:59,0
DA:80,0
DA:81,0
DA:84,0
DA:85,0
DA:88,0
DA:89,0
DA:90,0
DA:93,0
DA:94,0
DA:95,0
DA:97,0
DA:98,0
DA:102,0
DA:103,0
DA:106,0
DA:107,0
DA:110,0
DA:111,0
DA:112,0
DA:113,0
DA:114,0
DA:118,0
DA:119,0
DA:120,0
DA:124,0
DA:125,0
DA:147,0
DA:149,0
DA:151,0
DA:152,0
DA:155,0
DA:156,0
DA:159,0
DA:160,0
DA:161,0
DA:162,0
DA:165,0
DA:166,0
DA:167,0
DA:168,0
DA:169,0
DA:172,0
DA:173,0
DA:174,0
DA:175,0
DA:176,0
DA:177,0
DA:180,0
DA:188,0
DA:189,0
DA:190,0
DA:192,0
DA:213,0
DA:220,0
DA:227,0
LF:69
LH:0
BRDA:34,0,0,0
BRDA:79,1,0,0
BRDA:93,2,0,0
BRDA:110,3,0,0
BRDA:118,4,0,0
BRDA:124,5,0,0
BRF:6
BRH:0
end_of_record
TN:
SF:src/effects/index.ts
FN:6,(anonymous_0)
FN:7,(anonymous_1)
FN:8,(anonymous_2)
FN:9,(anonymous_3)
FNF:4
FNH:0
FNDA:0,(anonymous_0)
FNDA:0,(anonymous_1)
FNDA:0,(anonymous_2)
FNDA:0,(anonymous_3)
DA:6,0
DA:7,0
DA:8,0
DA:9,0
LF:4
LH:0
BRF:0
BRH:0
end_of_record
TN:
SF:src/engine/Camera.ts
FN:57,(anonymous_0)
FN:72,(anonymous_1)
FN:81,(anonymous_2)
FN:88,(anonymous_3)
FN:98,(anonymous_4)
FN:108,(anonymous_5)
FN:126,(anonymous_6)
FN:138,(anonymous_7)
FN:150,(anonymous_8)
FN:162,(anonymous_9)
FN:172,(anonymous_10)
FN:182,(anonymous_11)
FN:192,(anonymous_12)
FN:267,(anonymous_13)
FN:289,(anonymous_14)
FN:296,(anonymous_15)
FN:306,(anonymous_16)
FN:316,(anonymous_17)
FN:328,(anonymous_18)
FN:346,(anonymous_19)
FN:356,(anonymous_20)
FN:368,(anonymous_21)
FN:375,(anonymous_22)
FN:385,(anonymous_23)
FN:393,(anonymous_24)
FN:400,(anonymous_25)
FNF:26
FNH:0
FNDA:0,(anonymous_0)
FNDA:0,(anonymous_1)
FNDA:0,(anonymous_2)
FNDA:0,(anonymous_3)
FNDA:0,(anonymous_4)
FNDA:0,(anonymous_5)
FNDA:0,(anonymous_6)
FNDA:0,(anonymous_7)
FNDA:0,(anonymous_8)
FNDA:0,(anonymous_9)
FNDA:0,(anonymous_10)
FNDA:0,(anonymous_11)
FNDA:0,(anonymous_12)
FNDA:0,(anonymous_13)
FNDA:0,(anonymous_14)
FNDA:0,(anonymous_15)
FNDA:0,(anonymous_16)
FNDA:0,(anonymous_17)
FNDA:0,(anonymous_18)
FNDA:0,(anonymous_19)
FNDA:0,(anonymous_20)
FNDA:0,(anonymous_21)
FNDA:0,(anonymous_22)
FNDA:0,(anonymous_23)
FNDA:0,(anonymous_24)
FNDA:0,(anonymous_25)
DA:22,0
DA:24,0
DA:25,0
DA:30,0
DA:31,0
DA:32,0
DA:33,0
DA:34,0
DA:37,0
DA:38,0
DA:39,0
DA:40,0
DA:41,0
DA:42,0
DA:43,0
DA:44,0
DA:47,0
DA:48,0
DA:49,0
DA:52,0
DA:53,0
DA:54,0
DA:55,0
DA:58,0
DA:59,0
DA:60,0
DA:61,0
DA:62,0
DA:63,0
DA:65,0
DA:66,0
DA:73,0
DA:74,0
DA:75,0
DA:82,0
DA:89,0
DA:90,0
DA:91,0
DA:92,0
DA:99,0
DA:110,0
DA:111,0
DA:112,0
DA:113,0
DA:115,0
DA:116,0
DA:117,0
DA:118,0
DA:119,0
DA:127,0
DA:139,0
DA:151,0
DA:163,0
DA:164,0
DA:165,0
DA:166,0
DA:173,0
DA:174,0
DA:175,0
DA:176,0
DA:183,0
DA:184,0
DA:185,0
DA:194,0
DA:195,0
DA:196,0
DA:198,0
DA:199,0
DA:200,0
DA:203,0
DA:204,0
DA:205,0
DA:206,0
DA:211,0
DA:212,0
DA:213,0
DA:215,0
DA:219,0
DA:220,0
DA:222,0
DA:224,0
DA:225,0
DA:226,0
DA:227,0
DA:230,0
DA:231,0
DA:233,0
DA:235,0
DA:236,0
DA:238,0
DA:239,0
DA:242,0
DA:246,0
DA:247,0
DA:248,0
DA:250,0
DA:251,0
DA:254,0
DA:255,0
DA:260,0
DA:261,0
DA:268,0
DA:271,0
DA:272,0
DA:273,0
DA:274,0
DA:275,0
DA:276,0
DA:280,0
DA:290,0
DA:297,0
DA:307,0
DA:317,0
DA:335,0
DA:347,0
DA:357,0
DA:369,0
DA:376,0
DA:377,0
DA:378,0
DA:379,0
DA:386,0
DA:387,0
DA:394,0
DA:401,0
DA:402,0
DA:403,0
DA:404,0
LF:128
LH:0
BRDA:62,0,0,0
BRDA:62,0,1,0
BRDA:63,1,0,0
BRDA:63,1,1,0
BRDA:110,2,0,0
BRDA:110,2,1,0
BRDA:118,3,0,0
BRDA:118,3,1,0
BRDA:119,4,0,0
BRDA:119,4,1,0
BRDA:182,5,0,0
BRDA:184,6,0,0
BRDA:194,7,0,0
BRDA:203,8,0,0
BRDA:211,9,0,0
BRDA:211,9,1,0
BRDA:219,10,0,0
BRDA:222,11,0,0
BRDA:222,11,1,0
BRDA:233,12,0,0
BRDA:233,12,1,0
BRDA:233,12,2,0
BRDA:271,13,0,0
BRDA:316,14,0,0
BRDA:318,15,0,0
BRDA:318,15,1,0
BRDA:318,15,2,0
BRDA:318,15,3,0
BRDA:333,16,0,0
BRDA:336,17,0,0
BRDA:336,17,1,0
BRDA:336,17,2,0
BRDA:336,17,3,0
BRDA:369,18,0,0
BRDA:369,18,1,0
BRF:35
BRH:0
end_of_record
TN:
SF:src/engine/Engine.ts
FN:12,(anonymous_0)
FN:42,(anonymous_1)
FN:20,(anonymous_2)
FN:31,(anonymous_3)
FN:64,(anonymous_4)
FN:68,(anonymous_5)
FNF:6
FNH:0
FNDA:0,(anonymous_0)
FNDA:0,(anonymous_1)
FNDA:0,(anonymous_2)
FNDA:0,(anonymous_3)
FNDA:0,(anonymous_4)
FNDA:0,(anonymous_5)
DA:4,0
DA:5,0
DA:6,0
DA:7,0
DA:8,0
DA:9,0
DA:10,0
DA:13,0
DA:14,0
DA:21,0
DA:22,0
DA:23,0
DA:24,0
DA:25,0
DA:32,0
DA:33,0
DA:34,0
DA:35,0
DA:42,0
DA:43,0
DA:45,0
DA:46,0
DA:49,0
DA:52,0
DA:53,0
DA:54,0
DA:58,0
DA:61,0
DA:65,0
DA:69,0
LF:30
LH:0
BRDA:43,0,0,0
BRDA:21,1,0,0
BRDA:33,2,0,0
BRF:3
BRH:0
end_of_record
TN:
SF:src/engine/Input.ts
FN:9,(anonymous_0)
FN:13,(anonymous_1)
FN:14,(anonymous_2)
FN:21,(anonymous_3)
FN:27,(anonymous_4)
FN:37,(anonymous_5)
FN:44,(anonymous_6)
FN:51,(anonymous_7)
FN:58,(anonymous_8)
FN:87,(anonymous_9)
FNF:10
FNH:0
FNDA:0,(anonymous_0)
FNDA:0,(anonymous_1)
FNDA:0,(anonymous_2)
FNDA:0,(anonymous_3)
FNDA:0,(anonymous_4)
FNDA:0,(anonymous_5)
FNDA:0,(anonymous_6)
FNDA:0,(anonymous_7)
FNDA:0,(anonymous_8)
FNDA:0,(anonymous_9)
DA:4,0
DA:5,0
DA:6,0
DA:7,0
DA:10,0
DA:14,0
DA:15,0
DA:16,0
DA:18,0
DA:21,0
DA:22,0
DA:23,0
DA:27,0
DA:28,0
DA:29,0
DA:38,0
DA:45,0
DA:52,0
DA:59,0
DA:60,0
DA:63,0
DA:64,0
DA:65,0
DA:66,0
DA:69,0
DA:70,0
DA:71,0
DA:72,0
DA:75,0
DA:76,0
DA:77,0
DA:78,0
DA:81,0
DA:88,0
DA:89,0
LF:35
LH:0
BRDA:15,0,0,0
BRDA:28,1,0,0
BRDA:63,2,0,0
BRDA:64,3,0,0
BRDA:65,4,0,0
BRDA:66,5,0,0
BRDA:69,6,0,0
BRDA:70,7,0,0
BRDA:71,8,0,0
BRDA:72,9,0,0
BRDA:75,10,0,0
BRDA:75,11,0,0
BRDA:75,11,1,0
BRF:13
BRH:0
end_of_record
TN:
SF:src/engine/ParticleSystem.ts
FN:7,(anonymous_0)
FN:124,(anonymous_1)
FN:132,(anonymous_2)
FN:159,(anonymous_3)
FN:189,(anonymous_4)
FN:205,(anonymous_5)
FN:226,(anonymous_6)
FN:237,(anonymous_7)
FN:265,(anonymous_8)
FN:276,(anonymous_9)
FN:288,(anonymous_10)
FN:301,(anonymous_11)
FN:340,(anonymous_12)
FN:419,(anonymous_13)
FN:449,(anonymous_14)
FN:450,(anonymous_15)
FN:456,(anonymous_16)
FN:466,(anonymous_17)
FNF:18
FNH:0
FNDA:0,(anonymous_0)
FNDA:0,(anonymous_1)
FNDA:0,(anonymous_2)
FNDA:0,(anonymous_3)
FNDA:0,(anonymous_4)
FNDA:0,(anonymous_5)
FNDA:0,(anonymous_6)
FNDA:0,(anonymous_7)
FNDA:0,(anonymous_8)
FNDA:0,(anonymous_9)
FNDA:0,(anonymous_10)
FNDA:0,(anonymous_11)
FNDA:0,(anonymous_12)
FNDA:0,(anonymous_13)
FNDA:0,(anonymous_14)
FNDA:0,(anonymous_15)
FNDA:0,(anonymous_16)
FNDA:0,(anonymous_17)
DA:7,0
DA:8,0
DA:9,0
DA:10,0
DA:11,0
DA:12,0
DA:13,0
DA:14,0
DA:52,0
DA:53,0
DA:55,0
DA:58,0
DA:125,0
DA:126,0
DA:133,0
DA:134,0
DA:160,0
DA:161,0
DA:164,0
DA:165,0
DA:166,0
DA:167,0
DA:168,0
DA:169,0
DA:170,0
DA:171,0
DA:172,0
DA:173,0
DA:174,0
DA:175,0
DA:176,0
DA:177,0
DA:178,0
DA:179,0
DA:180,0
DA:183,0
DA:190,0
DA:191,0
DA:192,0
DA:194,0
DA:211,0
DA:212,0
DA:213,0
DA:215,0
DA:227,0
DA:238,0
DA:241,0
DA:248,0
DA:255,0
DA:266,0
DA:277,0
DA:289,0
DA:302,0
DA:303,0
DA:305,0
DA:308,0
DA:310,0
DA:311,0
DA:312,0
DA:316,0
DA:317,0
DA:320,0
DA:321,0
DA:322,0
DA:325,0
DA:328,0
DA:329,0
DA:330,0
DA:332,0
DA:341,0
DA:343,0
DA:344,0
DA:346,0
DA:348,0
DA:351,0
DA:352,0
DA:353,0
DA:355,0
DA:358,0
DA:361,0
DA:365,0
DA:366,0
DA:367,0
DA:368,0
DA:372,0
DA:373,0
DA:374,0
DA:375,0
DA:376,0
DA:381,0
DA:382,0
DA:383,0
DA:384,0
DA:385,0
DA:386,0
DA:390,0
DA:391,0
DA:392,0
DA:393,0
DA:394,0
DA:395,0
DA:399,0
DA:403,0
DA:404,0
DA:405,0
DA:406,0
DA:407,0
DA:408,0
DA:409,0
DA:413,0
DA:427,0
DA:429,0
DA:430,0
DA:431,0
DA:432,0
DA:433,0
DA:435,0
DA:436,0
DA:438,0
DA:442,0
DA:443,0
DA:450,0
DA:457,0
DA:458,0
DA:460,0
DA:467,0
LF:126
LH:0
BRDA:7,0,0,0
BRDA:7,0,1,0
BRDA:124,1,0,0
BRDA:168,2,0,0
BRDA:168,2,1,0
BRDA:169,3,0,0
BRDA:169,3,1,0
BRDA:170,4,0,0
BRDA:170,4,1,0
BRDA:170,4,2,0
BRDA:171,5,0,0
BRDA:171,5,1,0
BRDA:171,5,2,0
BRDA:173,6,0,0
BRDA:173,6,1,0
BRDA:173,6,2,0
BRDA:175,7,0,0
BRDA:175,7,1,0
BRDA:175,7,2,0
BRDA:176,8,0,0
BRDA:176,8,1,0
BRDA:176,8,2,0
BRDA:177,9,0,0
BRDA:177,9,1,0
BRDA:177,9,2,0
BRDA:178,10,0,0
BRDA:178,10,1,0
BRDA:178,10,2,0
BRDA:189,11,0,0
BRDA:209,12,0,0
BRDA:226,13,0,0
BRDA:237,14,0,0
BRDA:265,15,0,0
BRDA:305,16,0,0
BRDA:310,17,0,0
BRDA:329,18,0,0
BRDA:329,18,1,0
BRDA:346,19,0,0
BRDA:351,20,0,0
BRDA:351,20,1,0
BRDA:351,21,0,0
BRDA:351,21,1,0
BRDA:361,22,0,0
BRDA:361,22,1,0
BRDA:361,22,2,0
BRDA:361,22,3,0
BRDA:361,22,4,0
BRDA:361,22,5,0
BRDA:361,22,6,0
BRDA:431,23,0,0
BRDA:431,23,1,0
BRDA:435,24,0,0
BRDA:435,24,1,0
BRF:53
BRH:0
end_of_record
TN:
SF:src/engine/Physics.ts
FN:16,(anonymous_0)
FN:24,(anonymous_1)
FN:31,(anonymous_2)
FN:40,(anonymous_3)
FN:64,(anonymous_4)
FN:77,(anonymous_5)
FN:84,(anonymous_6)
FN:98,(anonymous_7)
FN:109,(anonymous_8)
FN:111,(anonymous_9)
FN:122,(anonymous_10)
FN:131,(anonymous_11)
FN:140,(anonymous_12)
FNF:13
FNH:12
FNDA:121,(anonymous_0)
FNDA:899,(anonymous_1)
FNDA:0,(anonymous_2)
FNDA:11671,(anonymous_3)
FNDA:7327,(anonymous_4)
FNDA:4344,(anonymous_5)
FNDA:8962,(anonymous_6)
FNDA:1482,(anonymous_7)
FNDA:4334,(anonymous_8)
FNDA:1476,(anonymous_9)
FNDA:751,(anonymous_10)
FNDA:6,(anonymous_11)
FNDA:7,(anonymous_12)
DA:12,2
DA:17,121
DA:18,121
DA:25,899
DA:32,0
DA:33,0
DA:34,0
DA:41,11671
DA:42,11671
DA:43,11671
DA:44,11671
DA:45,11671
DA:47,11671
DA:48,11671
DA:49,11671
DA:50,11671
DA:52,11671
DA:53,14126
DA:54,17969
DA:58,11671
DA:65,7327
DA:66,7327
DA:67,11569
DA:68,9552
DA:70,11569
DA:78,4344
DA:79,4344
DA:81,4344
DA:82,6400
DA:83,6400
DA:84,6392
DA:85,8962
DA:86,2570
DA:92,4344
DA:99,1482
DA:100,1482
DA:101,1482
DA:102,1482
DA:103,1482
DA:110,4334
DA:111,4334
DA:112,1476
DA:113,357
DA:116,4334
DA:123,751
DA:124,751
DA:125,751
DA:132,6
DA:133,6
DA:134,5
DA:141,7
LF:51
LH:48
BRDA:16,0,0,1
BRDA:67,1,0,9552
BRDA:83,2,0,6392
BRDA:85,3,0,2570
BRDA:112,4,0,357
BRDA:133,5,0,1
BRF:6
BRH:6
end_of_record
TN:
SF:src/engine/ScreenEffects.ts
FN:43,(anonymous_0)
FN:48,(anonymous_1)
FN:107,(anonymous_2)
FN:117,(anonymous_3)
FN:121,(anonymous_4)
FN:125,(anonymous_5)
FN:129,(anonymous_6)
FN:133,(anonymous_7)
FN:140,(anonymous_8)
FN:150,(anonymous_9)
FN:154,(anonymous_10)
FN:158,(anonymous_11)
FN:162,(anonymous_12)
FN:166,(anonymous_13)
FN:170,(anonymous_14)
FN:177,(anonymous_15)
FN:186,(anonymous_16)
FN:190,(anonymous_17)
FN:194,(anonymous_18)
FN:201,(anonymous_19)
FN:210,(anonymous_20)
FN:217,(anonymous_21)
FN:225,(anonymous_22)
FN:234,(anonymous_23)
FN:247,(anonymous_24)
FN:258,(anonymous_25)
FN:265,(anonymous_26)
FN:272,(anonymous_27)
FN:279,(anonymous_28)
FN:286,(anonymous_29)
FN:305,(anonymous_30)
FN:311,(anonymous_31)
FN:318,(anonymous_32)
FN:324,(anonymous_33)
FN:331,(anonymous_34)
FNF:35
FNH:0
FNDA:0,(anonymous_0)
FNDA:0,(anonymous_1)
FNDA:0,(anonymous_2)
FNDA:0,(anonymous_3)
FNDA:0,(anonymous_4)
FNDA:0,(anonymous_5)
FNDA:0,(anonymous_6)
FNDA:0,(anonymous_7)
FNDA:0,(anonymous_8)
FNDA:0,(anonymous_9)
FNDA:0,(anonymous_10)
FNDA:0,(anonymous_11)
FNDA:0,(anonymous_12)
FNDA:0,(anonymous_13)
FNDA:0,(anonymous_14)
FNDA:0,(anonymous_15)
FNDA:0,(anonymous_16)
FNDA:0,(anonymous_17)
FNDA:0,(anonymous_18)
FNDA:0,(anonymous_19)
FNDA:0,(anonymous_20)
FNDA:0,(anonymous_21)
FNDA:0,(anonymous_22)
FNDA:0,(anonymous_23)
FNDA:0,(anonymous_24)
FNDA:0,(anonymous_25)
FNDA:0,(anonymous_26)
FNDA:0,(anonymous_27)
FNDA:0,(anonymous_28)
FNDA:0,(anonymous_29)
FNDA:0,(anonymous_30)
FNDA:0,(anonymous_31)
FNDA:0,(anonymous_32)
FNDA:0,(anonymous_33)
FNDA:0,(anonymous_34)
DA:12,0
DA:14,0
DA:15,0
DA:16,0
DA:17,0
DA:18,0
DA:19,0
DA:22,0
DA:23,0
DA:24,0
DA:25,0
DA:28,0
DA:29,0
DA:30,0
DA:33,0
DA:34,0
DA:35,0
DA:36,0
DA:39,0
DA:40,0
DA:41,0
DA:50,0
DA:51,0
DA:52,0
DA:54,0
DA:55,0
DA:56,0
DA:57,0
DA:60,0
DA:61,0
DA:66,0
DA:67,0
DA:68,0
DA:69,0
DA:70,0
DA:75,0
DA:76,0
DA:77,0
DA:78,0
DA:79,0
DA:84,0
DA:85,0
DA:86,0
DA:88,0
DA:89,0
DA:90,0
DA:95,0
DA:96,0
DA:97,0
DA:98,0
DA:99,0
DA:108,0
DA:109,0
DA:110,0
DA:111,0
DA:118,0
DA:122,0
DA:126,0
DA:130,0
DA:134,0
DA:141,0
DA:142,0
DA:143,0
DA:144,0
DA:151,0
DA:155,0
DA:159,0
DA:163,0
DA:167,0
DA:171,0
DA:178,0
DA:179,0
DA:180,0
DA:187,0
DA:191,0
DA:195,0
DA:202,0
DA:203,0
DA:204,0
DA:211,0
DA:218,0
DA:219,0
DA:226,0
DA:227,0
DA:235,0
DA:236,0
DA:237,0
DA:238,0
DA:239,0
DA:240,0
DA:248,0
DA:249,0
DA:250,0
DA:251,0
DA:259,0
DA:266,0
DA:273,0
DA:280,0
DA:287,0
DA:288,0
DA:289,0
DA:290,0
DA:291,0
DA:292,0
DA:293,0
DA:294,0
DA:295,0
DA:296,0
DA:297,0
DA:298,0
DA:299,0
DA:306,0
DA:307,0
DA:308,0
DA:312,0
DA:313,0
DA:314,0
DA:315,0
DA:319,0
DA:320,0
DA:321,0
DA:325,0
DA:326,0
DA:327,0
DA:328,0
DA:332,0
DA:333,0
DA:334,0
DA:335,0
LF:129
LH:0
BRDA:50,0,0,0
BRDA:54,1,0,0
BRDA:54,1,1,0
BRDA:66,2,0,0
BRDA:68,3,0,0
BRDA:75,4,0,0
BRDA:77,5,0,0
BRDA:84,6,0,0
BRDA:88,7,0,0
BRDA:95,8,0,0
BRDA:97,9,0,0
BRDA:110,10,0,0
BRDA:110,10,1,0
BRDA:140,11,0,0
BRDA:140,12,0,0
BRDA:201,13,0,0
BRDA:217,14,0,0
BRDA:226,15,0,0
BRDA:235,16,0,0
BRDA:235,17,0,0
BRDA:235,17,1,0
BRDA:248,18,0,0
BRF:22
BRH:0
end_of_record
TN:
SF:src/game/Game.ts
FN:44,(anonymous_0)
FN:65,(anonymous_1)
FN:75,(anonymous_2)
FN:84,(anonymous_3)
FN:121,(anonymous_4)
FN:144,(anonymous_5)
FN:164,(anonymous_6)
FN:183,(anonymous_7)
FN:202,(anonymous_8)
FN:232,(anonymous_9)
FN:243,(anonymous_10)
FN:251,(anonymous_11)
FN:253,(anonymous_12)
FN:260,(anonymous_13)
FN:265,(anonymous_14)
FN:279,(anonymous_15)
FN:287,(anonymous_16)
FN:307,(anonymous_17)
FN:322,(anonymous_18)
FN:329,(anonymous_19)
FNF:20
FNH:20
FNDA:64,(anonymous_0)
FNDA:54,(anonymous_1)
FNDA:899,(anonymous_2)
FNDA:898,(anonymous_3)
FNDA:895,(anonymous_4)
FNDA:249,(anonymous_5)
FNDA:895,(anonymous_6)
FNDA:895,(anonymous_7)
FNDA:172,(anonymous_8)
FNDA:983,(anonymous_9)
FNDA:3,(anonymous_10)
FNDA:3,(anonymous_11)
FNDA:3,(anonymous_12)
FNDA:30,(anonymous_13)
FNDA:52,(anonymous_14)
FNDA:3,(anonymous_15)
FNDA:1,(anonymous_16)
FNDA:6,(anonymous_17)
FNDA:3,(anonymous_18)
FNDA:3,(anonymous_19)
DA:4,1
DA:6,1
DA:7,1
DA:8,1
DA:9,1
DA:10,1
DA:11,1
DA:15,1
DA:16,64
DA:20,64
DA:21,64
DA:30,64
DA:31,64
DA:38,64
DA:41,64
DA:42,64
DA:45,64
DA:46,64
DA:49,64
DA:52,64
DA:53,64
DA:54,64
DA:55,64
DA:58,64
DA:59,64
DA:66,54
DA:67,54
DA:68,54
DA:69,54
DA:76,899
DA:77,898
DA:86,898
DA:89,898
DA:90,3
DA:91,3
DA:95,895
DA:98,895
DA:101,895
DA:104,895
DA:107,895
DA:110,895
DA:113,895
DA:114,2
DA:122,895
DA:123,895
DA:126,895
DA:127,249
DA:128,249
DA:129,249
DA:145,249
DA:147,249
DA:148,249
DA:150,249
DA:151,497
DA:152,497
DA:153,93
DA:154,93
DA:158,249
DA:165,895
DA:166,2820
DA:169,2820
DA:170,2820
DA:173,2820
DA:174,24
DA:175,24
DA:185,895
DA:188,895
DA:189,895
DA:190,2796
DA:192,895
DA:193,3432
DA:197,895
DA:198,3432
DA:199,3432
DA:201,3432
DA:202,172
DA:203,107
DA:205,105
DA:206,105
DA:209,105
DA:210,25
DA:211,25
DA:212,3
DA:217,105
DA:218,7
DA:220,98
DA:221,98
DA:228,895
DA:229,895
DA:231,895
DA:232,983
DA:233,242
DA:234,29
DA:235,29
DA:244,3
DA:245,3
DA:252,3
DA:253,3
DA:256,3
DA:260,30
DA:263,3
DA:265,52
DA:266,3
DA:270,3
DA:271,0
DA:272,0
DA:280,3
DA:282,2
DA:284,2
DA:286,1
DA:287,1
DA:288,1
DA:289,1
DA:293,1
DA:294,1
DA:298,2
DA:301,2
DA:308,6
DA:309,6
DA:310,6
DA:311,6
DA:312,6
DA:313,6
DA:314,6
DA:315,6
DA:316,6
DA:323,3
DA:330,3
LF:128
LH:126
BRDA:76,0,0,898
BRDA:89,1,0,3
BRDA:113,2,0,2
BRDA:126,3,0,249
BRDA:126,4,0,895
BRDA:126,4,1,250
BRDA:128,5,0,249
BRDA:145,6,0,0
BRDA:152,7,0,93
BRDA:173,8,0,24
BRDA:203,9,0,105
BRDA:209,10,0,25
BRDA:211,11,0,3
BRDA:217,12,0,7
BRDA:217,12,1,98
BRDA:233,13,0,29
BRDA:233,14,0,242
BRDA:233,14,1,240
BRDA:263,15,0,3
BRDA:270,16,0,3
BRDA:270,16,1,0
BRDA:280,17,0,1
BRDA:280,18,0,3
BRDA:280,18,1,3
BRDA:284,19,0,1
BRDA:284,19,1,1
BRDA:288,20,0,1
BRF:27
BRH:25
end_of_record
TN:
SF:src/game/Player.ts
FN:19,(anonymous_0)
FN:27,(anonymous_1)
FN:39,(anonymous_2)
FN:51,(anonymous_3)
FN:61,(anonymous_4)
FN:68,(anonymous_5)
FN:75,(anonymous_6)
FN:82,(anonymous_7)
FN:89,(anonymous_8)
FNF:9
FNH:9
FNDA:109,(anonymous_0)
FNDA:909,(anonymous_1)
FNDA:45,(anonymous_2)
FNDA:18,(anonymous_3)
FNDA:42,(anonymous_4)
FNDA:3,(anonymous_5)
FNDA:914,(anonymous_6)
FNDA:5,(anonymous_7)
FNDA:2,(anonymous_8)
DA:4,2
DA:7,109
DA:8,109
DA:10,109
DA:11,109
DA:13,109
DA:14,109
DA:15,109
DA:17,109
DA:20,109
DA:21,109
DA:28,909
DA:29,909
DA:32,909
DA:33,909
DA:40,45
DA:41,45
DA:42,18
DA:43,18
DA:45,27
DA:52,18
DA:53,18
DA:55,18
DA:62,42
DA:69,3
DA:76,914
DA:83,5
DA:91,2
DA:94,2
DA:95,2
DA:96,2
DA:97,2
DA:98,2
DA:99,2
DA:102,2
DA:103,2
DA:104,2
DA:105,2
DA:106,2
DA:109,2
DA:110,2
DA:111,2
DA:112,2
DA:113,2
DA:114,2
DA:116,2
LF:46
LH:46
BRDA:41,0,0,18
BRF:1
BRH:1
end_of_record
TN:
SF:src/game/Projectile.ts
FN:35,(anonymous_0)
FN:56,(anonymous_1)
FN:69,(anonymous_2)
FN:76,(anonymous_3)
FN:86,(anonymous_4)
FN:93,(anonymous_5)
FN:116,(anonymous_6)
FN:145,(anonymous_7)
FN:152,(anonymous_8)
FN:169,(anonymous_9)
FN:184,(anonymous_10)
FN:191,(anonymous_11)
FNF:12
FNH:12
FNDA:1362,(anonymous_0)
FNDA:6474,(anonymous_1)
FNDA:114,(anonymous_2)
FNDA:18,(anonymous_3)
FNDA:103,(anonymous_4)
FNDA:360,(anonymous_5)
FNDA:2,(anonymous_6)
FNDA:130,(anonymous_7)
FNDA:1661,(anonymous_8)
FNDA:1009,(anonymous_9)
FNDA:1819,(anonymous_10)
FNDA:21,(anonymous_11)
DA:17,3
DA:27,1362
DA:29,1362
DA:32,1362
DA:36,1362
DA:37,1362
DA:38,1362
DA:39,1362
DA:40,1362
DA:41,1362
DA:42,1362
DA:43,1362
DA:44,1362
DA:47,1362
DA:48,1362
DA:50,1362
DA:57,6474
DA:58,6474
DA:59,6474
DA:61,6474
DA:62,285
DA:70,114
DA:77,18
DA:78,18
DA:79,3
DA:87,103
DA:94,360
DA:95,360
DA:96,360
DA:97,360
DA:98,360
DA:99,360
DA:100,360
DA:101,360
DA:102,360
DA:104,360
DA:105,360
DA:107,360
DA:108,360
DA:109,360
DA:110,360
DA:117,2
DA:120,2
DA:121,2
DA:122,2
DA:123,2
DA:124,2
DA:125,2
DA:128,2
DA:129,2
DA:130,2
DA:131,2
DA:132,2
DA:133,2
DA:134,2
DA:135,2
DA:136,2
DA:138,2
DA:145,3
DA:146,130
DA:147,130
DA:155,1661
DA:156,354
DA:157,354
DA:159,1307
DA:162,1661
DA:163,1661
DA:170,1009
DA:171,6453
DA:172,6453
DA:174,6453
DA:175,379
DA:176,379
DA:185,1819
DA:192,21
DA:193,21
LF:76
LH:76
BRDA:42,0,0,1362
BRDA:42,0,1,1019
BRDA:43,1,0,1362
BRDA:43,1,1,1348
BRDA:44,2,0,1362
BRDA:44,2,1,1171
BRDA:61,3,0,285
BRDA:78,4,0,3
BRDA:100,5,0,360
BRDA:100,5,1,118
BRDA:101,6,0,360
BRDA:101,6,1,358
BRDA:102,7,0,360
BRDA:102,7,1,186
BRDA:155,8,0,354
BRDA:155,8,1,1307
BRDA:174,9,0,379
BRF:17
BRH:17
end_of_record
TN:
SF:src/game/Spawner.ts
FN:18,(anonymous_0)
FN:26,(anonymous_1)
FN:47,(anonymous_2)
FN:60,(anonymous_3)
FN:71,(anonymous_4)
FN:80,(anonymous_5)
FN:98,(anonymous_6)
FN:127,(anonymous_7)
FN:134,(anonymous_8)
FN:141,(anonymous_9)
FN:148,(anonymous_10)
FNF:11
FNH:11
FNDA:124,(anonymous_0)
FNDA:5011,(anonymous_1)
FNDA:5011,(anonymous_2)
FNDA:28,(anonymous_3)
FNDA:6,(anonymous_4)
FNDA:273,(anonymous_5)
FNDA:273,(anonymous_6)
FNDA:18,(anonymous_7)
FNDA:11,(anonymous_8)
FNDA:10,(anonymous_9)
FNDA:3,(anonymous_10)
DA:4,2
DA:5,2
DA:7,2
DA:8,124
DA:9,124
DA:10,124
DA:11,124
DA:12,124
DA:16,124
DA:19,124
DA:20,124
DA:28,5011
DA:31,5011
DA:33,5011
DA:34,273
DA:35,273
DA:39,5011
DA:40,3
DA:49,5011
DA:50,5011
DA:51,22
DA:52,22
DA:53,22
DA:62,28
DA:65,28
DA:72,6
DA:73,6
DA:74,6
DA:81,273
DA:82,273
DA:83,273
DA:86,273
DA:87,273
DA:88,273
DA:90,273
DA:91,273
DA:92,273
DA:99,273
DA:100,273
DA:102,273
DA:104,66
DA:105,66
DA:106,66
DA:108,74
DA:109,74
DA:110,74
DA:112,71
DA:113,71
DA:114,71
DA:116,62
DA:117,62
DA:118,62
DA:121,273
DA:128,18
DA:135,11
DA:142,10
DA:149,3
LF:57
LH:57
BRDA:33,0,0,273
BRDA:33,1,0,5011
BRDA:33,1,1,3110
BRDA:39,2,0,3
BRDA:39,3,0,5011
BRDA:39,3,1,3006
BRDA:50,4,0,22
BRDA:102,5,0,66
BRDA:102,5,1,74
BRDA:102,5,2,71
BRDA:102,5,3,62
BRF:11
BRH:11
end_of_record
TN:
SF:src/game/Synergy.ts
FN:46,(anonymous_0)
FN:52,(anonymous_1)
FN:53,(anonymous_2)
FN:57,(anonymous_3)
FN:68,(anonymous_4)
FN:69,(anonymous_5)
FN:95,(anonymous_6)
FN:96,(anonymous_7)
FN:102,(anonymous_8)
FN:109,(anonymous_9)
FN:124,(anonymous_10)
FN:139,(anonymous_11)
FN:154,(anonymous_12)
FNF:13
FNH:4
FNDA:64,(anonymous_0)
FNDA:2,(anonymous_1)
FNDA:3,(anonymous_2)
FNDA:12,(anonymous_3)
FNDA:0,(anonymous_4)
FNDA:0,(anonymous_5)
FNDA:0,(anonymous_6)
FNDA:0,(anonymous_7)
FNDA:0,(anonymous_8)
FNDA:0,(anonymous_9)
FNDA:0,(anonymous_10)
FNDA:0,(anonymous_11)
FNDA:0,(anonymous_12)
DA:13,1
DA:46,1
DA:47,64
DA:53,3
DA:54,2
DA:56,2
DA:57,12
DA:58,10
DA:59,0
DA:60,0
DA:69,0
DA:71,0
DA:72,0
DA:75,0
DA:78,0
DA:81,0
DA:84,0
DA:87,0
DA:96,0
DA:103,0
DA:110,0
DA:112,0
DA:113,0
DA:114,0
DA:118,0
DA:125,0
DA:127,0
DA:128,0
DA:129,0
DA:133,0
DA:140,0
DA:142,0
DA:143,0
DA:144,0
DA:148,0
DA:155,0
DA:157,0
DA:158,0
DA:159,0
DA:163,0
LF:40
LH:8
BRDA:58,0,0,0
BRDA:72,1,0,0
BRDA:72,1,1,0
BRDA:72,1,2,0
BRDA:72,1,3,0
BRDA:72,1,4,0
BRDA:112,2,0,0
BRDA:113,3,0,0
BRDA:127,4,0,0
BRDA:128,5,0,0
BRDA:142,6,0,0
BRDA:143,7,0,0
BRDA:157,8,0,0
BRDA:158,9,0,0
BRF:14
BRH:0
end_of_record
TN:
SF:src/game/Weapon.ts
FN:36,(anonymous_0)
FN:53,(anonymous_1)
FN:62,(anonymous_2)
FN:69,(anonymous_3)
FN:115,(anonymous_4)
FN:134,(anonymous_5)
FNF:6
FNH:6
FNDA:135,(anonymous_0)
FNDA:900,(anonymous_1)
FNDA:1188,(anonymous_2)
FNDA:290,(anonymous_3)
FNDA:11,(anonymous_4)
FNDA:3,(anonymous_5)
DA:20,2
DA:33,135
DA:34,135
DA:37,135
DA:38,135
DA:39,135
DA:40,135
DA:41,135
DA:42,135
DA:43,135
DA:44,135
DA:45,135
DA:46,135
DA:47,135
DA:54,900
DA:55,858
DA:63,1188
DA:76,290
DA:78,289
DA:79,289
DA:81,289
DA:82,305
DA:85,305
DA:86,23
DA:87,23
DA:88,282
DA:89,11
DA:92,305
DA:105,305
DA:108,289
DA:109,289
DA:116,11
DA:118,11
DA:120,7
DA:121,7
DA:123,2
DA:124,2
DA:126,2
DA:127,2
DA:135,3
LF:40
LH:40
BRDA:46,0,0,135
BRDA:46,0,1,76
BRDA:54,1,0,858
BRDA:76,2,0,1
BRDA:85,3,0,23
BRDA:85,3,1,282
BRDA:88,4,0,11
BRDA:118,5,0,7
BRDA:118,5,1,2
BRDA:118,5,2,2
BRF:10
BRH:10
end_of_record
TN:
SF:src/game/WeaponTypes.ts
FN:139,getWeaponStats
FN:146,getAllWeaponNames
FN:153,getRandomWeaponName
FN:154,(anonymous_3)
FNF:4
FNH:1
FNDA:105,getWeaponStats
FNDA:0,getAllWeaponNames
FNDA:0,getRandomWeaponName
FNDA:0,(anonymous_3)
DA:6,1
DA:139,1
DA:140,105
DA:146,1
DA:147,0
DA:153,1
DA:154,0
DA:155,0
DA:156,0
LF:9
LH:5
BRDA:140,0,0,105
BRDA:140,0,1,0
BRDA:153,1,0,0
BRDA:155,2,0,0
BRF:4
BRH:1
end_of_record
TN:
SF:src/game/Zombie.ts
FN:35,(anonymous_0)
FN:54,(anonymous_1)
FN:68,(anonymous_2)
FN:79,(anonymous_3)
FN:88,(anonymous_4)
FN:95,(anonymous_5)
FN:102,(anonymous_6)
FNF:7
FNH:7
FNDA:344,(anonymous_0)
FNDA:2840,(anonymous_1)
FNDA:123,(anonymous_2)
FNDA:2826,(anonymous_3)
FNDA:251,(anonymous_4)
FNDA:39,(anonymous_5)
FNDA:3,(anonymous_6)
DA:16,3
DA:30,344
DA:33,344
DA:36,344
DA:37,344
DA:38,344
DA:39,344
DA:40,344
DA:41,344
DA:42,344
DA:43,344
DA:44,344
DA:45,344
DA:46,344
DA:47,344
DA:48,344
DA:55,2840
DA:56,2840
DA:57,2840
DA:59,2840
DA:60,2678
DA:61,2678
DA:69,123
DA:70,123
DA:71,34
DA:72,34
DA:80,2826
DA:81,231
DA:89,251
DA:96,39
DA:103,3
DA:106,3
DA:107,3
DA:108,3
DA:109,3
DA:110,3
DA:111,3
DA:114,3
DA:115,3
DA:116,3
DA:118,3
DA:119,3
DA:120,3
DA:122,3
DA:123,3
DA:124,3
DA:126,3
LF:47
LH:47
BRDA:46,0,0,344
BRDA:46,0,1,4
BRDA:59,1,0,2678
BRDA:70,2,0,34
BRDA:80,3,0,231
BRDA:123,4,0,2
BRDA:123,4,1,1
BRDA:123,5,0,1
BRDA:123,5,1,0
BRF:9
BRH:8
end_of_record
TN:
SF:src/game/ZombieTypes.ts
FN:114,getZombieConfig
FN:121,getRandomZombieType
FNF:2
FNH:2
FNDA:273,getZombieConfig
FNDA:273,getRandomZombieType
DA:6,2
DA:114,2
DA:115,273
DA:121,2
DA:122,273
DA:124,273
DA:125,273
DA:126,273
DA:127,273
DA:128,273
DA:129,273
DA:130,273
DA:132,273
LF:13
LH:13
BRDA:115,0,0,273
BRDA:115,0,1,0
BRDA:124,1,0,54
BRDA:125,2,0,28
BRDA:126,3,0,14
BRDA:127,4,0,2
BRDA:128,5,0,2
BRDA:129,6,0,2
BRDA:130,7,0,2
BRF:9
BRH:8
end_of_record
TN:
SF:src/rendering/Effects.ts
FN:49,(anonymous_0)
FN:60,(anonymous_1)
FN:72,(anonymous_2)
FN:108,(anonymous_3)
FN:136,(anonymous_4)
FN:153,(anonymous_5)
FN:177,(anonymous_6)
FN:234,(anonymous_7)
FN:279,(anonymous_8)
FN:290,(anonymous_9)
FN:301,(anonymous_10)
FN:310,(anonymous_11)
FN:314,(anonymous_12)
FN:318,(anonymous_13)
FN:322,(anonymous_14)
FN:329,(anonymous_15)
FN:336,(anonymous_16)
FN:343,(anonymous_17)
FN:350,(anonymous_18)
FN:357,(anonymous_19)
FN:364,(anonymous_20)
FN:371,(anonymous_21)
FN:381,(anonymous_22)
FN:391,(anonymous_23)
FN:399,(anonymous_24)
FNF:25
FNH:0
FNDA:0,(anonymous_0)
FNDA:0,(anonymous_1)
FNDA:0,(anonymous_2)
FNDA:0,(anonymous_3)
FNDA:0,(anonymous_4)
FNDA:0,(anonymous_5)
FNDA:0,(anonymous_6)
FNDA:0,(anonymous_7)
FNDA:0,(anonymous_8)
FNDA:0,(anonymous_9)
FNDA:0,(anonymous_10)
FNDA:0,(anonymous_11)
FNDA:0,(anonymous_12)
FNDA:0,(anonymous_13)
FNDA:0,(anonymous_14)
FNDA:0,(anonymous_15)
FNDA:0,(anonymous_16)
FNDA:0,(anonymous_17)
FNDA:0,(anonymous_18)
FNDA:0,(anonymous_19)
FNDA:0,(anonymous_20)
FNDA:0,(anonymous_21)
FNDA:0,(anonymous_22)
FNDA:0,(anonymous_23)
FNDA:0,(anonymous_24)
DA:14,0
DA:16,0
DA:17,0
DA:18,0
DA:19,0
DA:22,0
DA:23,0
DA:26,0
DA:27,0
DA:28,0
DA:29,0
DA:32,0
DA:33,0
DA:34,0
DA:35,0
DA:38,0
DA:39,0
DA:42,0
DA:43,0
DA:46,0
DA:47,0
DA:50,0
DA:51,0
DA:52,0
DA:53,0
DA:54,0
DA:61,0
DA:62,0
DA:63,0
DA:64,0
DA:65,0
DA:73,0
DA:74,0
DA:77,0
DA:80,0
DA:81,0
DA:85,0
DA:86,0
DA:90,0
DA:91,0
DA:95,0
DA:96,0
DA:100,0
DA:101,0
DA:110,0
DA:111,0
DA:112,0
DA:116,0
DA:117,0
DA:118,0
DA:119,0
DA:124,0
DA:125,0
DA:126,0
DA:127,0
DA:128,0
DA:137,0
DA:138,0
DA:139,0
DA:142,0
DA:143,0
DA:144,0
DA:147,0
DA:154,0
DA:156,0
DA:157,0
DA:158,0
DA:160,0
DA:165,0
DA:166,0
DA:168,0
DA:169,0
DA:171,0
DA:181,0
DA:183,0
DA:184,0
DA:185,0
DA:188,0
DA:189,0
DA:192,0
DA:193,0
DA:196,0
DA:197,0
DA:200,0
DA:201,0
DA:202,0
DA:205,0
DA:206,0
DA:207,0
DA:210,0
DA:211,0
DA:212,0
DA:215,0
DA:216,0
DA:217,0
DA:220,0
DA:221,0
DA:222,0
DA:223,0
DA:228,0
DA:235,0
DA:236,0
DA:237,0
DA:239,0
DA:240,0
DA:243,0
DA:244,0
DA:245,0
DA:246,0
DA:247,0
DA:248,0
DA:252,0
DA:253,0
DA:254,0
DA:255,0
DA:256,0
DA:257,0
DA:259,0
DA:260,0
DA:261,0
DA:262,0
DA:263,0
DA:264,0
DA:265,0
DA:266,0
DA:269,0
DA:270,0
DA:273,0
DA:280,0
DA:281,0
DA:282,0
DA:283,0
DA:284,0
DA:291,0
DA:292,0
DA:302,0
DA:303,0
DA:304,0
DA:311,0
DA:315,0
DA:319,0
DA:323,0
DA:330,0
DA:337,0
DA:344,0
DA:351,0
DA:358,0
DA:365,0
DA:372,0
DA:373,0
DA:374,0
DA:382,0
DA:383,0
DA:384,0
DA:385,0
DA:392,0
DA:393,0
DA:400,0
LF:158
LH:0
BRDA:50,0,0,0
BRDA:50,0,1,0
BRDA:51,1,0,0
BRDA:51,1,1,0
BRDA:52,2,0,0
BRDA:52,2,1,0
BRDA:53,3,0,0
BRDA:53,3,1,0
BRDA:54,4,0,0
BRDA:54,4,1,0
BRDA:61,5,0,0
BRDA:80,6,0,0
BRDA:80,7,0,0
BRDA:80,7,1,0
BRDA:85,8,0,0
BRDA:90,9,0,0
BRDA:95,10,0,0
BRDA:100,11,0,0
BRDA:111,12,0,0
BRDA:116,13,0,0
BRDA:118,14,0,0
BRDA:124,15,0,0
BRDA:126,16,0,0
BRDA:181,17,0,0
BRDA:181,18,0,0
BRDA:181,18,1,0
BRDA:256,19,0,0
BRDA:290,20,0,0
BRDA:301,21,0,0
BRDA:373,22,0,0
BRF:30
BRH:0
end_of_record
TN:
SF:src/rendering/Renderer.ts
FN:9,(anonymous_0)
FN:76,(anonymous_1)
FN:121,(anonymous_2)
FN:131,(anonymous_3)
FN:144,(anonymous_4)
FN:153,(anonymous_5)
FN:206,(anonymous_6)
FN:222,(anonymous_7)
FN:236,(anonymous_8)
FN:243,(anonymous_9)
FN:257,(anonymous_10)
FN:281,(anonymous_11)
FN:312,(anonymous_12)
FN:346,(anonymous_13)
FN:377,(anonymous_14)
FN:405,(anonymous_15)
FN:412,(anonymous_16)
FN:419,(anonymous_17)
FN:426,(anonymous_18)
FN:433,(anonymous_19)
FN:445,(anonymous_20)
FN:452,(anonymous_21)
FN:459,(anonymous_22)
FN:466,(anonymous_23)
FNF:24
FNH:0
FNDA:0,(anonymous_0)
FNDA:0,(anonymous_1)
FNDA:0,(anonymous_2)
FNDA:0,(anonymous_3)
FNDA:0,(anonymous_4)
FNDA:0,(anonymous_5)
FNDA:0,(anonymous_6)
FNDA:0,(anonymous_7)
FNDA:0,(anonymous_8)
FNDA:0,(anonymous_9)
FNDA:0,(anonymous_10)
FNDA:0,(anonymous_11)
FNDA:0,(anonymous_12)
FNDA:0,(anonymous_13)
FNDA:0,(anonymous_14)
FNDA:0,(anonymous_15)
FNDA:0,(anonymous_16)
FNDA:0,(anonymous_17)
FNDA:0,(anonymous_18)
FNDA:0,(anonymous_19)
FNDA:0,(anonymous_20)
FNDA:0,(anonymous_21)
FNDA:0,(anonymous_22)
FNDA:0,(anonymous_23)
DA:9,0
DA:10,0
DA:11,0
DA:12,0
DA:13,0
DA:14,0
DA:15,0
DA:16,0
DA:17,0
DA:37,0
DA:44,0
DA:45,0
DA:46,0
DA:47,0
DA:50,0
DA:57,0
DA:58,0
DA:59,0
DA:60,0
DA:63,0
DA:77,0
DA:78,0
DA:79,0
DA:80,0
DA:81,0
DA:82,0
DA:83,0
DA:86,0
DA:87,0
DA:88,0
DA:90,0
DA:93,0
DA:94,0
DA:95,0
DA:96,0
DA:97,0
DA:98,0
DA:100,0
DA:103,0
DA:104,0
DA:105,0
DA:110,0
DA:111,0
DA:114,0
DA:115,0
DA:122,0
DA:123,0
DA:124,0
DA:132,0
DA:133,0
DA:134,0
DA:135,0
DA:136,0
DA:145,0
DA:146,0
DA:155,0
DA:158,0
DA:161,0
DA:164,0
DA:165,0
DA:166,0
DA:167,0
DA:170,0
DA:171,0
DA:172,0
DA:174,0
DA:175,0
DA:178,0
DA:181,0
DA:184,0
DA:185,0
DA:188,0
DA:189,0
DA:192,0
DA:195,0
DA:198,0
DA:199,0
DA:207,0
DA:208,0
DA:209,0
DA:210,0
DA:211,0
DA:213,0
DA:216,0
DA:223,0
DA:224,0
DA:226,0
DA:227,0
DA:228,0
DA:229,0
DA:237,0
DA:244,0
DA:245,0
DA:247,0
DA:248,0
DA:249,0
DA:250,0
DA:258,0
DA:260,0
DA:261,0
DA:263,0
DA:264,0
DA:265,0
DA:266,0
DA:268,0
DA:269,0
DA:270,0
DA:271,0
DA:272,0
DA:275,0
DA:290,0
DA:292,0
DA:293,0
DA:294,0
DA:297,0
DA:298,0
DA:299,0
DA:301,0
DA:302,0
DA:303,0
DA:304,0
DA:306,0
DA:320,0
DA:322,0
DA:323,0
DA:324,0
DA:327,0
DA:328,0
DA:329,0
DA:330,0
DA:331,0
DA:333,0
DA:334,0
DA:335,0
DA:336,0
DA:337,0
DA:340,0
DA:355,0
DA:357,0
DA:358,0
DA:359,0
DA:362,0
DA:363,0
DA:364,0
DA:366,0
DA:367,0
DA:368,0
DA:371,0
DA:386,0
DA:388,0
DA:389,0
DA:390,0
DA:393,0
DA:394,0
DA:395,0
DA:396,0
DA:397,0
DA:399,0
DA:406,0
DA:413,0
DA:420,0
DA:427,0
DA:434,0
DA:435,0
DA:436,0
DA:437,0
DA:438,0
DA:439,0
DA:446,0
DA:453,0
DA:460,0
DA:467,0
DA:468,0
DA:469,0
DA:470,0
DA:471,0
LF:176
LH:0
BRDA:9,0,0,0
BRDA:9,0,1,0
BRDA:80,1,0,0
BRDA:80,1,1,0
BRDA:81,2,0,0
BRDA:81,2,1,0
BRDA:82,3,0,0
BRDA:82,3,1,0
BRDA:83,4,0,0
BRDA:83,4,1,0
BRDA:87,5,0,0
BRDA:97,6,0,0
BRDA:104,7,0,0
BRDA:123,8,0,0
BRDA:133,9,0,0
BRDA:135,10,0,0
BRDA:170,11,0,0
BRDA:171,12,0,0
BRDA:188,13,0,0
BRDA:188,14,0,0
BRDA:188,14,1,0
BRDA:198,15,0,0
BRDA:207,16,0,0
BRDA:207,16,1,0
BRDA:224,17,0,0
BRDA:247,18,0,0
BRDA:261,19,0,0
BRDA:261,19,1,0
BRDA:268,20,0,0
BRDA:287,21,0,0
BRDA:288,22,0,0
BRDA:292,23,0,0
BRDA:317,24,0,0
BRDA:318,25,0,0
BRDA:322,26,0,0
BRDA:327,27,0,0
BRDA:327,27,1,0
BRDA:352,28,0,0
BRDA:353,29,0,0
BRDA:357,30,0,0
BRDA:362,31,0,0
BRDA:362,31,1,0
BRDA:382,32,0,0
BRDA:383,33,0,0
BRDA:384,34,0,0
BRDA:388,35,0,0
BRDA:466,36,0,0
BRF:47
BRH:0
end_of_record
TN:
SF:src/ui/GameOverUI.ts
FN:8,(anonymous_0)
FN:16,(anonymous_1)
FN:67,(anonymous_2)
FN:124,(anonymous_3)
FN:179,(anonymous_4)
FNF:5
FNH:0
FNDA:0,(anonymous_0)
FNDA:0,(anonymous_1)
FNDA:0,(anonymous_2)
FNDA:0,(anonymous_3)
FNDA:0,(anonymous_4)
DA:4,0
DA:9,0
DA:10,0
DA:22,0
DA:25,0
DA:26,0
DA:29,0
DA:30,0
DA:31,0
DA:32,0
DA:33,0
DA:34,0
DA:35,0
DA:38,0
DA:39,0
DA:40,0
DA:42,0
DA:43,0
DA:45,0
DA:46,0
DA:47,0
DA:48,0
DA:49,0
DA:50,0
DA:52,0
DA:53,0
DA:54,0
DA:57,0
DA:58,0
DA:59,0
DA:61,0
DA:72,0
DA:75,0
DA:76,0
DA:79,0
DA:80,0
DA:81,0
DA:82,0
DA:83,0
DA:84,0
DA:85,0
DA:86,0
DA:89,0
DA:90,0
DA:91,0
DA:92,0
DA:95,0
DA:96,0
DA:97,0
DA:99,0
DA:100,0
DA:102,0
DA:103,0
DA:104,0
DA:105,0
DA:106,0
DA:109,0
DA:110,0
DA:111,0
DA:114,0
DA:115,0
DA:116,0
DA:118,0
DA:125,0
DA:128,0
DA:129,0
DA:132,0
DA:135,0
DA:136,0
DA:137,0
DA:138,0
DA:139,0
DA:140,0
DA:141,0
DA:143,0
DA:144,0
DA:145,0
DA:148,0
DA:149,0
DA:150,0
DA:151,0
DA:154,0
DA:155,0
DA:156,0
DA:157,0
DA:158,0
DA:159,0
DA:160,0
DA:161,0
DA:162,0
DA:165,0
DA:166,0
DA:167,0
DA:168,0
DA:169,0
DA:170,0
DA:173,0
DA:180,0
DA:181,0
DA:183,0
DA:184,0
DA:185,0
DA:188,0
DA:189,0
DA:190,0
DA:191,0
DA:192,0
DA:193,0
DA:197,0
DA:198,0
DA:199,0
DA:200,0
DA:201,0
DA:202,0
DA:205,0
LF:115
LH:0
BRDA:165,0,0,0
BRF:1
BRH:0
end_of_record
TN:
SF:src/ui/HUD.ts
FN:10,(anonymous_0)
FN:18,(anonymous_1)
FN:45,(anonymous_2)
FN:90,(anonymous_3)
FN:127,(anonymous_4)
FN:141,(anonymous_5)
FN:172,(anonymous_6)
FN:190,(anonymous_7)
FN:205,(anonymous_8)
FNF:9
FNH:0
FNDA:0,(anonymous_0)
FNDA:0,(anonymous_1)
FNDA:0,(anonymous_2)
FNDA:0,(anonymous_3)
FNDA:0,(anonymous_4)
FNDA:0,(anonymous_5)
FNDA:0,(anonymous_6)
FNDA:0,(anonymous_7)
FNDA:0,(anonymous_8)
DA:6,0
DA:11,0
DA:12,0
DA:19,0
DA:22,0
DA:25,0
DA:28,0
DA:31,0
DA:34,0
DA:37,0
DA:39,0
DA:46,0
DA:47,0
DA:48,0
DA:49,0
DA:52,0
DA:53,0
DA:56,0
DA:57,0
DA:59,0
DA:60,0
DA:61,0
DA:62,0
DA:63,0
DA:64,0
DA:65,0
DA:67,0
DA:68,0
DA:71,0
DA:72,0
DA:75,0
DA:76,0
DA:77,0
DA:80,0
DA:81,0
DA:82,0
DA:83,0
DA:84,0
DA:91,0
DA:92,0
DA:93,0
DA:94,0
DA:97,0
DA:98,0
DA:101,0
DA:102,0
DA:104,0
DA:105,0
DA:106,0
DA:108,0
DA:109,0
DA:112,0
DA:113,0
DA:114,0
DA:117,0
DA:118,0
DA:119,0
DA:120,0
DA:121,0
DA:128,0
DA:129,0
DA:131,0
DA:132,0
DA:133,0
DA:134,0
DA:135,0
DA:142,0
DA:143,0
DA:144,0
DA:145,0
DA:147,0
DA:149,0
DA:150,0
DA:153,0
DA:154,0
DA:157,0
DA:158,0
DA:159,0
DA:162,0
DA:163,0
DA:164,0
DA:165,0
DA:166,0
DA:173,0
DA:174,0
DA:176,0
DA:177,0
DA:178,0
DA:179,0
DA:180,0
DA:182,0
DA:183,0
DA:184,0
DA:191,0
DA:192,0
DA:194,0
DA:195,0
DA:196,0
DA:197,0
DA:199,0
DA:206,0
DA:209,0
DA:210,0
DA:213,0
DA:214,0
DA:215,0
DA:216,0
DA:217,0
DA:218,0
DA:219,0
DA:222,0
DA:223,0
DA:224,0
DA:225,0
DA:228,0
DA:229,0
DA:230,0
DA:231,0
DA:232,0
DA:234,0
LF:120
LH:0
BRDA:60,0,0,0
BRDA:60,0,1,0
BRDA:63,1,0,0
BRDA:63,1,1,0
BRDA:157,2,0,0
BRDA:157,2,1,0
BRDA:162,3,0,0
BRDA:162,3,1,0
BRF:8
BRH:0
end_of_record
TN:
SF:src/ui/LevelUpUI.ts
FN:12,(anonymous_0)
FN:20,(anonymous_1)
FN:64,(anonymous_2)
FN:82,(anonymous_3)
FN:127,(anonymous_4)
FN:165,(anonymous_5)
FN:172,(anonymous_6)
FN:197,(anonymous_7)
FNF:8
FNH:0
FNDA:0,(anonymous_0)
FNDA:0,(anonymous_1)
FNDA:0,(anonymous_2)
FNDA:0,(anonymous_3)
FNDA:0,(anonymous_4)
FNDA:0,(anonymous_5)
FNDA:0,(anonymous_6)
FNDA:0,(anonymous_7)
DA:4,0
DA:6,0
DA:9,0
DA:10,0
DA:13,0
DA:14,0
DA:21,0
DA:22,0
DA:23,0
DA:26,0
DA:29,0
DA:30,0
DA:33,0
DA:34,0
DA:35,0
DA:36,0
DA:37,0
DA:38,0
DA:39,0
DA:42,0
DA:43,0
DA:44,0
DA:45,0
DA:48,0
DA:51,0
DA:52,0
DA:53,0
DA:55,0
DA:58,0
DA:65,0
DA:66,0
DA:67,0
DA:68,0
DA:69,0
DA:71,0
DA:72,0
DA:73,0
DA:75,0
DA:90,0
DA:93,0
DA:94,0
DA:97,0
DA:98,0
DA:99,0
DA:100,0
DA:101,0
DA:103,0
DA:104,0
DA:107,0
DA:108,0
DA:109,0
DA:110,0
DA:112,0
DA:113,0
DA:114,0
DA:115,0
DA:116,0
DA:118,0
DA:119,0
DA:120,0
DA:121,0
DA:127,0
DA:131,0
DA:132,0
DA:133,0
DA:134,0
DA:135,0
DA:138,0
DA:139,0
DA:140,0
DA:143,0
DA:144,0
DA:145,0
DA:146,0
DA:147,0
DA:148,0
DA:149,0
DA:153,0
DA:154,0
DA:155,0
DA:156,0
DA:157,0
DA:159,0
DA:167,0
DA:168,0
DA:172,0
DA:173,0
DA:174,0
DA:175,0
DA:176,0
DA:178,0
DA:179,0
DA:180,0
DA:181,0
DA:183,0
DA:184,0
DA:185,0
DA:186,0
DA:191,0
DA:198,0
DA:199,0
DA:200,0
LF:102
LH:0
BRDA:21,0,0,0
BRDA:93,1,0,0
BRDA:93,1,1,0
BRDA:97,2,0,0
BRDA:97,2,1,0
BRDA:98,3,0,0
BRDA:98,3,1,0
BRDA:99,4,0,0
BRDA:112,5,0,0
BRDA:112,5,1,0
BRDA:125,6,0,0
BRDA:125,6,1,0
BRDA:126,7,0,0
BRDA:126,7,1,0
BRDA:131,8,0,0
BRDA:131,8,1,0
BRDA:167,9,0,0
BRDA:173,10,0,0
BRDA:173,10,1,0
BRDA:173,11,0,0
BRDA:173,11,1,0
BRDA:174,12,0,0
BRDA:178,13,0,0
BRDA:178,13,1,0
BRDA:178,14,0,0
BRDA:178,14,1,0
BRDA:179,15,0,0
BRDA:183,16,0,0
BRDA:183,17,0,0
BRDA:183,17,1,0
BRDA:184,18,0,0
BRDA:198,19,0,0
BRF:32
BRH:0
end_of_record
TN:
SF:src/utils/Colors.ts
FN:99,(anonymous_0)
FN:111,(anonymous_1)
FN:128,(anonymous_2)
FN:136,(anonymous_3)
FN:158,(anonymous_4)
FNF:5
FNH:0
FNDA:0,(anonymous_0)
FNDA:0,(anonymous_1)
FNDA:0,(anonymous_2)
FNDA:0,(anonymous_3)
FNDA:0,(anonymous_4)
DA:6,0
DA:101,0
DA:102,0
DA:103,0
DA:104,0
DA:105,0
DA:112,0
DA:122,0
DA:129,0
DA:130,0
DA:137,0
DA:138,0
DA:140,0
DA:141,0
DA:142,0
DA:144,0
DA:145,0
DA:146,0
DA:148,0
DA:149,0
DA:150,0
DA:152,0
DA:159,0
DA:161,0
DA:164,0
DA:170,0
LF:26
LH:0
BRDA:159,0,0,0
BRDA:159,0,1,0
BRF:2
BRH:0
end_of_record
